
           ___      .______        ______  __    __  .______      
          /   \     |   _  \      /      ||  |  |  | |   _  \     
         /  ^  \    |  |_)  |    |  ,----'|  |__|  | |  |_)  |    
        /  /_\  \   |      /     |  |     |   __   | |      /     
       /  _____  \  |  |\  \\___ |  `----.|  |  |  | |  |\  \\___.
      /__/     \__\ | _| `._____| \______||__|  |__| | _| `._____|
    
Logging With ArchR!

Start Time : 2020-12-03 15:20:54

------- ArchR Info

ArchRThreads = 4
ArchRGenome = Mm10

------- System Info

Computer OS = unix
Total Cores = 8

------- Session Info

R version 3.6.2 (2019-12-12)
Platform: x86_64-apple-darwin15.6.0 (64-bit)
Running under: macOS Mojave 10.14.5

Matrix products: default
BLAS:   /System/Library/Frameworks/Accelerate.framework/Versions/A/Frameworks/vecLib.framework/Versions/A/libBLAS.dylib
LAPACK: /Library/Frameworks/R.framework/Versions/3.6/Resources/lib/libRlapack.dylib

locale:
[1] en_US.UTF-8/en_US.UTF-8/en_US.UTF-8/C/en_US.UTF-8/en_US.UTF-8

attached base packages:
 [1] grid      parallel  stats4    stats     graphics  grDevices utils     datasets  methods   base     

other attached packages:
 [1] BSgenome.Mmusculus.UCSC.mm10_1.4.0 BSgenome_1.54.0                    rtracklayer_1.46.0                
 [4] Biostrings_2.54.0                  XVector_0.26.0                     ggalluvial_0.12.0                 
 [7] patchwork_1.0.0                    Seurat_3.1.5                       Signac_0.2.5                      
[10] harmony_1.0                        Rcpp_1.0.3                         scater_1.14.6                     
[13] uwot_0.1.5                         scran_1.14.5                       forcats_0.4.0                     
[16] stringr_1.4.0                      dplyr_0.8.4                        purrr_0.3.3                       
[19] readr_1.3.1                        tidyr_1.0.2                        tibble_2.1.3                      
[22] tidyverse_1.3.0                    irlba_2.3.3                        gridExtra_2.3                     
[25] wesanderson_0.3.6                  pheatmap_1.0.12                    RColorBrewer_1.1-2                
[28] clusterExperiment_2.6.1            bigmemory_4.5.36                   rgl_0.100.30                      
[31] cowplot_1.0.0                      SingleCellExperiment_1.8.0         slingshot_1.5.2                   
[34] princurve_2.1.4                    edgeR_3.28.0                       limma_3.42.1                      
[37] UpSetR_1.4.0                       ArchR_0.9.5                        magrittr_1.5                      
[40] rhdf5_2.30.1                       Matrix_1.2-18                      data.table_1.12.8                 
[43] SummarizedExperiment_1.16.1        DelayedArray_0.12.2                BiocParallel_1.20.1               
[46] matrixStats_0.56.0                 Biobase_2.46.0                     GenomicRanges_1.38.0              
[49] GenomeInfoDb_1.22.0                IRanges_2.20.2                     S4Vectors_0.24.3                  
[52] BiocGenerics_0.32.0                ggplot2_3.3.2                     

loaded via a namespace (and not attached):
  [1] pkgmaker_0.31            acepack_1.4.1            bit64_0.9-7              knitr_1.28              
  [5] rpart_4.1-15             RCurl_1.98-1.1           doParallel_1.0.15        generics_0.0.2          
  [9] RSQLite_2.2.0            RANN_2.6.1               future_1.16.0            ggfittext_0.9.0         
 [13] bit_1.1-15.2             phylobase_0.8.6          webshot_0.5.2            xml2_1.3.2              
 [17] lubridate_1.7.4          httpuv_1.5.2             assertthat_0.2.1         viridis_0.5.1           
 [21] xfun_0.12                hms_0.5.3                evaluate_0.14            promises_1.1.0          
 [25] fansi_0.4.1              progress_1.2.2           caTools_1.18.0           dbplyr_1.4.2            
 [29] readxl_1.3.1             igraph_1.2.4.2           DBI_1.1.0                htmlwidgets_1.5.1       
 [33] ellipsis_0.3.0           gggenes_0.4.0            RSpectra_0.16-0          crosstalk_1.0.0         
 [37] backports_1.1.5          annotate_1.64.0          gridBase_0.4-7           locfdr_1.1-8            
 [41] RcppParallel_4.4.4       vctrs_0.2.2              ROCR_1.0-7               here_0.1                
 [45] Cairo_1.5-10             withr_2.1.2              packrat_0.5.0            checkmate_2.0.0         
 [49] sctransform_0.2.1        GenomicAlignments_1.22.1 prettyunits_1.1.1        softImpute_1.4          
 [53] cluster_2.1.0            ape_5.3                  lazyeval_0.2.2           crayon_1.3.4            
 [57] genefilter_1.68.0        pkgconfig_2.0.3          labeling_0.3             nlme_3.1-142            
 [61] vipor_0.4.5              nnet_7.3-12              globals_0.12.5           rafalib_1.0.0           
 [65] rlang_0.4.4.9000         lifecycle_0.1.0          miniUI_0.1.1.1           registry_0.5-1          
 [69] bigmemory.sri_0.1.3      modelr_0.1.5             rsvd_1.0.2               cellranger_1.1.0        
 [73] rprojroot_1.3-2          lmtest_0.9-37            rngtools_1.5             ggseqlogo_0.1           
 [77] zoo_1.8-7                Rhdf5lib_1.8.0           reprex_0.3.0             base64enc_0.1-3         
 [81] beeswarm_0.2.3           ggridges_0.5.2           GlobalOptions_0.1.1      png_0.1-7               
 [85] viridisLite_0.3.0        rjson_0.2.20             bitops_1.0-6             KernSmooth_2.23-16      
 [89] rncl_0.8.3               blob_1.2.1               DelayedMatrixStats_1.8.0 shape_1.4.4             
 [93] manipulateWidget_0.10.0  zinbwave_1.11.6          jpeg_0.1-8.1             scales_1.1.0            
 [97] ica_1.0-2                memoise_1.1.0            plyr_1.8.5               gplots_3.0.1.2          
[101] howmany_0.3-1            gdata_2.18.0             bibtex_0.4.2.2           zlibbioc_1.32.0         
[105] compiler_3.6.2           lsei_1.2-0               dqrng_0.2.1              clue_0.3-57             
[109] fitdistrplus_1.0-14      Rsamtools_2.2.1          cli_2.0.1                ade4_1.7-13             
[113] listenv_0.8.0            pbapply_1.4-2            htmlTable_1.13.3         Formula_1.2-3           
[117] MASS_7.3-51.4            tidyselect_1.0.0         stringi_1.4.5            yaml_2.2.1              
[121] BiocSingular_1.2.1       locfit_1.5-9.1           latticeExtra_0.6-29      ggrepel_0.8.1           
[125] tools_3.6.2              future.apply_1.4.0       circlize_0.4.8           rstudioapi_0.11         
[129] uuid_0.1-2               foreach_1.4.7            foreign_0.8-72           RNeXML_2.4.2            
[133] Rtsne_0.15               farver_2.0.3             digest_0.6.23            FNN_1.1.3               
[137] shiny_1.4.0              broom_0.5.4              later_1.0.0              RcppAnnoy_0.0.14        
[141] httr_1.4.1               AnnotationDbi_1.48.0     ComplexHeatmap_2.3.1     npsurv_0.4-0            
[145] kernlab_0.9-29           colorspace_1.4-1         reticulate_1.14          rvest_0.3.5             
[149] XML_3.99-0.3             fs_1.3.1                 splines_3.6.2            statmod_1.4.33          
[153] plotly_4.9.1             xtable_1.8-4             jsonlite_1.6.1           R6_2.4.1                
[157] Hmisc_4.3-1              pillar_1.4.3             htmltools_0.4.0          mime_0.9                
[161] NMF_0.21.0               glue_1.3.1               fastmap_1.0.1            BiocNeighbors_1.4.1     
[165] codetools_0.2-16         tsne_0.1-3               lattice_0.20-38          ggbeeswarm_0.6.0        
[169] leiden_0.3.4             gtools_3.8.1             survival_3.1-8           rmarkdown_2.1           
[173] munsell_0.5.0            GetoptLong_0.1.8         GenomeInfoDbData_1.2.2   iterators_1.0.12        
[177] HDF5Array_1.14.1         haven_2.2.0              reshape2_1.4.3           gtable_0.3.0            


------- Log Info


2020-12-03 15:20:54 : ReproduciblePeakSet Args, Class = list

ReproduciblePeakSet Args$ArchRProj: length = 1
class: ArchRProject 
outputDirectory: /Users/koenvandenberge/Dropbox/research/brainStat/hbcRegenGithub/data/scATAC/archR_samples_pairwise_v2 
samples(6): s1Inj s3Inj ... s2Inj s1UI
sampleColData names(1): ArrowFiles
cellColData names(22): Sample TSSEnrichment ... FRIP predAnn
numberOfCells(1): 1
medianTSS(1): 13.414
medianFrags(1): 97573


ReproduciblePeakSet Args$groupBy: length = 1
[1] "predAnn"


ReproduciblePeakSet Args$peakMethod: length = 1
[1] "Macs2"


ReproduciblePeakSet Args$reproducibility: length = 1
[1] "2"


ReproduciblePeakSet Args$peaksPerCell: length = 1
[1] 500


ReproduciblePeakSet Args$maxPeaks: length = 1
[1] 150000


ReproduciblePeakSet Args$minCells: length = 1
[1] 25


ReproduciblePeakSet Args$excludeChr: length = 2
[1] "chrM" "chrY"


ReproduciblePeakSet Args$pathToMacs2: length = 1
[1] "/Users/koenvandenberge/opt/anaconda3/bin/macs2"


ReproduciblePeakSet Args$genomeSize: length = 0
NULL


ReproduciblePeakSet Args$shift: length = 1
[1] -75


ReproduciblePeakSet Args$extsize: length = 1
[1] 150


ReproduciblePeakSet Args$method: length = 1
[1] "q"


ReproduciblePeakSet Args$cutOff: length = 1
[1] 0.1


ReproduciblePeakSet Args$additionalParams: length = 1
[1] "--nomodel --nolambda"


ReproduciblePeakSet Args$extendSummits: length = 1
[1] 250


ReproduciblePeakSet Args$promoterRegion: length = 2
[1] 2000  100


ReproduciblePeakSet Args$plot: length = 1
[1] TRUE


ReproduciblePeakSet Args$threads: length = 1
[1] 4


ReproduciblePeakSet Args$parallelParam: length = 0
NULL


ReproduciblePeakSet Args$force: length = 1
[1] FALSE


ReproduciblePeakSet Args$verbose: length = 1
[1] FALSE


ReproduciblePeakSet Args$logFile: length = 1
[1] "ArchRLogs/ArchR-addReproduciblePeakSet-15cac4260bbc5-Date-2020-12-03_Time-15-20-54.log"



2020-12-03 15:20:54 : 
2020-12-03 15:20:54 : Peak Calling Parameters!, 0.006 mins elapsed.

2020-12-03 15:20:54 : PeakCallSummary, Class = data.frame
PeakCallSummary: nRows = 5, nCols = 7


2020-12-03 15:20:54 : Batching Peak Calls!, 0.006 mins elapsed.

2020-12-03 15:20:54 : PeakArgs, Class = list

PeakArgs$X: length = 20
[1] 1 2 3 4 5 6


PeakArgs$FUN: length = 1
                                                                                
1 function (i = NULL, coverageFiles = NULL, outFiles = NULL, peakParams = NULL, 
2     bedDir = NULL, excludeChr = NULL, subThreads = 1, tstart = NULL,          
3     logFile = NULL)                                                           
4 {                                                                             
5     .logDiffTime(sprintf("Group %s of %s, Calling Peaks with MACS2!",         
6         i, length(coverageFiles)), tstart, verbose = TRUE, logFile = logFile) 


PeakArgs$coverageFiles: length = 20
                                                                                                                                                          C1_Inj._.s1Inj 
   "/Users/koenvandenberge/Dropbox/research/brainStat/hbcRegenGithub/data/scATAC/archR_samples_pairwise_v2/GroupCoverages/predAnn/C1_Inj._.s1Inj.insertions.coverage.h5" 
                                                                                                                                                          C1_Inj._.s2Inj 
   "/Users/koenvandenberge/Dropbox/research/brainStat/hbcRegenGithub/data/scATAC/archR_samples_pairwise_v2/GroupCoverages/predAnn/C1_Inj._.s2Inj.insertions.coverage.h5" 
                                                                                                                                                          C1_Inj._.s3Inj 
   "/Users/koenvandenberge/Dropbox/research/brainStat/hbcRegenGithub/data/scATAC/archR_samples_pairwise_v2/GroupCoverages/predAnn/C1_Inj._.s3Inj.insertions.coverage.h5" 
                                                                                                                                                          C1_Inj._.Other 
   "/Users/koenvandenberge/Dropbox/research/brainStat/hbcRegenGithub/data/scATAC/archR_samples_pairwise_v2/GroupCoverages/predAnn/C1_Inj._.Other.insertions.coverage.h5" 
                                                                                                                                                       C2_Hybrid._.s1Inj 
"/Users/koenvandenberge/Dropbox/research/brainStat/hbcRegenGithub/data/scATAC/archR_samples_pairwise_v2/GroupCoverages/predAnn/C2_Hybrid._.s1Inj.insertions.coverage.h5" 
                                                                                                                                                       C2_Hybrid._.s3Inj 
"/Users/koenvandenberge/Dropbox/research/brainStat/hbcRegenGithub/data/scATAC/archR_samples_pairwise_v2/GroupCoverages/predAnn/C2_Hybrid._.s3Inj.insertions.coverage.h5" 


PeakArgs$outFiles: length = 20
[1] "/Users/koenvandenberge/Dropbox/research/brainStat/hbcRegenGithub/data/scATAC/archR_samples_pairwise_v2/PeakCalls/ReplicateCalls/C1_Inj._.s1Inj-summits.rds"   
[2] "/Users/koenvandenberge/Dropbox/research/brainStat/hbcRegenGithub/data/scATAC/archR_samples_pairwise_v2/PeakCalls/ReplicateCalls/C1_Inj._.s2Inj-summits.rds"   
[3] "/Users/koenvandenberge/Dropbox/research/brainStat/hbcRegenGithub/data/scATAC/archR_samples_pairwise_v2/PeakCalls/ReplicateCalls/C1_Inj._.s3Inj-summits.rds"   
[4] "/Users/koenvandenberge/Dropbox/research/brainStat/hbcRegenGithub/data/scATAC/archR_samples_pairwise_v2/PeakCalls/ReplicateCalls/C1_Inj._.Other-summits.rds"   
[5] "/Users/koenvandenberge/Dropbox/research/brainStat/hbcRegenGithub/data/scATAC/archR_samples_pairwise_v2/PeakCalls/ReplicateCalls/C2_Hybrid._.s1Inj-summits.rds"
[6] "/Users/koenvandenberge/Dropbox/research/brainStat/hbcRegenGithub/data/scATAC/archR_samples_pairwise_v2/PeakCalls/ReplicateCalls/C2_Hybrid._.s3Inj-summits.rds"


PeakArgs$bedDir: length = 1
[1] "/Users/koenvandenberge/Dropbox/research/brainStat/hbcRegenGithub/data/scATAC/archR_samples_pairwise_v2/PeakCalls/InsertionBeds"


PeakArgs$excludeChr: length = 2
[1] "chrM" "chrY"


PeakArgs$threads: length = 1
[1] 4


PeakArgs$logFile: length = 1
[1] "ArchRLogs/ArchR-addReproduciblePeakSet-15cac4260bbc5-Date-2020-12-03_Time-15-20-54.log"


PeakArgs$registryDir: length = 1
[1] "/Users/koenvandenberge/Dropbox/research/brainStat/hbcRegenGithub/data/scATAC/archR_samples_pairwise_v2/PeakCalls/batchRegistry"


2020-12-03 15:20:55 : Batch Execution w/ safelapply!, 0 mins elapsed.
2020-12-03 15:20:55 : Group 1 of 20, Calling Peaks with MACS2!, 0 mins elapsed.
2020-12-03 15:20:55 : Group 2 of 20, Calling Peaks with MACS2!, 0 mins elapsed.
2020-12-03 15:20:55 : Group 3 of 20, Calling Peaks with MACS2!, 0 mins elapsed.
2020-12-03 15:20:55 : Group 4 of 20, Calling Peaks with MACS2!, 0.001 mins elapsed.

2020-12-03 15:20:55 : InsertionSites, Class = integer

InsertionSites: length = 19072
[1] 3094618 3094831 3094833 3094963 3094965 3095023



2020-12-03 15:20:55 : InsertionSites-DT, Class = data.table
 
2020-12-03 15:20:55 : InsertionSites-DT, Class = data.frame
InsertionSites-DT: nRows = 19072, nCols = 3



2020-12-03 15:20:55 : InsertionSites, Class = integer

InsertionSites: length = 599946
[1] 3008304 3008440 3008442 3008504 3008506 3008553



2020-12-03 15:20:56 : InsertionSites-DT, Class = data.table
 
2020-12-03 15:20:56 : InsertionSites-DT, Class = data.frame
InsertionSites-DT: nRows = 599946, nCols = 3



2020-12-03 15:20:56 : InsertionSites, Class = integer

InsertionSites: length = 845892
[1] 3003745 3003806 3012678 3013271 3027745 3028635



2020-12-03 15:20:56 : InsertionSites-DT, Class = data.table
 
2020-12-03 15:20:56 : InsertionSites-DT, Class = data.frame
InsertionSites-DT: nRows = 845892, nCols = 3

2020-12-03 15:20:56 : InsertionSites, Class = integer

InsertionSites: length = 1002808
[1] 3004965 3005136 3005435 3005779 3011157 3011240



2020-12-03 15:20:56 : InsertionSites-DT, Class = data.table
 
2020-12-03 15:20:56 : InsertionSites-DT, Class = data.frame
InsertionSites-DT: nRows = 1002808, nCols = 3





2020-12-03 15:20:57 : 

2020-12-03 15:21:08 : 

2020-12-03 15:21:14 : 

2020-12-03 15:21:23 : 
2020-12-03 15:24:09 : Group 5 of 20, Calling Peaks with MACS2!, 3.243 mins elapsed.

2020-12-03 15:24:10 : InsertionSites, Class = integer

InsertionSites: length = 513010
[1] 3007593 3007730 3023300 3023420 3027790 3027826



2020-12-03 15:24:10 : InsertionSites-DT, Class = data.table
 
2020-12-03 15:24:10 : InsertionSites-DT, Class = data.frame
InsertionSites-DT: nRows = 513010, nCols = 3



2020-12-03 15:24:17 : 
2020-12-03 15:24:53 : Group 6 of 20, Calling Peaks with MACS2!, 3.969 mins elapsed.

2020-12-03 15:24:54 : InsertionSites, Class = integer

InsertionSites: length = 668836
[1] 3000822 3001044 3005666 3005858 3007206 3007391



2020-12-03 15:24:54 : InsertionSites-DT, Class = data.table
 
2020-12-03 15:24:54 : InsertionSites-DT, Class = data.frame
InsertionSites-DT: nRows = 668836, nCols = 3



2020-12-03 15:25:05 : 
2020-12-03 15:25:16 : Group 7 of 20, Calling Peaks with MACS2!, 4.362 mins elapsed.

2020-12-03 15:25:17 : InsertionSites, Class = integer

InsertionSites: length = 238028
[1] 3010274 3010547 3012519 3012779 3029677 3030635



2020-12-03 15:25:17 : InsertionSites-DT, Class = data.table
 
2020-12-03 15:25:17 : InsertionSites-DT, Class = data.frame
InsertionSites-DT: nRows = 238028, nCols = 3



2020-12-03 15:25:20 : 
2020-12-03 15:25:38 : Group 8 of 20, Calling Peaks with MACS2!, 4.718 mins elapsed.

2020-12-03 15:25:38 : InsertionSites, Class = integer

InsertionSites: length = 229018
[1] 3012772 3012926 3021370 3021581 3050347 3050671



2020-12-03 15:25:38 : InsertionSites-DT, Class = data.table
 
2020-12-03 15:25:38 : InsertionSites-DT, Class = data.frame
InsertionSites-DT: nRows = 229018, nCols = 3



2020-12-03 15:25:41 : 
2020-12-03 15:27:08 : Group 9 of 20, Calling Peaks with MACS2!, 6.222 mins elapsed.

2020-12-03 15:27:09 : InsertionSites, Class = integer

InsertionSites: length = 274914
[1] 3007343 3007730 3011620 3011854 3024937 3025147



2020-12-03 15:27:09 : InsertionSites-DT, Class = data.table
 
2020-12-03 15:27:09 : InsertionSites-DT, Class = data.frame
InsertionSites-DT: nRows = 274914, nCols = 3



2020-12-03 15:27:12 : 
2020-12-03 15:27:26 : Group 10 of 20, Calling Peaks with MACS2!, 6.525 mins elapsed.

2020-12-03 15:27:27 : InsertionSites, Class = integer

InsertionSites: length = 154654
[1] 3094525 3094900 3094919 3094921 3095138 3095270



2020-12-03 15:27:27 : InsertionSites-DT, Class = data.table
 
2020-12-03 15:27:27 : InsertionSites-DT, Class = data.frame
InsertionSites-DT: nRows = 154654, nCols = 3



2020-12-03 15:27:29 : 
2020-12-03 15:27:47 : Group 11 of 20, Calling Peaks with MACS2!, 6.87 mins elapsed.

2020-12-03 15:27:47 : InsertionSites, Class = integer

InsertionSites: length = 390354
[1] 3012678 3012770 3023529 3023768 3026315 3026508



2020-12-03 15:27:47 : InsertionSites-DT, Class = data.table
 
2020-12-03 15:27:47 : InsertionSites-DT, Class = data.frame
InsertionSites-DT: nRows = 390354, nCols = 3



2020-12-03 15:27:52 : 
2020-12-03 15:28:41 : Group 12 of 20, Calling Peaks with MACS2!, 7.766 mins elapsed.

2020-12-03 15:28:41 : InsertionSites, Class = integer

InsertionSites: length = 169308
[1] 3021186 3021431 3029554 3029583 3037217 3037415



2020-12-03 15:28:41 : InsertionSites-DT, Class = data.table
 
2020-12-03 15:28:41 : InsertionSites-DT, Class = data.frame
InsertionSites-DT: nRows = 169308, nCols = 3



2020-12-03 15:28:44 : 
2020-12-03 15:29:32 : Group 13 of 20, Calling Peaks with MACS2!, 8.621 mins elapsed.

2020-12-03 15:29:32 : InsertionSites, Class = integer

InsertionSites: length = 159068
[1] 3014500 3014815 3017663 3017877 3031760 3031851



2020-12-03 15:29:32 : InsertionSites-DT, Class = data.table
 
2020-12-03 15:29:32 : InsertionSites-DT, Class = data.frame
InsertionSites-DT: nRows = 159068, nCols = 3



2020-12-03 15:29:35 : 
2020-12-03 15:30:02 : Group 14 of 20, Calling Peaks with MACS2!, 9.124 mins elapsed.

2020-12-03 15:30:03 : InsertionSites, Class = integer

InsertionSites: length = 676252
[1] 3001601 3001775 3006521 3006694 3008639 3008853



2020-12-03 15:30:03 : InsertionSites-DT, Class = data.table
 
2020-12-03 15:30:03 : InsertionSites-DT, Class = data.frame
InsertionSites-DT: nRows = 676252, nCols = 3



2020-12-03 15:30:11 : 
2020-12-03 15:30:57 : Group 15 of 20, Calling Peaks with MACS2!, 10.031 mins elapsed.

2020-12-03 15:30:57 : InsertionSites, Class = integer

InsertionSites: length = 85334
[1] 3020812 3020854 3046545 3046685 3048138 3048592



2020-12-03 15:30:57 : InsertionSites-DT, Class = data.table
 
2020-12-03 15:30:57 : InsertionSites-DT, Class = data.frame
InsertionSites-DT: nRows = 85334, nCols = 3



2020-12-03 15:30:59 : 
2020-12-03 15:31:52 : Group 16 of 20, Calling Peaks with MACS2!, 10.96 mins elapsed.

2020-12-03 15:31:53 : InsertionSites, Class = integer

InsertionSites: length = 855078
[1] 3011658 3011905 3027464 3027649 3027834 3028087



2020-12-03 15:31:53 : InsertionSites-DT, Class = data.table
 
2020-12-03 15:31:53 : InsertionSites-DT, Class = data.frame
InsertionSites-DT: nRows = 855078, nCols = 3



2020-12-03 15:32:02 : 
2020-12-03 15:32:34 : Group 17 of 20, Calling Peaks with MACS2!, 11.648 mins elapsed.

2020-12-03 15:32:34 : InsertionSites, Class = integer

InsertionSites: length = 629164
[1] 3000523 3000620 3004907 3005139 3012459 3012470



2020-12-03 15:32:34 : InsertionSites-DT, Class = data.table
 
2020-12-03 15:32:34 : InsertionSites-DT, Class = data.frame
InsertionSites-DT: nRows = 629164, nCols = 3



2020-12-03 15:32:41 : 
2020-12-03 15:32:45 : Group 18 of 20, Calling Peaks with MACS2!, 11.847 mins elapsed.

2020-12-03 15:32:46 : InsertionSites, Class = integer

InsertionSites: length = 336542
[1] 3007332 3007400 3007403 3007509 3008432 3008694



2020-12-03 15:32:46 : InsertionSites-DT, Class = data.table
 
2020-12-03 15:32:46 : InsertionSites-DT, Class = data.frame
InsertionSites-DT: nRows = 336542, nCols = 3



2020-12-03 15:32:50 : 
2020-12-03 15:33:40 : Group 19 of 20, Calling Peaks with MACS2!, 12.76 mins elapsed.

2020-12-03 15:33:41 : InsertionSites, Class = integer

InsertionSites: length = 97862
[1] 3033915 3034098 3083507 3083561 3094906 3095031



2020-12-03 15:33:41 : InsertionSites-DT, Class = data.table
 
2020-12-03 15:33:41 : InsertionSites-DT, Class = data.frame
InsertionSites-DT: nRows = 97862, nCols = 3



2020-12-03 15:33:43 : 
2020-12-03 15:35:20 : Group 20 of 20, Calling Peaks with MACS2!, 14.43 mins elapsed.

2020-12-03 15:35:21 : InsertionSites, Class = integer

InsertionSites: length = 93670
[1] 3005815 3005996 3007610 3007827 3008603 3008677



2020-12-03 15:35:21 : InsertionSites-DT, Class = data.table
 
2020-12-03 15:35:21 : InsertionSites-DT, Class = data.frame
InsertionSites-DT: nRows = 93670, nCols = 3



2020-12-03 15:35:22 : 
2020-12-03 15:36:11 : Identifying Reproducible Peaks!, 15.286 mins elapsed.
2020-12-03 15:36:11 : Rep. Peaks Group (1 of 5) : Creating Reproducible Peaks, 15.287 mins elapsed.
2020-12-03 15:36:11 : Rep. Peaks Group (2 of 5) : Creating Reproducible Peaks, 15.287 mins elapsed.
2020-12-03 15:36:11 : Rep. Peaks Group (3 of 5) : Creating Reproducible Peaks, 15.287 mins elapsed.

2020-12-03 15:36:11 : 
2020-12-03 15:36:11 : Rep. Peaks Group (4 of 5) : Creating Reproducible Peaks, 15.287 mins elapsed.

2020-12-03 15:36:11 : 

2020-12-03 15:36:11 : 

2020-12-03 15:36:11 : 

2020-12-03 15:36:12 : 

2020-12-03 15:36:12 : 

2020-12-03 15:36:12 : 

2020-12-03 15:36:13 : 

2020-12-03 15:36:17 : 

2020-12-03 15:36:18 : 

2020-12-03 15:36:18 : 

2020-12-03 15:36:18 : 
2020-12-03 15:36:18 : Rep. Peaks Group (4 of 5) : Annotating and Filtering Peaks, 15.403 mins elapsed.

2020-12-03 15:36:18 : 

2020-12-03 15:36:19 : 

2020-12-03 15:36:19 : 

2020-12-03 15:36:19 : 

2020-12-03 15:36:19 : 

2020-12-03 15:36:20 : 

2020-12-03 15:36:20 : 
2020-12-03 15:36:20 : Rep. Peaks Group (3 of 5) : Annotating and Filtering Peaks, 15.429 mins elapsed.

2020-12-03 15:36:20 : 

2020-12-03 15:36:20 : 

2020-12-03 15:36:20 : 

2020-12-03 15:36:21 : 

2020-12-03 15:36:21 : 

2020-12-03 15:36:21 : 
2020-12-03 15:36:22 : Rep. Peaks Group (1 of 5) : Annotating and Filtering Peaks, 15.462 mins elapsed.

2020-12-03 15:36:22 : 

2020-12-03 15:36:22 : 

2020-12-03 15:36:22 : 

2020-12-03 15:36:23 : 

2020-12-03 15:36:23 : 

2020-12-03 15:36:23 : 

2020-12-03 15:36:24 : 
2020-12-03 15:36:24 : Rep. Peaks Group (2 of 5) : Annotating and Filtering Peaks, 15.503 mins elapsed.

2020-12-03 15:36:24 : 

2020-12-03 15:36:25 : 

2020-12-03 15:36:25 : 

2020-12-03 15:36:25 : 
2020-12-03 15:36:26 : Rep. Peaks Group (5 of 5) : Creating Reproducible Peaks, 15.536 mins elapsed.

2020-12-03 15:36:26 : 

2020-12-03 15:36:27 : 

2020-12-03 15:36:34 : 

2020-12-03 15:36:36 : 

2020-12-03 15:36:36 : 
2020-12-03 15:36:36 : Rep. Peaks Group (5 of 5) : Annotating and Filtering Peaks, 15.704 mins elapsed.

2020-12-03 15:36:36 : 

2020-12-03 15:36:37 : 

2020-12-03 15:36:37 : 

2020-12-03 15:36:37 : 
2020-12-03 15:36:42 : Creating Union Peak Set!, 15.795 mins elapsed.
2020-12-03 15:36:51 : Finished Creating Union Peak Set (189874)!, 15.952 mins elapsed.
