
           ___      .______        ______  __    __  .______      
          /   \     |   _  \      /      ||  |  |  | |   _  \     
         /  ^  \    |  |_)  |    |  ,----'|  |__|  | |  |_)  |    
        /  /_\  \   |      /     |  |     |   __   | |      /     
       /  _____  \  |  |\  \\___ |  `----.|  |  |  | |  |\  \\___.
      /__/     \__\ | _| `._____| \______||__|  |__| | _| `._____|
    
Logging With ArchR!

Start Time : 2020-12-03 14:25:47

------- ArchR Info

ArchRThreads = 4
ArchRGenome = Mm10

------- System Info

Computer OS = unix
Total Cores = 8

------- Session Info

R version 3.6.2 (2019-12-12)
Platform: x86_64-apple-darwin15.6.0 (64-bit)
Running under: macOS Mojave 10.14.5

Matrix products: default
BLAS:   /System/Library/Frameworks/Accelerate.framework/Versions/A/Frameworks/vecLib.framework/Versions/A/libBLAS.dylib
LAPACK: /Library/Frameworks/R.framework/Versions/3.6/Resources/lib/libRlapack.dylib

locale:
[1] en_US.UTF-8/en_US.UTF-8/en_US.UTF-8/C/en_US.UTF-8/en_US.UTF-8

attached base packages:
 [1] grid      parallel  stats4    stats     graphics  grDevices utils     datasets  methods   base     

other attached packages:
 [1] patchwork_1.0.0             Seurat_3.1.5                Signac_0.2.5                harmony_1.0                
 [5] Rcpp_1.0.3                  scater_1.14.6               uwot_0.1.5                  scran_1.14.5               
 [9] forcats_0.4.0               stringr_1.4.0               dplyr_0.8.4                 purrr_0.3.3                
[13] readr_1.3.1                 tidyr_1.0.2                 tibble_2.1.3                tidyverse_1.3.0            
[17] irlba_2.3.3                 gridExtra_2.3               wesanderson_0.3.6           pheatmap_1.0.12            
[21] RColorBrewer_1.1-2          clusterExperiment_2.6.1     bigmemory_4.5.36            rgl_0.100.30               
[25] cowplot_1.0.0               SingleCellExperiment_1.8.0  slingshot_1.5.2             princurve_2.1.4            
[29] edgeR_3.28.0                limma_3.42.1                UpSetR_1.4.0                ArchR_0.9.5                
[33] magrittr_1.5                rhdf5_2.30.1                Matrix_1.2-18               data.table_1.12.8          
[37] SummarizedExperiment_1.16.1 DelayedArray_0.12.2         BiocParallel_1.20.1         matrixStats_0.56.0         
[41] Biobase_2.46.0              GenomicRanges_1.38.0        GenomeInfoDb_1.22.0         IRanges_2.20.2             
[45] S4Vectors_0.24.3            BiocGenerics_0.32.0         ggplot2_3.3.2              

loaded via a namespace (and not attached):
  [1] rtracklayer_1.46.0                 pkgmaker_0.31                      acepack_1.4.1                     
  [4] bit64_0.9-7                        knitr_1.28                         rpart_4.1-15                      
  [7] RCurl_1.98-1.1                     doParallel_1.0.15                  generics_0.0.2                    
 [10] RSQLite_2.2.0                      RANN_2.6.1                         future_1.16.0                     
 [13] ggfittext_0.9.0                    bit_1.1-15.2                       phylobase_0.8.6                   
 [16] webshot_0.5.2                      xml2_1.3.2                         lubridate_1.7.4                   
 [19] httpuv_1.5.2                       assertthat_0.2.1                   viridis_0.5.1                     
 [22] xfun_0.12                          hms_0.5.3                          evaluate_0.14                     
 [25] promises_1.1.0                     fansi_0.4.1                        progress_1.2.2                    
 [28] caTools_1.18.0                     dbplyr_1.4.2                       readxl_1.3.1                      
 [31] igraph_1.2.4.2                     DBI_1.1.0                          htmlwidgets_1.5.1                 
 [34] gggenes_0.4.0                      RSpectra_0.16-0                    crosstalk_1.0.0                   
 [37] backports_1.1.5                    annotate_1.64.0                    gridBase_0.4-7                    
 [40] locfdr_1.1-8                       RcppParallel_4.4.4                 vctrs_0.2.2                       
 [43] ROCR_1.0-7                         here_0.1                           Cairo_1.5-10                      
 [46] withr_2.1.2                        packrat_0.5.0                      BSgenome_1.54.0                   
 [49] checkmate_2.0.0                    sctransform_0.2.1                  GenomicAlignments_1.22.1          
 [52] prettyunits_1.1.1                  softImpute_1.4                     cluster_2.1.0                     
 [55] ape_5.3                            lazyeval_0.2.2                     crayon_1.3.4                      
 [58] genefilter_1.68.0                  pkgconfig_2.0.3                    labeling_0.3                      
 [61] nlme_3.1-142                       vipor_0.4.5                        nnet_7.3-12                       
 [64] globals_0.12.5                     rafalib_1.0.0                      rlang_0.4.4.9000                  
 [67] lifecycle_0.1.0                    miniUI_0.1.1.1                     registry_0.5-1                    
 [70] bigmemory.sri_0.1.3                modelr_0.1.5                       rsvd_1.0.2                        
 [73] cellranger_1.1.0                   rprojroot_1.3-2                    lmtest_0.9-37                     
 [76] rngtools_1.5                       ggseqlogo_0.1                      zoo_1.8-7                         
 [79] Rhdf5lib_1.8.0                     reprex_0.3.0                       base64enc_0.1-3                   
 [82] beeswarm_0.2.3                     ggridges_0.5.2                     GlobalOptions_0.1.1               
 [85] png_0.1-7                          viridisLite_0.3.0                  rjson_0.2.20                      
 [88] BSgenome.Mmusculus.UCSC.mm10_1.4.0 bitops_1.0-6                       KernSmooth_2.23-16                
 [91] rncl_0.8.3                         Biostrings_2.54.0                  blob_1.2.1                        
 [94] DelayedMatrixStats_1.8.0           shape_1.4.4                        manipulateWidget_0.10.0           
 [97] zinbwave_1.11.6                    jpeg_0.1-8.1                       scales_1.1.0                      
[100] ica_1.0-2                          memoise_1.1.0                      plyr_1.8.5                        
[103] gplots_3.0.1.2                     howmany_0.3-1                      gdata_2.18.0                      
[106] bibtex_0.4.2.2                     zlibbioc_1.32.0                    compiler_3.6.2                    
[109] lsei_1.2-0                         dqrng_0.2.1                        clue_0.3-57                       
[112] fitdistrplus_1.0-14                Rsamtools_2.2.1                    cli_2.0.1                         
[115] ade4_1.7-13                        XVector_0.26.0                     listenv_0.8.0                     
[118] pbapply_1.4-2                      htmlTable_1.13.3                   Formula_1.2-3                     
[121] MASS_7.3-51.4                      tidyselect_1.0.0                   stringi_1.4.5                     
[124] yaml_2.2.1                         BiocSingular_1.2.1                 locfit_1.5-9.1                    
[127] latticeExtra_0.6-29                ggrepel_0.8.1                      tools_3.6.2                       
[130] future.apply_1.4.0                 circlize_0.4.8                     rstudioapi_0.11                   
[133] uuid_0.1-2                         foreach_1.4.7                      foreign_0.8-72                    
[136] RNeXML_2.4.2                       Rtsne_0.15                         farver_2.0.3                      
[139] digest_0.6.23                      FNN_1.1.3                          shiny_1.4.0                       
[142] broom_0.5.4                        later_1.0.0                        RcppAnnoy_0.0.14                  
[145] httr_1.4.1                         AnnotationDbi_1.48.0               ComplexHeatmap_2.3.1              
[148] npsurv_0.4-0                       kernlab_0.9-29                     colorspace_1.4-1                  
[151] reticulate_1.14                    rvest_0.3.5                        XML_3.99-0.3                      
[154] fs_1.3.1                           splines_3.6.2                      statmod_1.4.33                    
[157] plotly_4.9.1                       xtable_1.8-4                       jsonlite_1.6.1                    
[160] R6_2.4.1                           Hmisc_4.3-1                        pillar_1.4.3                      
[163] htmltools_0.4.0                    mime_0.9                           NMF_0.21.0                        
[166] glue_1.3.1                         fastmap_1.0.1                      BiocNeighbors_1.4.1               
[169] codetools_0.2-16                   tsne_0.1-3                         lattice_0.20-38                   
[172] ggbeeswarm_0.6.0                   leiden_0.3.4                       gtools_3.8.1                      
[175] survival_3.1-8                     rmarkdown_2.1                      munsell_0.5.0                     
[178] GetoptLong_0.1.8                   GenomeInfoDbData_1.2.2             iterators_1.0.12                  
[181] HDF5Array_1.14.1                   haven_2.2.0                        reshape2_1.4.3                    
[184] gtable_0.3.0                      


------- Log Info


2020-12-03 14:25:47 : Input-Parameters, Class = list

Input-Parameters$ArchRProj: length = 1
class: ArchRProject 
outputDirectory: /Users/koenvandenberge/Dropbox/research/brainStat/hbcRegenGithub/data/scATAC/archR_samples_pairwise_v2 
samples(6): s1Inj s3Inj ... s2Inj s1UI
sampleColData names(1): ArrowFiles
cellColData names(21): Sample TSSEnrichment ... ReadsInPeaks FRIP
numberOfCells(1): 1
medianTSS(1): 13.414
medianFrags(1): 97573


Input-Parameters$embedding: length = 1
[1] "UMAP_cor"


Input-Parameters$colorBy: length = 1
[1] "cellColData"


Input-Parameters$name: length = 1
[1] "clHBCMerged"


Input-Parameters$log2Norm: length = 0
NULL


Input-Parameters$imputeWeights: length = 0
NULL


Input-Parameters$pal: length = 0
NULL


Input-Parameters$size: length = 1
[1] 0.1


Input-Parameters$sampleCells: length = 0
NULL


Input-Parameters$highlightCells: length = 0
NULL


Input-Parameters$rastr: length = 1
[1] TRUE


Input-Parameters$quantCut: length = 2
[1] 0.01 0.99


Input-Parameters$discreteSet: length = 0
NULL


Input-Parameters$continuousSet: length = 0
NULL


Input-Parameters$randomize: length = 1
[1] TRUE


Input-Parameters$keepAxis: length = 1
[1] FALSE


Input-Parameters$baseSize: length = 1
[1] 10


Input-Parameters$plotAs: length = 0
NULL


Input-Parameters$threads: length = 1
[1] 4


Input-Parameters$logFile: length = 1
[1] "ArchRLogs/ArchR-plotEmbedding-15cac3f0ddd55-Date-2020-12-03_Time-14-25-46.log"



2020-12-03 14:25:47 : 

2020-12-03 14:25:47 : Embedding data.frame, Class = data.frame
Embedding data.frame: nRows = 4076, nCols = 2



2020-12-03 14:25:47 : 

2020-12-03 14:25:48 : ColorParams 1, Class = list

ColorParams 1$color: length = 4076
[1] "C2_Hybrid" "C1_Inj"    "C1_Inj"    "C2_Hybrid" "C1_Inj"    "C1_Inj"   


ColorParams 1$discrete: length = 1
[1] TRUE


ColorParams 1$continuousSet: length = 1
[1] "solarExtra"


ColorParams 1$discreteSet: length = 1
[1] "stallion"


ColorParams 1$title: length = 1
[1] "UMAP_cor of Harmony  colored by\ncolData :  clHBCMerged"



2020-12-03 14:25:48 : PlotParams-1, Class = list

PlotParams-1$color: length = 4076
[1] "C2_Hybrid" "C1_Inj"    "C1_Inj"    "C2_Hybrid" "C1_Inj"    "C1_Inj"   


PlotParams-1$discrete: length = 1
[1] TRUE


PlotParams-1$continuousSet: length = 1
[1] "solarExtra"


PlotParams-1$discreteSet: length = 1
[1] "stallion"


PlotParams-1$title: length = 1
[1] "UMAP_cor of Harmony  colored by\ncolData :  clHBCMerged"


PlotParams-1$x: length = 4076
[1] -0.2197991 -1.0450930 -0.9180998 -1.2503487 -0.2371747 -0.2601391


PlotParams-1$y: length = 4076
[1]  0.5290461  4.6875733  3.9006872 -3.7443663  4.4783907  2.7598966


PlotParams-1$baseSize: length = 1
[1] 10


PlotParams-1$xlabel: length = 1
[1] "UMAP Dimension 1"


PlotParams-1$ylabel: length = 1
[1] "UMAP Dimension 2"


PlotParams-1$rastr: length = 1
[1] TRUE


PlotParams-1$size: length = 1
[1] 0.1


PlotParams-1$randomize: length = 1
[1] TRUE



------- Completed

End Time : 2020-12-03 14:25:48
Elapsed Time Minutes = 0.0202468991279602
Elapsed Time Hours = 0.000337651968002319

-------



