
           ___      .______        ______  __    __  .______      
          /   \     |   _  \      /      ||  |  |  | |   _  \     
         /  ^  \    |  |_)  |    |  ,----'|  |__|  | |  |_)  |    
        /  /_\  \   |      /     |  |     |   __   | |      /     
       /  _____  \  |  |\  \\___ |  `----.|  |  |  | |  |\  \\___.
      /__/     \__\ | _| `._____| \______||__|  |__| | _| `._____|
    
Logging With ArchR!

Start Time : 2020-11-24 21:54:30

------- ArchR Info

ArchRThreads = 1
ArchRGenome = Mm10

------- System Info

Computer OS = unix
Total Cores = 8

------- Session Info

R version 3.6.2 (2019-12-12)
Platform: x86_64-apple-darwin15.6.0 (64-bit)
Running under: macOS Mojave 10.14.5

Matrix products: default
BLAS:   /Library/Frameworks/R.framework/Versions/3.6/Resources/lib/libRblas.0.dylib
LAPACK: /Library/Frameworks/R.framework/Versions/3.6/Resources/lib/libRlapack.dylib

locale:
[1] en_US.UTF-8/en_US.UTF-8/en_US.UTF-8/C/en_US.UTF-8/en_US.UTF-8

attached base packages:
 [1] parallel  stats4    grid      stats     graphics  grDevices utils    
 [8] datasets  methods   base     

other attached packages:
 [1] chromVARmotifs_0.2.0               motifmatchr_1.8.0                 
 [3] circlize_0.4.8                     ComplexHeatmap_2.3.1              
 [5] presto_1.0.0                       gtable_0.3.0                      
 [7] harmony_1.0                        Rcpp_1.0.3                        
 [9] uwot_0.1.5                         gridExtra_2.3                     
[11] nabor_0.5.0                        Seurat_3.1.5                      
[13] Rsamtools_2.2.1                    BSgenome.Mmusculus.UCSC.mm10_1.4.0
[15] BSgenome_1.54.0                    rtracklayer_1.46.0                
[17] Biostrings_2.54.0                  XVector_0.26.0                    
[19] ArchR_0.9.5                        magrittr_1.5                      
[21] rhdf5_2.30.1                       data.table_1.12.8                 
[23] SummarizedExperiment_1.16.1        DelayedArray_0.12.2               
[25] BiocParallel_1.20.1                Biobase_2.46.0                    
[27] GenomicRanges_1.38.0               GenomeInfoDb_1.22.0               
[29] IRanges_2.20.2                     S4Vectors_0.24.3                  
[31] BiocGenerics_0.32.0                ggplot2_3.3.2                     
[33] knitr_1.28                         matrixStats_0.56.0                
[35] genomation_1.18.0                  Matrix_1.2-18                     

loaded via a namespace (and not attached):
  [1] VGAM_1.1-2                  plyr_1.8.5                 
  [3] igraph_1.2.4.2              lazyeval_0.2.2             
  [5] splines_3.6.2               listenv_0.8.0              
  [7] gridBase_0.4-7              TFBSTools_1.22.0           
  [9] digest_0.6.23               htmltools_0.4.0            
 [11] GO.db_3.10.0                gdata_2.18.0               
 [13] memoise_1.1.0               cluster_2.1.0              
 [15] ROCR_1.0-7                  annotate_1.64.0            
 [17] globals_0.12.5              readr_1.3.1                
 [19] RcppParallel_4.4.4          R.utils_2.9.2              
 [21] colorspace_1.4-1            blob_1.2.1                 
 [23] ggrepel_0.8.1               xfun_0.12                  
 [25] dplyr_0.8.4                 crayon_1.3.4               
 [27] RCurl_1.98-1.1              jsonlite_1.6.1             
 [29] hexbin_1.28.0               TFMPvalue_0.0.8            
 [31] impute_1.60.0               survival_3.1-8             
 [33] zoo_1.8-7                   ape_5.3                    
 [35] glue_1.3.1                  zlibbioc_1.32.0            
 [37] leiden_0.3.4                GetoptLong_0.1.8           
 [39] Rhdf5lib_1.8.0              shape_1.4.4                
 [41] future.apply_1.4.0          scales_1.1.0               
 [43] DBI_1.1.0                   plotrix_3.7-7              
 [45] xtable_1.8-4                viridisLite_0.3.0          
 [47] clue_0.3-57                 reticulate_1.14            
 [49] bit_1.1-15.2                rsvd_1.0.2                 
 [51] tsne_0.1-3                  htmlwidgets_1.5.1          
 [53] httr_1.4.1                  gplots_3.0.1.2             
 [55] RColorBrewer_1.1-2          ica_1.0-2                  
 [57] R.methodsS3_1.7.1           pkgconfig_2.0.3            
 [59] XML_3.99-0.3                farver_2.0.3               
 [61] AnnotationDbi_1.48.0        tidyselect_1.0.0           
 [63] labeling_0.3                rlang_0.4.4.9000           
 [65] reshape2_1.4.3              munsell_0.5.0              
 [67] tools_3.6.2                 DirichletMultinomial_1.26.0
 [69] RSQLite_2.2.0               ggridges_0.5.2             
 [71] evaluate_0.14               stringr_1.4.0              
 [73] yaml_2.2.1                  npsurv_0.4-0               
 [75] bit64_0.9-7                 fitdistrplus_1.0-14        
 [77] caTools_1.18.0              purrr_0.3.3                
 [79] RANN_2.6.1                  KEGGREST_1.26.1            
 [81] pbapply_1.4-2               future_1.16.0              
 [83] nlme_3.1-142                R.oo_1.23.0                
 [85] poweRlaw_0.70.2             compiler_3.6.2             
 [87] plotly_4.9.1                png_0.1-7                  
 [89] lsei_1.2-0                  tibble_2.1.3               
 [91] stringi_1.4.5               RSpectra_0.16-0            
 [93] lattice_0.20-38             CNEr_1.20.0                
 [95] vctrs_0.2.2                 pillar_1.4.3               
 [97] lifecycle_0.1.0             lmtest_0.9-37              
 [99] GlobalOptions_0.1.1         RcppAnnoy_0.0.14           
[101] cowplot_1.0.0               bitops_1.0-6               
[103] irlba_2.3.3                 patchwork_1.0.0            
[105] R6_2.4.1                    KernSmooth_2.23-16         
[107] codetools_0.2-16            seqLogo_1.50.0             
[109] MASS_7.3-51.4               gtools_3.8.1               
[111] assertthat_0.2.1            rjson_0.2.20               
[113] withr_2.1.2                 GenomicAlignments_1.22.1   
[115] sctransform_0.2.1           GenomeInfoDbData_1.2.2     
[117] hms_0.5.3                   tidyr_1.0.2                
[119] rmarkdown_2.1               Cairo_1.5-10               
[121] Rtsne_0.15                  seqPattern_1.18.0          


------- Log Info


2020-11-24 21:54:30 : plotEnrichHeatmap Input-Parameters, Class = list

plotEnrichHeatmap Input-Parameters$seEnrich: length = 884
class: SummarizedExperiment 
dim: 6 3 
metadata(0):
assays(10): mlog10Padj mlog10p ... CompareFrequency feature
rownames(6): Tcfap2a_1 Tcfap2b_2 ... Tcfap2d_5 Arid3b_6
rowData names(0):
colnames(3): C1_Inj C2_Hybrid C3_UI
colData names(0):


plotEnrichHeatmap Input-Parameters$pal: length = 100
[1] "#E6E7E8" "#E0E4E8" "#DBE2E9" "#D6DFEA" "#D1DDEA" "#CBDAEB"


plotEnrichHeatmap Input-Parameters$n: length = 1
[1] 10


plotEnrichHeatmap Input-Parameters$cutOff: length = 1
[1] 20


plotEnrichHeatmap Input-Parameters$pMax: length = 1
[1] Inf


plotEnrichHeatmap Input-Parameters$clusterCols: length = 1
[1] TRUE


plotEnrichHeatmap Input-Parameters$binaryClusterRows: length = 1
[1] TRUE


plotEnrichHeatmap Input-Parameters$labelRows: length = 1
[1] TRUE


plotEnrichHeatmap Input-Parameters$rastr: length = 1
[1] TRUE


plotEnrichHeatmap Input-Parameters$transpose: length = 1
[1] TRUE


plotEnrichHeatmap Input-Parameters$returnMatrix: length = 1
[1] TRUE


plotEnrichHeatmap Input-Parameters$logFile: length = 1
[1] "ArchRLogs/ArchR-plotEnrichHeatmap-cca7683fbf16-Date-2020-11-24_Time-21-54-30.log"



2020-11-24 21:54:30 : mat-mlog10Padj, Class = data.frame
mat-mlog10Padj: nRows = 884, nCols = 3
          C1_Inj C2_Hybrid     C3_UI
Tcfap2a_1      0  0.000000 0.5482575
Tcfap2b_2      0  0.000000 2.1955575
Tcfap2c_3      0  0.000000 0.5061575
Tcfap2e_4      0  0.000000 3.1227575
Tcfap2d_5      0  0.000000 0.0000000
Arid3b_6       0  3.342557 0.0000000



2020-11-24 21:54:30 : mat-mlog10Padj-Filter, Class = data.frame
mat-mlog10Padj-Filter: nRows = 30, nCols = 3
               C1_Inj C2_Hybrid C3_UI
Smarcc1_843 2484.1677         0     0
Fos_104     2085.4147         0     0
Bach1_108   1471.8710         0     0
Fosb_98     1364.6736         0     0
Bach2_119   1218.0858         0     0
Jund_135     908.3273         0     0



2020-11-24 21:54:30 : passMat, Class = data.frame
passMat: nRows = 30, nCols = 3
            C1_Inj C2_Hybrid C3_UI
Smarcc1_843      1         0     0
Fos_104          1         0     0
Bach1_108        1         0     0
Fosb_98          1         0     0
Bach2_119        1         0     0
Jund_135         1         0     0



2020-11-24 21:54:30 : mat-mlog10Padj-RowScale, Class = list

mat-mlog10Padj-RowScale$mat: nRows = 30, nCols = 3
                   C1_Inj C2_Hybrid C3_UI
Smarcc1_843 (2484)      1         0     0
Fos_104 (2085)          1         0     0
Bach1_108 (1472)        1         0     0
Fosb_98 (1365)          1         0     0
Bach2_119 (1218)        1         0     0


mat-mlog10Padj-RowScale$min: length = 1
[1] 0


mat-mlog10Padj-RowScale$max: length = 30
[1] 2484.1677 2085.4147 1471.8710 1364.6736 1218.0858  908.3273



2020-11-24 21:54:30 : mat-mlog10Padj-RowScale-Plot, Class = matrix
                   C1_Inj C2_Hybrid C3_UI
Smarcc1_843 (2484)    100         0     0
Fos_104 (2085)        100         0     0
Bach1_108 (1472)      100         0     0
Fosb_98 (1365)        100         0     0
Bach2_119 (1218)      100         0     0

mat-mlog10Padj-RowScale-Plot: nRows = 30, nCols = 3

