
           ___      .______        ______  __    __  .______      
          /   \     |   _  \      /      ||  |  |  | |   _  \     
         /  ^  \    |  |_)  |    |  ,----'|  |__|  | |  |_)  |    
        /  /_\  \   |      /     |  |     |   __   | |      /     
       /  _____  \  |  |\  \\___ |  `----.|  |  |  | |  |\  \\___.
      /__/     \__\ | _| `._____| \______||__|  |__| | _| `._____|
    
Logging With ArchR!

Start Time : 2020-11-24 18:53:46

------- ArchR Info

ArchRThreads = 4
ArchRGenome = Mm10

------- System Info

Computer OS = unix
Total Cores = 8

------- Session Info

R version 3.6.2 (2019-12-12)
Platform: x86_64-apple-darwin15.6.0 (64-bit)
Running under: macOS Mojave 10.14.5

Matrix products: default
BLAS:   /System/Library/Frameworks/Accelerate.framework/Versions/A/Frameworks/vecLib.framework/Versions/A/libBLAS.dylib
LAPACK: /Library/Frameworks/R.framework/Versions/3.6/Resources/lib/libRlapack.dylib

locale:
[1] en_US.UTF-8/en_US.UTF-8/en_US.UTF-8/C/en_US.UTF-8/en_US.UTF-8

attached base packages:
 [1] parallel  stats4    grid      stats     graphics  grDevices utils     datasets  methods   base     

other attached packages:
 [1] cowplot_1.0.0                      forcats_0.4.0                      stringr_1.4.0                     
 [4] dplyr_0.8.4                        purrr_0.3.3                        readr_1.3.1                       
 [7] tidyr_1.0.2                        tibble_2.1.3                       tidyverse_1.3.0                   
[10] chromVARmotifs_0.2.0               motifmatchr_1.8.0                  circlize_0.4.8                    
[13] ComplexHeatmap_2.3.1               gtable_0.3.0                       harmony_1.0                       
[16] Rcpp_1.0.3                         uwot_0.1.5                         gridExtra_2.3                     
[19] nabor_0.5.0                        Seurat_3.1.5                       BSgenome.Mmusculus.UCSC.mm10_1.4.0
[22] BSgenome_1.54.0                    rtracklayer_1.46.0                 Biostrings_2.54.0                 
[25] XVector_0.26.0                     ArchR_0.9.5                        magrittr_1.5                      
[28] rhdf5_2.30.1                       data.table_1.12.8                  SummarizedExperiment_1.16.1       
[31] DelayedArray_0.12.2                BiocParallel_1.20.1                Biobase_2.46.0                    
[34] GenomicRanges_1.38.0               GenomeInfoDb_1.22.0                IRanges_2.20.2                    
[37] S4Vectors_0.24.3                   BiocGenerics_0.32.0                ggplot2_3.3.2                     
[40] knitr_1.28                         matrixStats_0.56.0                 genomation_1.18.0                 
[43] Matrix_1.2-18                     

loaded via a namespace (and not attached):
  [1] reticulate_1.14             R.utils_2.9.2               tidyselect_1.0.0            poweRlaw_0.70.2            
  [5] RSQLite_2.2.0               AnnotationDbi_1.48.0        htmlwidgets_1.5.1           Rtsne_0.15                 
  [9] munsell_0.5.0               codetools_0.2-16            ica_1.0-2                   future_1.16.0              
 [13] withr_2.1.2                 colorspace_1.4-1            rstudioapi_0.11             ROCR_1.0-7                 
 [17] listenv_0.8.0               labeling_0.3                GenomeInfoDbData_1.2.2      seqPattern_1.18.0          
 [21] bit64_0.9-7                 farver_2.0.3                vctrs_0.2.2                 generics_0.0.2             
 [25] xfun_0.12                   R6_2.4.1                    clue_0.3-57                 rsvd_1.0.2                 
 [29] VGAM_1.1-2                  bitops_1.0-6                assertthat_0.2.1            scales_1.1.0               
 [33] npsurv_0.4-0                Cairo_1.5-10                globals_0.12.5              seqLogo_1.50.0             
 [37] rlang_0.4.4.9000            GlobalOptions_0.1.1         splines_3.6.2               lazyeval_0.2.2             
 [41] impute_1.60.0               hexbin_1.28.0               broom_0.5.4                 modelr_0.1.5               
 [45] yaml_2.2.1                  reshape2_1.4.3              backports_1.1.5             tools_3.6.2                
 [49] gridBase_0.4-7              gplots_3.0.1.2              RColorBrewer_1.1-2          ggridges_0.5.2             
 [53] plyr_1.8.5                  zlibbioc_1.32.0             RCurl_1.98-1.1              pbapply_1.4-2              
 [57] GetoptLong_0.1.8            zoo_1.8-7                   haven_2.2.0                 ggrepel_0.8.1              
 [61] cluster_2.1.0               fs_1.3.1                    RSpectra_0.16-0             reprex_0.3.0               
 [65] lmtest_0.9-37               RANN_2.6.1                  packrat_0.5.0               fitdistrplus_1.0-14        
 [69] hms_0.5.3                   patchwork_1.0.0             lsei_1.2-0                  evaluate_0.14              
 [73] xtable_1.8-4                XML_3.99-0.3                readxl_1.3.1                shape_1.4.4                
 [77] compiler_3.6.2              KernSmooth_2.23-16          crayon_1.3.4                R.oo_1.23.0                
 [81] htmltools_0.4.0             TFBSTools_1.22.0            RcppParallel_4.4.4          lubridate_1.7.4            
 [85] DBI_1.1.0                   dbplyr_1.4.2                MASS_7.3-51.4               cli_2.0.1                  
 [89] R.methodsS3_1.7.1           gdata_2.18.0                igraph_1.2.4.2              pkgconfig_2.0.3            
 [93] GenomicAlignments_1.22.1    TFMPvalue_0.0.8             plotly_4.9.1                xml2_1.3.2                 
 [97] annotate_1.64.0             DirichletMultinomial_1.26.0 rvest_0.3.5                 digest_0.6.23              
[101] sctransform_0.2.1           RcppAnnoy_0.0.14            tsne_0.1-3                  CNEr_1.20.0                
[105] cellranger_1.1.0            rmarkdown_2.1               leiden_0.3.4                Rsamtools_2.2.1            
[109] gtools_3.8.1                rjson_0.2.20                lifecycle_0.1.0             nlme_3.1-142               
[113] jsonlite_1.6.1              Rhdf5lib_1.8.0              fansi_0.4.1                 viridisLite_0.3.0          
[117] pillar_1.4.3                lattice_0.20-38             KEGGREST_1.26.1             httr_1.4.1                 
[121] plotrix_3.7-7               survival_3.1-8              GO.db_3.10.0                glue_1.3.1                 
[125] png_0.1-7                   bit_1.1-15.2                stringi_1.4.5               blob_1.2.1                 
[129] caTools_1.18.0              memoise_1.1.0               irlba_2.3.3                 future.apply_1.4.0         
[133] ape_5.3                    


------- Log Info


2020-11-24 18:53:46 : Input-Parameters, Class = list

Input-Parameters$ArchRProj: length = 1
class: ArchRProject 
outputDirectory: /Users/koenvandenberge/Dropbox/research/brainStat/hbcRegenGithub/data/scATAC/archR_samples_pairwise 
samples(6): s1Inj s3Inj ... s2Inj s1UI
sampleColData names(1): ArrowFiles
cellColData names(16): Sample TSSEnrichment ... clusters_cor clMerged
numberOfCells(1): 1
medianTSS(1): 13.414
medianFrags(1): 97573


Input-Parameters$embedding: length = 1
[1] "UMAP_cor"


Input-Parameters$colorBy: length = 1
[1] "cellColData"


Input-Parameters$name: length = 1
[1] "clMerged"


Input-Parameters$log2Norm: length = 0
NULL


Input-Parameters$imputeWeights: length = 0
NULL


Input-Parameters$pal: length = 0
NULL


Input-Parameters$size: length = 1
[1] 0.1


Input-Parameters$sampleCells: length = 0
NULL


Input-Parameters$highlightCells: length = 0
NULL


Input-Parameters$rastr: length = 1
[1] TRUE


Input-Parameters$quantCut: length = 2
[1] 0.01 0.99


Input-Parameters$discreteSet: length = 0
NULL


Input-Parameters$continuousSet: length = 0
NULL


Input-Parameters$randomize: length = 1
[1] TRUE


Input-Parameters$keepAxis: length = 1
[1] FALSE


Input-Parameters$baseSize: length = 1
[1] 10


Input-Parameters$plotAs: length = 0
NULL


Input-Parameters$threads: length = 1
[1] 4


Input-Parameters$logFile: length = 1
[1] "ArchRLogs/ArchR-plotEmbedding-879977b5d75d-Date-2020-11-24_Time-18-53-46.log"



2020-11-24 18:53:46 : 

2020-11-24 18:53:46 : Embedding data.frame, Class = data.frame
Embedding data.frame: nRows = 4732, nCols = 2



2020-11-24 18:53:46 : 

2020-11-24 18:53:46 : ColorParams 1, Class = list

ColorParams 1$color: length = 4732
[1] "HBC"  "Neur" "HBC"  "HBC"  "HBC"  "Neur"


ColorParams 1$discrete: length = 1
[1] TRUE


ColorParams 1$continuousSet: length = 1
[1] "solarExtra"


ColorParams 1$discreteSet: length = 1
[1] "stallion"


ColorParams 1$title: length = 1
[1] "UMAP_cor of Harmony  colored by\ncolData :  clMerged"



2020-11-24 18:53:46 : PlotParams-1, Class = list

PlotParams-1$color: length = 4732
[1] "HBC"  "Neur" "HBC"  "HBC"  "HBC"  "Neur"


PlotParams-1$discrete: length = 1
[1] TRUE


PlotParams-1$continuousSet: length = 1
[1] "solarExtra"


PlotParams-1$discreteSet: length = 1
[1] "stallion"


PlotParams-1$title: length = 1
[1] "UMAP_cor of Harmony  colored by\ncolData :  clMerged"


PlotParams-1$x: length = 4732
[1] -0.6294394  1.5830798  0.4734877  0.1438639  0.8945384  1.3686827


PlotParams-1$y: length = 4732
[1]  0.9565714  2.5762093  4.4815292  4.0200786 -2.0739660  2.6656789


PlotParams-1$baseSize: length = 1
[1] 10


PlotParams-1$xlabel: length = 1
[1] "UMAP Dimension 1"


PlotParams-1$ylabel: length = 1
[1] "UMAP Dimension 2"


PlotParams-1$rastr: length = 1
[1] TRUE


PlotParams-1$size: length = 1
[1] 0.1


PlotParams-1$randomize: length = 1
[1] TRUE



------- Completed

End Time : 2020-11-24 18:53:46
Elapsed Time Minutes = 0.0164306839307149
Elapsed Time Hours = 0.000273909701241387

-------



