
           ___      .______        ______  __    __  .______      
          /   \     |   _  \      /      ||  |  |  | |   _  \     
         /  ^  \    |  |_)  |    |  ,----'|  |__|  | |  |_)  |    
        /  /_\  \   |      /     |  |     |   __   | |      /     
       /  _____  \  |  |\  \\___ |  `----.|  |  |  | |  |\  \\___.
      /__/     \__\ | _| `._____| \______||__|  |__| | _| `._____|
    
Logging With ArchR!

Start Time : 2020-12-03 16:02:01

------- ArchR Info

ArchRThreads = 4
ArchRGenome = Mm10

------- System Info

Computer OS = unix
Total Cores = 8

------- Session Info

R version 3.6.2 (2019-12-12)
Platform: x86_64-apple-darwin15.6.0 (64-bit)
Running under: macOS Mojave 10.14.5

Matrix products: default
BLAS:   /System/Library/Frameworks/Accelerate.framework/Versions/A/Frameworks/vecLib.framework/Versions/A/libBLAS.dylib
LAPACK: /Library/Frameworks/R.framework/Versions/3.6/Resources/lib/libRlapack.dylib

locale:
[1] en_US.UTF-8/en_US.UTF-8/en_US.UTF-8/C/en_US.UTF-8/en_US.UTF-8

attached base packages:
 [1] grid      parallel  stats4    stats     graphics  grDevices utils     datasets  methods   base     

other attached packages:
 [1] chromVARmotifs_0.2.0               motifmatchr_1.8.0                  circlize_0.4.8                    
 [4] ComplexHeatmap_2.3.1               nabor_0.5.0                        BSgenome.Mmusculus.UCSC.mm10_1.4.0
 [7] BSgenome_1.54.0                    rtracklayer_1.46.0                 Biostrings_2.54.0                 
[10] XVector_0.26.0                     ggalluvial_0.12.0                  patchwork_1.0.0                   
[13] Seurat_3.1.5                       Signac_0.2.5                       harmony_1.0                       
[16] Rcpp_1.0.3                         scater_1.14.6                      uwot_0.1.5                        
[19] scran_1.14.5                       forcats_0.4.0                      stringr_1.4.0                     
[22] dplyr_0.8.4                        purrr_0.3.3                        readr_1.3.1                       
[25] tidyr_1.0.2                        tibble_2.1.3                       tidyverse_1.3.0                   
[28] irlba_2.3.3                        gridExtra_2.3                      wesanderson_0.3.6                 
[31] pheatmap_1.0.12                    RColorBrewer_1.1-2                 clusterExperiment_2.6.1           
[34] bigmemory_4.5.36                   rgl_0.100.30                       cowplot_1.0.0                     
[37] SingleCellExperiment_1.8.0         slingshot_1.5.2                    princurve_2.1.4                   
[40] edgeR_3.28.0                       limma_3.42.1                       UpSetR_1.4.0                      
[43] ArchR_0.9.5                        magrittr_1.5                       rhdf5_2.30.1                      
[46] Matrix_1.2-18                      data.table_1.12.8                  SummarizedExperiment_1.16.1       
[49] DelayedArray_0.12.2                BiocParallel_1.20.1                matrixStats_0.56.0                
[52] Biobase_2.46.0                     GenomicRanges_1.38.0               GenomeInfoDb_1.22.0               
[55] IRanges_2.20.2                     S4Vectors_0.24.3                   BiocGenerics_0.32.0               
[58] ggplot2_3.3.2                     

loaded via a namespace (and not attached):
  [1] rsvd_1.0.2                  Hmisc_4.3-1                 ica_1.0-2                  
  [4] zinbwave_1.11.6             Rsamtools_2.2.1             foreach_1.4.7              
  [7] lmtest_0.9-37               rprojroot_1.3-2             crayon_1.3.4               
 [10] MASS_7.3-51.4               nlme_3.1-142                backports_1.1.5            
 [13] reprex_0.3.0                rlang_0.4.4.9000            ROCR_1.0-7                 
 [16] readxl_1.3.1                phylobase_0.8.6             rjson_0.2.20               
 [19] CNEr_1.20.0                 manipulateWidget_0.10.0     bit64_0.9-7                
 [22] glue_1.3.1                  poweRlaw_0.70.2             rngtools_1.5               
 [25] sctransform_0.2.1           vipor_0.4.5                 AnnotationDbi_1.48.0       
 [28] VGAM_1.1-2                  haven_2.2.0                 tidyselect_1.0.0           
 [31] fitdistrplus_1.0-14         XML_3.99-0.3                zoo_1.8-7                  
 [34] packrat_0.5.0               GenomicAlignments_1.22.1    xtable_1.8-4               
 [37] evaluate_0.14               bibtex_0.4.2.2              cli_2.0.1                  
 [40] zlibbioc_1.32.0             rstudioapi_0.11             miniUI_0.1.1.1             
 [43] rpart_4.1-15                rafalib_1.0.0               locfdr_1.1-8               
 [46] shiny_1.4.0                 BiocSingular_1.2.1          xfun_0.12                  
 [49] clue_0.3-57                 cluster_2.1.0               caTools_1.18.0             
 [52] KEGGREST_1.26.1             ggfittext_0.9.0             ggrepel_0.8.1              
 [55] ape_5.3                     listenv_0.8.0               TFMPvalue_0.0.8            
 [58] png_0.1-7                   future_1.16.0               withr_2.1.2                
 [61] bitops_1.0-6                plyr_1.8.5                  cellranger_1.1.0           
 [64] dqrng_0.2.1                 pillar_1.4.3                RcppParallel_4.4.4         
 [67] gplots_3.0.1.2              GlobalOptions_0.1.1         fs_1.3.1                   
 [70] kernlab_0.9-29              GetoptLong_0.1.8            DelayedMatrixStats_1.8.0   
 [73] vctrs_0.2.2                 ellipsis_0.3.0              generics_0.0.2             
 [76] NMF_0.21.0                  tools_3.6.2                 foreign_0.8-72             
 [79] rncl_0.8.3                  beeswarm_0.2.3              munsell_0.5.0              
 [82] fastmap_1.0.1               compiler_3.6.2              httpuv_1.5.2               
 [85] pkgmaker_0.31               plotly_4.9.1                GenomeInfoDbData_1.2.2     
 [88] lattice_0.20-38             later_1.0.0                 jsonlite_1.6.1             
 [91] scales_1.1.0                pbapply_1.4-2               genefilter_1.68.0          
 [94] lazyeval_0.2.2              promises_1.1.0              doParallel_1.0.15          
 [97] R.utils_2.9.2               latticeExtra_0.6-29         reticulate_1.14            
[100] checkmate_2.0.0             rmarkdown_2.1               statmod_1.4.33             
[103] webshot_0.5.2               Rtsne_0.15                  softImpute_1.4             
[106] igraph_1.2.4.2              HDF5Array_1.14.1            survival_3.1-8             
[109] yaml_2.2.1                  htmltools_0.4.0             memoise_1.1.0              
[112] locfit_1.5-9.1              here_0.1                    viridisLite_0.3.0          
[115] digest_0.6.23               assertthat_0.2.1            mime_0.9                   
[118] registry_0.5-1              npsurv_0.4-0                bigmemory.sri_0.1.3        
[121] RSQLite_2.2.0               future.apply_1.4.0          lsei_1.2-0                 
[124] blob_1.2.1                  R.oo_1.23.0                 RNeXML_2.4.2               
[127] TFBSTools_1.22.0            splines_3.6.2               Formula_1.2-3              
[130] labeling_0.3                Rhdf5lib_1.8.0              Cairo_1.5-10               
[133] RCurl_1.98-1.1              broom_0.5.4                 hms_0.5.3                  
[136] modelr_0.1.5                colorspace_1.4-1            base64enc_0.1-3            
[139] ggbeeswarm_0.6.0            shape_1.4.4                 nnet_7.3-12                
[142] RANN_2.6.1                  ggseqlogo_0.1               fansi_0.4.1                
[145] R6_2.4.1                    ggridges_0.5.2              lifecycle_0.1.0            
[148] acepack_1.4.1               gdata_2.18.0                leiden_0.3.4               
[151] howmany_0.3-1               RcppAnnoy_0.0.14            iterators_1.0.12           
[154] htmlwidgets_1.5.1           crosstalk_1.0.0             seqLogo_1.50.0             
[157] rvest_0.3.5                 globals_0.12.5              htmlTable_1.13.3           
[160] codetools_0.2-16            lubridate_1.7.4             GO.db_3.10.0               
[163] FNN_1.1.3                   gtools_3.8.1                prettyunits_1.1.1          
[166] dbplyr_1.4.2                R.methodsS3_1.7.1           gridBase_0.4-7             
[169] RSpectra_0.16-0             gtable_0.3.0                tsne_0.1-3                 
[172] DBI_1.1.0                   httr_1.4.1                  KernSmooth_2.23-16         
[175] stringi_1.4.5               progress_1.2.2              reshape2_1.4.3             
[178] farver_2.0.3                uuid_0.1-2                  annotate_1.64.0            
[181] viridis_0.5.1               gggenes_0.4.0               xml2_1.3.2                 
[184] BiocNeighbors_1.4.1         ade4_1.7-13                 bit_1.1-15.2               
[187] jpeg_0.1-8.1                pkgconfig_2.0.3             DirichletMultinomial_1.26.0
[190] knitr_1.28                 


------- Log Info


2020-12-03 16:02:01 : peakAnnoEnrichment Input-Parameters, Class = list

peakAnnoEnrichment Input-Parameters$seMarker: length = 189874
class: SummarizedExperiment 
dim: 6 5 
metadata(2): MatchInfo Params
assays(7): Log2FC Mean ... AUC MeanBGD
rownames(6): 1 2 ... 5 6
rowData names(4): seqnames idx start end
colnames(5): C1_Inj C2_Hybrid hybrid1 hybrid2 resting
colData names(0):


peakAnnoEnrichment Input-Parameters$ArchRProj: length = 1
class: ArchRProject 
outputDirectory: /Users/koenvandenberge/Dropbox/research/brainStat/hbcRegenGithub/data/scATAC/archR_samples_pairwise_v2 
samples(6): s1Inj s3Inj ... s2Inj s1UI
sampleColData names(1): ArrowFiles
cellColData names(22): Sample TSSEnrichment ... FRIP predAnn
numberOfCells(1): 1
medianTSS(1): 13.414
medianFrags(1): 97573


peakAnnoEnrichment Input-Parameters$peakAnnotation: length = 1
[1] "Motif"


peakAnnoEnrichment Input-Parameters$matches: length = 0
NULL


peakAnnoEnrichment Input-Parameters$cutOff: length = 1
[1] "FDR <= 0.05 & Log2FC >= 0.5"


peakAnnoEnrichment Input-Parameters$background: length = 1
[1] "all"


peakAnnoEnrichment Input-Parameters$logFile: length = 1
[1] "ArchRLogs/ArchR-peakAnnoEnrichment-15cac1c661982-Date-2020-12-03_Time-16-02-01.log"



2020-12-03 16:02:04 : Peaks-Matches, Class = GRanges
GRanges object with 189874 ranges and 0 metadata columns:
            seqnames              ranges strand
               <Rle>           <IRanges>  <Rle>
  C2_Hybrid     chr1     3094009-3094509      *
    hybrid2     chr1     3094598-3095098      *
     C1_Inj     chr1     3164668-3165168      *
  C2_Hybrid     chr1     3203760-3204260      *
    resting     chr1     3221071-3221571      *
        ...      ...                 ...    ...
    hybrid1     chrX 169930547-169931047      *
    hybrid1     chrX 169931228-169931728      *
    resting     chrX 169937043-169937543      *
  C2_Hybrid     chrX 169940457-169940957      *
    resting     chrX 169950951-169951451      *
  -------
  seqinfo: 20 sequences from an unspecified genome; no seqlengths


2020-12-03 16:02:04 : Peaks-ArchRProj, Class = GRanges
GRanges object with 189874 ranges and 0 metadata columns:
            seqnames              ranges strand
               <Rle>           <IRanges>  <Rle>
  C2_Hybrid     chr1     3094009-3094509      *
    hybrid2     chr1     3094598-3095098      *
     C1_Inj     chr1     3164668-3165168      *
  C2_Hybrid     chr1     3203760-3204260      *
    resting     chr1     3221071-3221571      *
        ...      ...                 ...    ...
    hybrid1     chrX 169930547-169931047      *
    hybrid1     chrX 169931228-169931728      *
    resting     chrX 169937043-169937543      *
  C2_Hybrid     chrX 169940457-169940957      *
    resting     chrX 169950951-169951451      *
  -------
  seqinfo: 20 sequences from an unspecified genome; no seqlengths


2020-12-03 16:02:04 : Peaks-SeMarker, Class = GRanges
GRanges object with 189874 ranges and 0 metadata columns:
           seqnames              ranges strand
              <Rle>           <IRanges>  <Rle>
       [1]     chr1     3094009-3094509      *
       [2]     chr1     3094598-3095098      *
       [3]     chr1     3164668-3165168      *
       [4]     chr1     3203760-3204260      *
       [5]     chr1     3221071-3221571      *
       ...      ...                 ...    ...
  [189870]     chrX 169930547-169931047      *
  [189871]     chrX 169931228-169931728      *
  [189872]     chrX 169937043-169937543      *
  [189873]     chrX 169940457-169940957      *
  [189874]     chrX 169950951-169951451      *
  -------
  seqinfo: 20 sequences from an unspecified genome; no seqlengths


2020-12-03 16:02:04 : Peaks-Pasted-Matches, Class = character

Peaks-Pasted-Matches: length = 189874
[1] "chr1_3094009_3094509" "chr1_3094598_3095098" "chr1_3164668_3165168" "chr1_3203760_3204260"
[5] "chr1_3221071_3221571" "chr1_3249187_3249687"



2020-12-03 16:02:04 : Peaks-Pasted-ArchRProj, Class = character

Peaks-Pasted-ArchRProj: length = 189874
[1] "chr1_3094009_3094509" "chr1_3094598_3095098" "chr1_3164668_3165168" "chr1_3203760_3204260"
[5] "chr1_3221071_3221571" "chr1_3249187_3249687"



2020-12-03 16:02:04 : Peaks-Pasted-SeMarker, Class = character

Peaks-Pasted-SeMarker: length = 189874
[1] "chr1_3094009_3094509" "chr1_3094598_3095098" "chr1_3164668_3165168" "chr1_3203760_3204260"
[5] "chr1_3221071_3221571" "chr1_3249187_3249687"


2020-12-03 16:02:07 : Computing Enrichments 1 of 5, 0.093 mins elapsed.
2020-12-03 16:02:08 : Computing Enrichments 2 of 5, 0.12 mins elapsed.
2020-12-03 16:02:10 : Computing Enrichments 3 of 5, 0.148 mins elapsed.
2020-12-03 16:02:11 : Computing Enrichments 4 of 5, 0.173 mins elapsed.
2020-12-03 16:02:13 : Computing Enrichments 5 of 5, 0.191 mins elapsed.

------- Completed

End Time : 2020-12-03 16:02:15
Elapsed Time Minutes = 0.240124917030334
Elapsed Time Hours = 0.00400231056743198

-------



