
           ___      .______        ______  __    __  .______      
          /   \     |   _  \      /      ||  |  |  | |   _  \     
         /  ^  \    |  |_)  |    |  ,----'|  |__|  | |  |_)  |    
        /  /_\  \   |      /     |  |     |   __   | |      /     
       /  _____  \  |  |\  \\___ |  `----.|  |  |  | |  |\  \\___.
      /__/     \__\ | _| `._____| \______||__|  |__| | _| `._____|
    
Logging With ArchR!

Start Time : 2020-12-03 15:42:42

------- ArchR Info

ArchRThreads = 4
ArchRGenome = Mm10

------- System Info

Computer OS = unix
Total Cores = 8

------- Session Info

R version 3.6.2 (2019-12-12)
Platform: x86_64-apple-darwin15.6.0 (64-bit)
Running under: macOS Mojave 10.14.5

Matrix products: default
BLAS:   /System/Library/Frameworks/Accelerate.framework/Versions/A/Frameworks/vecLib.framework/Versions/A/libBLAS.dylib
LAPACK: /Library/Frameworks/R.framework/Versions/3.6/Resources/lib/libRlapack.dylib

locale:
[1] en_US.UTF-8/en_US.UTF-8/en_US.UTF-8/C/en_US.UTF-8/en_US.UTF-8

attached base packages:
 [1] grid      parallel  stats4    stats     graphics  grDevices utils     datasets  methods   base     

other attached packages:
 [1] BSgenome.Mmusculus.UCSC.mm10_1.4.0 BSgenome_1.54.0                    rtracklayer_1.46.0                
 [4] Biostrings_2.54.0                  XVector_0.26.0                     ggalluvial_0.12.0                 
 [7] patchwork_1.0.0                    Seurat_3.1.5                       Signac_0.2.5                      
[10] harmony_1.0                        Rcpp_1.0.3                         scater_1.14.6                     
[13] uwot_0.1.5                         scran_1.14.5                       forcats_0.4.0                     
[16] stringr_1.4.0                      dplyr_0.8.4                        purrr_0.3.3                       
[19] readr_1.3.1                        tidyr_1.0.2                        tibble_2.1.3                      
[22] tidyverse_1.3.0                    irlba_2.3.3                        gridExtra_2.3                     
[25] wesanderson_0.3.6                  pheatmap_1.0.12                    RColorBrewer_1.1-2                
[28] clusterExperiment_2.6.1            bigmemory_4.5.36                   rgl_0.100.30                      
[31] cowplot_1.0.0                      SingleCellExperiment_1.8.0         slingshot_1.5.2                   
[34] princurve_2.1.4                    edgeR_3.28.0                       limma_3.42.1                      
[37] UpSetR_1.4.0                       ArchR_0.9.5                        magrittr_1.5                      
[40] rhdf5_2.30.1                       Matrix_1.2-18                      data.table_1.12.8                 
[43] SummarizedExperiment_1.16.1        DelayedArray_0.12.2                BiocParallel_1.20.1               
[46] matrixStats_0.56.0                 Biobase_2.46.0                     GenomicRanges_1.38.0              
[49] GenomeInfoDb_1.22.0                IRanges_2.20.2                     S4Vectors_0.24.3                  
[52] BiocGenerics_0.32.0                ggplot2_3.3.2                     

loaded via a namespace (and not attached):
  [1] pkgmaker_0.31            acepack_1.4.1            bit64_0.9-7              knitr_1.28              
  [5] rpart_4.1-15             RCurl_1.98-1.1           doParallel_1.0.15        generics_0.0.2          
  [9] RSQLite_2.2.0            RANN_2.6.1               future_1.16.0            ggfittext_0.9.0         
 [13] bit_1.1-15.2             phylobase_0.8.6          webshot_0.5.2            xml2_1.3.2              
 [17] lubridate_1.7.4          httpuv_1.5.2             assertthat_0.2.1         viridis_0.5.1           
 [21] xfun_0.12                hms_0.5.3                evaluate_0.14            promises_1.1.0          
 [25] fansi_0.4.1              progress_1.2.2           caTools_1.18.0           dbplyr_1.4.2            
 [29] readxl_1.3.1             igraph_1.2.4.2           DBI_1.1.0                htmlwidgets_1.5.1       
 [33] ellipsis_0.3.0           gggenes_0.4.0            RSpectra_0.16-0          crosstalk_1.0.0         
 [37] backports_1.1.5          annotate_1.64.0          gridBase_0.4-7           locfdr_1.1-8            
 [41] RcppParallel_4.4.4       vctrs_0.2.2              ROCR_1.0-7               here_0.1                
 [45] Cairo_1.5-10             withr_2.1.2              packrat_0.5.0            checkmate_2.0.0         
 [49] sctransform_0.2.1        GenomicAlignments_1.22.1 prettyunits_1.1.1        softImpute_1.4          
 [53] cluster_2.1.0            ape_5.3                  lazyeval_0.2.2           crayon_1.3.4            
 [57] genefilter_1.68.0        pkgconfig_2.0.3          labeling_0.3             nlme_3.1-142            
 [61] vipor_0.4.5              nnet_7.3-12              globals_0.12.5           rafalib_1.0.0           
 [65] rlang_0.4.4.9000         lifecycle_0.1.0          miniUI_0.1.1.1           registry_0.5-1          
 [69] bigmemory.sri_0.1.3      modelr_0.1.5             rsvd_1.0.2               cellranger_1.1.0        
 [73] rprojroot_1.3-2          lmtest_0.9-37            rngtools_1.5             ggseqlogo_0.1           
 [77] zoo_1.8-7                Rhdf5lib_1.8.0           reprex_0.3.0             base64enc_0.1-3         
 [81] beeswarm_0.2.3           ggridges_0.5.2           GlobalOptions_0.1.1      png_0.1-7               
 [85] viridisLite_0.3.0        rjson_0.2.20             bitops_1.0-6             KernSmooth_2.23-16      
 [89] rncl_0.8.3               blob_1.2.1               DelayedMatrixStats_1.8.0 shape_1.4.4             
 [93] manipulateWidget_0.10.0  zinbwave_1.11.6          jpeg_0.1-8.1             scales_1.1.0            
 [97] ica_1.0-2                memoise_1.1.0            plyr_1.8.5               gplots_3.0.1.2          
[101] howmany_0.3-1            gdata_2.18.0             bibtex_0.4.2.2           zlibbioc_1.32.0         
[105] compiler_3.6.2           lsei_1.2-0               dqrng_0.2.1              clue_0.3-57             
[109] fitdistrplus_1.0-14      Rsamtools_2.2.1          cli_2.0.1                ade4_1.7-13             
[113] listenv_0.8.0            pbapply_1.4-2            htmlTable_1.13.3         Formula_1.2-3           
[117] MASS_7.3-51.4            tidyselect_1.0.0         stringi_1.4.5            yaml_2.2.1              
[121] BiocSingular_1.2.1       locfit_1.5-9.1           latticeExtra_0.6-29      ggrepel_0.8.1           
[125] tools_3.6.2              future.apply_1.4.0       circlize_0.4.8           rstudioapi_0.11         
[129] uuid_0.1-2               foreach_1.4.7            foreign_0.8-72           RNeXML_2.4.2            
[133] Rtsne_0.15               farver_2.0.3             digest_0.6.23            FNN_1.1.3               
[137] shiny_1.4.0              broom_0.5.4              later_1.0.0              RcppAnnoy_0.0.14        
[141] httr_1.4.1               AnnotationDbi_1.48.0     ComplexHeatmap_2.3.1     npsurv_0.4-0            
[145] kernlab_0.9-29           colorspace_1.4-1         reticulate_1.14          rvest_0.3.5             
[149] XML_3.99-0.3             fs_1.3.1                 splines_3.6.2            statmod_1.4.33          
[153] plotly_4.9.1             xtable_1.8-4             jsonlite_1.6.1           R6_2.4.1                
[157] Hmisc_4.3-1              pillar_1.4.3             htmltools_0.4.0          mime_0.9                
[161] NMF_0.21.0               glue_1.3.1               fastmap_1.0.1            BiocNeighbors_1.4.1     
[165] codetools_0.2-16         tsne_0.1-3               lattice_0.20-38          ggbeeswarm_0.6.0        
[169] leiden_0.3.4             gtools_3.8.1             survival_3.1-8           rmarkdown_2.1           
[173] munsell_0.5.0            GetoptLong_0.1.8         GenomeInfoDbData_1.2.2   iterators_1.0.12        
[177] HDF5Array_1.14.1         haven_2.2.0              reshape2_1.4.3           gtable_0.3.0            


------- Log Info


2020-12-03 15:42:42 : peakSet, Class = GRanges
GRanges object with 189874 ranges and 12 metadata columns:
            seqnames              ranges strand |     score replicateScoreQuantile groupScoreQuantile
               <Rle>           <IRanges>  <Rle> | <numeric>              <numeric>          <numeric>
  C2_Hybrid     chr1     3094009-3094509      * |   2.93819                  0.085              0.016
    hybrid2     chr1     3094598-3095098      * |   22.7439                  0.732              0.452
     C1_Inj     chr1     3164668-3165168      * |   2.68149                  0.597              0.452
  C2_Hybrid     chr1     3203760-3204260      * |   13.1275                  0.658              0.562
    resting     chr1     3221071-3221571      * |   3.36361                  0.218              0.069
        ...      ...                 ...    ... .       ...                    ...                ...
    hybrid1     chrX 169930547-169931047      * |   9.32971                  0.599              0.358
    hybrid1     chrX 169931228-169931728      * |   4.26553                  0.345              0.133
    resting     chrX 169937043-169937543      * |   16.2194                  0.614              0.469
  C2_Hybrid     chrX 169940457-169940957      * |   9.51297                   0.49              0.355
    resting     chrX 169950951-169951451      * |   6.15739                  0.355              0.195
            Reproducibility    GroupReplicate distToGeneStart   nearestGene    peakType distToTSS  nearestTSS
                  <numeric>       <character>       <integer>   <character> <character> <integer> <character>
  C2_Hybrid               2  C2_Hybrid._.s2UI          577238          Xkr4      Distal    121372  uc007afg.1
    hybrid2               2    hybrid2._.s3UI          576649          Xkr4      Distal    120783  uc007afg.1
     C1_Inj               3    C1_Inj._.Other          506579          Xkr4      Distal     50713  uc007afg.1
  C2_Hybrid               4  C2_Hybrid._.s3UI          467487          Xkr4      Distal     11621  uc007afg.1
    resting               2    resting._.s3UI          450176          Xkr4    Intronic      5688  uc007afg.1
        ...             ...               ...             ...           ...         ...       ...         ...
    hybrid1               2    hybrid1._.s3UI          151161 4933400A11Rik    Intronic      3842  uc009rco.1
    hybrid1               2    hybrid1._.s3UI          151842 4933400A11Rik    Intronic      4523  uc009rco.1
    resting               3    resting._.s1UI          157657 4933400A11Rik    Intronic     10338  uc009rco.1
  C2_Hybrid               2 C2_Hybrid._.s3Inj          161071 4933400A11Rik    Intronic     13752  uc009rco.1
    resting               4    resting._.s1UI          171565 4933400A11Rik    Intronic     21683  uc009rco.1
                   GC       idx
            <numeric> <integer>
  C2_Hybrid    0.5329         1
    hybrid2    0.4132         2
     C1_Inj    0.3653         3
  C2_Hybrid    0.4012         4
    resting    0.4232         5
        ...       ...       ...
    hybrid1    0.3972      3814
    hybrid1    0.4331      3815
    resting    0.4311      3816
  C2_Hybrid    0.4491      3817
    resting    0.3832      3818
  -------
  seqinfo: 20 sequences from an unspecified genome; no seqlengths

2020-12-03 15:42:42 : Batch Execution w/ safelapply!, 0 mins elapsed.

2020-12-03 15:42:43 : 

2020-12-03 15:42:43 : 

2020-12-03 15:42:43 : 

2020-12-03 15:42:43 : 

2020-12-03 15:42:43 : 

2020-12-03 15:42:43 : 

2020-12-03 15:42:43 : 

2020-12-03 15:42:43 : 

2020-12-03 15:42:43 : 

2020-12-03 15:42:43 : 

2020-12-03 15:42:43 : 

2020-12-03 15:42:43 : 

2020-12-03 15:42:43 : 
2020-12-03 15:42:43 : Transferring Fragments, 0.008 mins elapsed.

2020-12-03 15:42:43 : 
2020-12-03 15:42:43 : Transferring Fragments, 0.008 mins elapsed.

2020-12-03 15:42:43 : 

2020-12-03 15:42:43 : 
2020-12-03 15:42:43 : Transferring Fragments, 0.009 mins elapsed.
2020-12-03 15:42:43 : Transferring Fragments, 0.009 mins elapsed.
2020-12-03 15:42:54 : Transferring GeneScoreMatrix, 0.191 mins elapsed.
2020-12-03 15:42:54 : Transferring GeneScoreMatrix, 0.191 mins elapsed.
2020-12-03 15:42:54 : Transferring GeneScoreMatrix, 0.191 mins elapsed.
2020-12-03 15:42:54 : Transferring GeneScoreMatrix, 0.191 mins elapsed.
2020-12-03 15:43:00 : Transferring TileMatrix, 0.289 mins elapsed.
2020-12-03 15:43:00 : Transferring TileMatrix, 0.289 mins elapsed.
2020-12-03 15:43:00 : Transferring TileMatrix, 0.293 mins elapsed.
2020-12-03 15:43:01 : Transferring TileMatrix, 0.301 mins elapsed.

2020-12-03 15:43:11 : 
2020-12-03 15:43:11 : Completed Dropping of Group(s), 0.467 mins elapsed.

2020-12-03 15:43:11 : 
2020-12-03 15:43:11 : Completed Dropping of Group(s), 0.468 mins elapsed.

2020-12-03 15:43:11 : featureDF, Class = data.frame
featureDF: nRows = 189874, nCols = 4

2020-12-03 15:43:11 : featureDF, Class = data.frame
featureDF: nRows = 189874, nCols = 4





2020-12-03 15:43:11 : 
2020-12-03 15:43:11 : Completed Dropping of Group(s), 0.472 mins elapsed.

2020-12-03 15:43:11 : featureDF, Class = data.frame
featureDF: nRows = 189874, nCols = 4


2020-12-03 15:43:12 : Adding s3UI to PeakMatrix for Chr (1 of 20)!, 0.019 mins elapsed.
2020-12-03 15:43:12 : Adding s2UI to PeakMatrix for Chr (1 of 20)!, 0.02 mins elapsed.
2020-12-03 15:43:12 : Adding s3Inj to PeakMatrix for Chr (1 of 20)!, 0.02 mins elapsed.

2020-12-03 15:43:13 : 
2020-12-03 15:43:13 : Completed Dropping of Group(s), 0.509 mins elapsed.

2020-12-03 15:43:13 : featureDF, Class = data.frame
featureDF: nRows = 189874, nCols = 4


2020-12-03 15:43:14 : Adding s1Inj to PeakMatrix for Chr (1 of 20)!, 0.018 mins elapsed.
2020-12-03 15:43:16 : Adding s2UI to PeakMatrix for Chr (2 of 20)!, 0.091 mins elapsed.
2020-12-03 15:43:16 : Adding s3UI to PeakMatrix for Chr (2 of 20)!, 0.093 mins elapsed.
2020-12-03 15:43:16 : Adding s3Inj to PeakMatrix for Chr (2 of 20)!, 0.093 mins elapsed.
2020-12-03 15:43:19 : Adding s1Inj to PeakMatrix for Chr (2 of 20)!, 0.103 mins elapsed.
2020-12-03 15:43:20 : Adding s2UI to PeakMatrix for Chr (3 of 20)!, 0.162 mins elapsed.
2020-12-03 15:43:21 : Adding s3UI to PeakMatrix for Chr (3 of 20)!, 0.167 mins elapsed.
2020-12-03 15:43:21 : Adding s3Inj to PeakMatrix for Chr (3 of 20)!, 0.166 mins elapsed.
2020-12-03 15:43:25 : Adding s2UI to PeakMatrix for Chr (4 of 20)!, 0.234 mins elapsed.
2020-12-03 15:43:25 : Adding s1Inj to PeakMatrix for Chr (3 of 20)!, 0.193 mins elapsed.
2020-12-03 15:43:25 : Adding s3UI to PeakMatrix for Chr (4 of 20)!, 0.241 mins elapsed.
2020-12-03 15:43:25 : Adding s3Inj to PeakMatrix for Chr (4 of 20)!, 0.24 mins elapsed.
2020-12-03 15:43:29 : Adding s2UI to PeakMatrix for Chr (5 of 20)!, 0.306 mins elapsed.
2020-12-03 15:43:29 : Adding s1Inj to PeakMatrix for Chr (4 of 20)!, 0.274 mins elapsed.
2020-12-03 15:43:30 : Adding s3UI to PeakMatrix for Chr (5 of 20)!, 0.317 mins elapsed.
2020-12-03 15:43:30 : Adding s3Inj to PeakMatrix for Chr (5 of 20)!, 0.316 mins elapsed.
2020-12-03 15:43:33 : Adding s2UI to PeakMatrix for Chr (6 of 20)!, 0.377 mins elapsed.
2020-12-03 15:43:34 : Adding s3UI to PeakMatrix for Chr (6 of 20)!, 0.393 mins elapsed.
2020-12-03 15:43:34 : Adding s3Inj to PeakMatrix for Chr (6 of 20)!, 0.391 mins elapsed.
2020-12-03 15:43:35 : Adding s1Inj to PeakMatrix for Chr (5 of 20)!, 0.361 mins elapsed.
2020-12-03 15:43:38 : Adding s2UI to PeakMatrix for Chr (7 of 20)!, 0.451 mins elapsed.
2020-12-03 15:43:39 : Adding s3UI to PeakMatrix for Chr (7 of 20)!, 0.469 mins elapsed.
2020-12-03 15:43:39 : Adding s3Inj to PeakMatrix for Chr (7 of 20)!, 0.467 mins elapsed.
2020-12-03 15:43:40 : Adding s1Inj to PeakMatrix for Chr (6 of 20)!, 0.449 mins elapsed.
2020-12-03 15:43:43 : Adding s2UI to PeakMatrix for Chr (8 of 20)!, 0.54 mins elapsed.
2020-12-03 15:43:45 : Adding s3UI to PeakMatrix for Chr (8 of 20)!, 0.573 mins elapsed.
2020-12-03 15:43:45 : Adding s3Inj to PeakMatrix for Chr (8 of 20)!, 0.571 mins elapsed.
2020-12-03 15:43:47 : Adding s1Inj to PeakMatrix for Chr (7 of 20)!, 0.558 mins elapsed.
2020-12-03 15:43:49 : Adding s2UI to PeakMatrix for Chr (9 of 20)!, 0.637 mins elapsed.
2020-12-03 15:43:50 : Adding s3UI to PeakMatrix for Chr (9 of 20)!, 0.661 mins elapsed.
2020-12-03 15:43:51 : Adding s3Inj to PeakMatrix for Chr (9 of 20)!, 0.664 mins elapsed.
2020-12-03 15:43:53 : Adding s1Inj to PeakMatrix for Chr (8 of 20)!, 0.668 mins elapsed.
2020-12-03 15:43:54 : Adding s2UI to PeakMatrix for Chr (10 of 20)!, 0.725 mins elapsed.
2020-12-03 15:43:56 : Adding s3UI to PeakMatrix for Chr (10 of 20)!, 0.757 mins elapsed.
2020-12-03 15:43:57 : Adding s3Inj to PeakMatrix for Chr (10 of 20)!, 0.762 mins elapsed.
2020-12-03 15:44:00 : Adding s1Inj to PeakMatrix for Chr (9 of 20)!, 0.78 mins elapsed.
2020-12-03 15:44:00 : Adding s2UI to PeakMatrix for Chr (11 of 20)!, 0.828 mins elapsed.
2020-12-03 15:44:02 : Adding s3UI to PeakMatrix for Chr (11 of 20)!, 0.859 mins elapsed.
2020-12-03 15:44:02 : Adding s3Inj to PeakMatrix for Chr (11 of 20)!, 0.858 mins elapsed.
2020-12-03 15:44:07 : Adding s1Inj to PeakMatrix for Chr (10 of 20)!, 0.895 mins elapsed.
2020-12-03 15:44:07 : Adding s2UI to PeakMatrix for Chr (12 of 20)!, 0.941 mins elapsed.
2020-12-03 15:44:09 : Adding s3UI to PeakMatrix for Chr (12 of 20)!, 0.971 mins elapsed.
2020-12-03 15:44:09 : Adding s3Inj to PeakMatrix for Chr (12 of 20)!, 0.967 mins elapsed.
2020-12-03 15:44:13 : Adding s2UI to PeakMatrix for Chr (13 of 20)!, 1.032 mins elapsed.
2020-12-03 15:44:13 : Adding s1Inj to PeakMatrix for Chr (11 of 20)!, 1.003 mins elapsed.
2020-12-03 15:44:14 : Adding s3Inj to PeakMatrix for Chr (13 of 20)!, 1.059 mins elapsed.
2020-12-03 15:44:14 : Adding s3UI to PeakMatrix for Chr (13 of 20)!, 1.064 mins elapsed.
2020-12-03 15:44:18 : Adding s2UI to PeakMatrix for Chr (14 of 20)!, 1.117 mins elapsed.
2020-12-03 15:44:20 : Adding s1Inj to PeakMatrix for Chr (12 of 20)!, 1.115 mins elapsed.
2020-12-03 15:44:20 : Adding s3Inj to PeakMatrix for Chr (14 of 20)!, 1.152 mins elapsed.
2020-12-03 15:44:20 : Adding s3UI to PeakMatrix for Chr (14 of 20)!, 1.157 mins elapsed.
2020-12-03 15:44:22 : Adding s2UI to PeakMatrix for Chr (15 of 20)!, 1.195 mins elapsed.
2020-12-03 15:44:24 : Adding s3Inj to PeakMatrix for Chr (15 of 20)!, 1.221 mins elapsed.
2020-12-03 15:44:24 : Adding s3UI to PeakMatrix for Chr (15 of 20)!, 1.225 mins elapsed.
2020-12-03 15:44:24 : Adding s1Inj to PeakMatrix for Chr (13 of 20)!, 1.188 mins elapsed.
2020-12-03 15:44:26 : Adding s2UI to PeakMatrix for Chr (16 of 20)!, 1.261 mins elapsed.
2020-12-03 15:44:28 : Adding s3Inj to PeakMatrix for Chr (16 of 20)!, 1.291 mins elapsed.
2020-12-03 15:44:28 : Adding s3UI to PeakMatrix for Chr (16 of 20)!, 1.297 mins elapsed.
2020-12-03 15:44:29 : Adding s1Inj to PeakMatrix for Chr (14 of 20)!, 1.268 mins elapsed.
2020-12-03 15:44:31 : Adding s2UI to PeakMatrix for Chr (17 of 20)!, 1.339 mins elapsed.
2020-12-03 15:44:33 : Adding s3Inj to PeakMatrix for Chr (17 of 20)!, 1.375 mins elapsed.
2020-12-03 15:44:34 : Adding s3UI to PeakMatrix for Chr (17 of 20)!, 1.382 mins elapsed.
2020-12-03 15:44:35 : Adding s1Inj to PeakMatrix for Chr (15 of 20)!, 1.359 mins elapsed.
2020-12-03 15:44:35 : Adding s2UI to PeakMatrix for Chr (18 of 20)!, 1.415 mins elapsed.
2020-12-03 15:44:38 : Adding s3Inj to PeakMatrix for Chr (18 of 20)!, 1.446 mins elapsed.
2020-12-03 15:44:38 : Adding s3UI to PeakMatrix for Chr (18 of 20)!, 1.452 mins elapsed.
2020-12-03 15:44:39 : Adding s1Inj to PeakMatrix for Chr (16 of 20)!, 1.433 mins elapsed.
2020-12-03 15:44:39 : Adding s2UI to PeakMatrix for Chr (19 of 20)!, 1.478 mins elapsed.
2020-12-03 15:44:41 : Adding s3Inj to PeakMatrix for Chr (19 of 20)!, 1.508 mins elapsed.
2020-12-03 15:44:42 : Adding s3UI to PeakMatrix for Chr (19 of 20)!, 1.515 mins elapsed.
2020-12-03 15:44:43 : Adding s2UI to PeakMatrix for Chr (20 of 20)!, 1.539 mins elapsed.
2020-12-03 15:44:43 : Adding s1Inj to PeakMatrix for Chr (17 of 20)!, 1.5 mins elapsed.
2020-12-03 15:44:45 : Adding s3Inj to PeakMatrix for Chr (20 of 20)!, 1.574 mins elapsed.
2020-12-03 15:44:45 : Adding s3UI to PeakMatrix for Chr (20 of 20)!, 1.581 mins elapsed.
2020-12-03 15:44:48 : Adding s1Inj to PeakMatrix for Chr (18 of 20)!, 1.576 mins elapsed.

2020-12-03 15:44:48 : 

2020-12-03 15:44:48 : 

2020-12-03 15:44:48 : 

2020-12-03 15:44:49 : 
2020-12-03 15:44:49 : Transferring Fragments, 0.013 mins elapsed.

2020-12-03 15:44:50 : 

2020-12-03 15:44:50 : 

2020-12-03 15:44:50 : 

2020-12-03 15:44:50 : 
2020-12-03 15:44:50 : Transferring Fragments, 0.007 mins elapsed.
2020-12-03 15:44:51 : Adding s1Inj to PeakMatrix for Chr (19 of 20)!, 1.637 mins elapsed.
2020-12-03 15:44:54 : Adding s1Inj to PeakMatrix for Chr (20 of 20)!, 1.686 mins elapsed.
2020-12-03 15:44:57 : Transferring GeneScoreMatrix, 0.118 mins elapsed.
2020-12-03 15:44:57 : Transferring GeneScoreMatrix, 0.15 mins elapsed.
2020-12-03 15:45:00 : Transferring TileMatrix, 0.164 mins elapsed.
2020-12-03 15:45:00 : Transferring TileMatrix, 0.198 mins elapsed.

2020-12-03 15:45:04 : 
2020-12-03 15:45:04 : Completed Dropping of Group(s), 0.267 mins elapsed.

2020-12-03 15:45:04 : 

2020-12-03 15:45:04 : featureDF, Class = data.frame
featureDF: nRows = 189874, nCols = 4


2020-12-03 15:45:04 : Completed Dropping of Group(s), 0.236 mins elapsed.

2020-12-03 15:45:04 : featureDF, Class = data.frame
featureDF: nRows = 189874, nCols = 4


2020-12-03 15:45:05 : Adding s2Inj to PeakMatrix for Chr (1 of 20)!, 0.012 mins elapsed.
2020-12-03 15:45:05 : Adding s1UI to PeakMatrix for Chr (1 of 20)!, 0.012 mins elapsed.
2020-12-03 15:45:07 : Adding s1UI to PeakMatrix for Chr (2 of 20)!, 0.06 mins elapsed.
2020-12-03 15:45:08 : Adding s2Inj to PeakMatrix for Chr (2 of 20)!, 0.062 mins elapsed.
2020-12-03 15:45:10 : Adding s1UI to PeakMatrix for Chr (3 of 20)!, 0.106 mins elapsed.
2020-12-03 15:45:10 : Adding s2Inj to PeakMatrix for Chr (3 of 20)!, 0.111 mins elapsed.
2020-12-03 15:45:13 : Adding s1UI to PeakMatrix for Chr (4 of 20)!, 0.153 mins elapsed.
2020-12-03 15:45:13 : Adding s2Inj to PeakMatrix for Chr (4 of 20)!, 0.159 mins elapsed.
2020-12-03 15:45:16 : Adding s1UI to PeakMatrix for Chr (5 of 20)!, 0.2 mins elapsed.
2020-12-03 15:45:16 : Adding s2Inj to PeakMatrix for Chr (5 of 20)!, 0.209 mins elapsed.
2020-12-03 15:45:19 : Adding s1UI to PeakMatrix for Chr (6 of 20)!, 0.246 mins elapsed.
2020-12-03 15:45:19 : Adding s2Inj to PeakMatrix for Chr (6 of 20)!, 0.258 mins elapsed.
2020-12-03 15:45:21 : Adding s1UI to PeakMatrix for Chr (7 of 20)!, 0.293 mins elapsed.
2020-12-03 15:45:22 : Adding s2Inj to PeakMatrix for Chr (7 of 20)!, 0.307 mins elapsed.
2020-12-03 15:45:24 : Adding s1UI to PeakMatrix for Chr (8 of 20)!, 0.342 mins elapsed.
2020-12-03 15:45:25 : Adding s2Inj to PeakMatrix for Chr (8 of 20)!, 0.357 mins elapsed.
2020-12-03 15:45:27 : Adding s1UI to PeakMatrix for Chr (9 of 20)!, 0.388 mins elapsed.
2020-12-03 15:45:28 : Adding s2Inj to PeakMatrix for Chr (9 of 20)!, 0.407 mins elapsed.
2020-12-03 15:45:30 : Adding s1UI to PeakMatrix for Chr (10 of 20)!, 0.436 mins elapsed.
2020-12-03 15:45:31 : Adding s2Inj to PeakMatrix for Chr (10 of 20)!, 0.456 mins elapsed.
2020-12-03 15:45:33 : Adding s1UI to PeakMatrix for Chr (11 of 20)!, 0.482 mins elapsed.
2020-12-03 15:45:34 : Adding s2Inj to PeakMatrix for Chr (11 of 20)!, 0.503 mins elapsed.
2020-12-03 15:45:36 : Adding s1UI to PeakMatrix for Chr (12 of 20)!, 0.531 mins elapsed.
2020-12-03 15:45:37 : Adding s2Inj to PeakMatrix for Chr (12 of 20)!, 0.554 mins elapsed.
2020-12-03 15:45:39 : Adding s1UI to PeakMatrix for Chr (13 of 20)!, 0.579 mins elapsed.
2020-12-03 15:45:40 : Adding s2Inj to PeakMatrix for Chr (13 of 20)!, 0.603 mins elapsed.
2020-12-03 15:45:41 : Adding s1UI to PeakMatrix for Chr (14 of 20)!, 0.625 mins elapsed.
2020-12-03 15:45:43 : Adding s2Inj to PeakMatrix for Chr (14 of 20)!, 0.65 mins elapsed.
2020-12-03 15:45:44 : Adding s1UI to PeakMatrix for Chr (15 of 20)!, 0.671 mins elapsed.
2020-12-03 15:45:46 : Adding s2Inj to PeakMatrix for Chr (15 of 20)!, 0.698 mins elapsed.
2020-12-03 15:45:47 : Adding s1UI to PeakMatrix for Chr (16 of 20)!, 0.719 mins elapsed.
2020-12-03 15:45:49 : Adding s2Inj to PeakMatrix for Chr (16 of 20)!, 0.747 mins elapsed.
2020-12-03 15:45:50 : Adding s1UI to PeakMatrix for Chr (17 of 20)!, 0.765 mins elapsed.
2020-12-03 15:45:51 : Adding s2Inj to PeakMatrix for Chr (17 of 20)!, 0.795 mins elapsed.
2020-12-03 15:45:53 : Adding s1UI to PeakMatrix for Chr (18 of 20)!, 0.813 mins elapsed.
2020-12-03 15:45:54 : Adding s2Inj to PeakMatrix for Chr (18 of 20)!, 0.843 mins elapsed.
2020-12-03 15:45:55 : Adding s1UI to PeakMatrix for Chr (19 of 20)!, 0.858 mins elapsed.
2020-12-03 15:45:57 : Adding s2Inj to PeakMatrix for Chr (19 of 20)!, 0.89 mins elapsed.
2020-12-03 15:45:58 : Adding s1UI to PeakMatrix for Chr (20 of 20)!, 0.905 mins elapsed.
2020-12-03 15:46:00 : Adding s2Inj to PeakMatrix for Chr (20 of 20)!, 0.939 mins elapsed.

------- Completed

End Time : 2020-12-03 15:46:03
Elapsed Time Minutes = 3.35946218172709
Elapsed Time Hours = 0.0559911658366521

-------



