
           ___      .______        ______  __    __  .______      
          /   \     |   _  \      /      ||  |  |  | |   _  \     
         /  ^  \    |  |_)  |    |  ,----'|  |__|  | |  |_)  |    
        /  /_\  \   |      /     |  |     |   __   | |      /     
       /  _____  \  |  |\  \\___ |  `----.|  |  |  | |  |\  \\___.
      /__/     \__\ | _| `._____| \______||__|  |__| | _| `._____|
    
Logging With ArchR!

Start Time : 2020-11-24 16:11:36

------- ArchR Info

ArchRThreads = 4
ArchRGenome = Mm10

------- System Info

Computer OS = unix
Total Cores = 8

------- Session Info

R version 3.6.2 (2019-12-12)
Platform: x86_64-apple-darwin15.6.0 (64-bit)
Running under: macOS Mojave 10.14.5

Matrix products: default
BLAS:   /System/Library/Frameworks/Accelerate.framework/Versions/A/Frameworks/vecLib.framework/Versions/A/libBLAS.dylib
LAPACK: /Library/Frameworks/R.framework/Versions/3.6/Resources/lib/libRlapack.dylib

locale:
[1] en_US.UTF-8/en_US.UTF-8/en_US.UTF-8/C/en_US.UTF-8/en_US.UTF-8

attached base packages:
 [1] parallel  stats4    grid      stats     graphics  grDevices utils     datasets  methods   base     

other attached packages:
 [1] circlize_0.4.8                     ComplexHeatmap_2.3.1               gtable_0.3.0                      
 [4] harmony_1.0                        Rcpp_1.0.3                         uwot_0.1.5                        
 [7] gridExtra_2.3                      nabor_0.5.0                        Seurat_3.1.5                      
[10] BSgenome.Mmusculus.UCSC.mm10_1.4.0 BSgenome_1.54.0                    rtracklayer_1.46.0                
[13] Biostrings_2.54.0                  XVector_0.26.0                     ArchR_0.9.5                       
[16] magrittr_1.5                       rhdf5_2.30.1                       data.table_1.12.8                 
[19] SummarizedExperiment_1.16.1        DelayedArray_0.12.2                BiocParallel_1.20.1               
[22] Biobase_2.46.0                     GenomicRanges_1.38.0               GenomeInfoDb_1.22.0               
[25] IRanges_2.20.2                     S4Vectors_0.24.3                   BiocGenerics_0.32.0               
[28] ggplot2_3.3.2                      knitr_1.28                         matrixStats_0.56.0                
[31] genomation_1.18.0                  Matrix_1.2-18                     

loaded via a namespace (and not attached):
  [1] plyr_1.8.5               igraph_1.2.4.2           lazyeval_0.2.2           splines_3.6.2           
  [5] listenv_0.8.0            gridBase_0.4-7           digest_0.6.23            htmltools_0.4.0         
  [9] gdata_2.18.0             cluster_2.1.0            ROCR_1.0-7               globals_0.12.5          
 [13] readr_1.3.1              RcppParallel_4.4.4       colorspace_1.4-1         ggrepel_0.8.1           
 [17] xfun_0.12                dplyr_0.8.4              crayon_1.3.4             RCurl_1.98-1.1          
 [21] jsonlite_1.6.1           hexbin_1.28.0            impute_1.60.0            survival_3.1-8          
 [25] zoo_1.8-7                ape_5.3                  glue_1.3.1               zlibbioc_1.32.0         
 [29] leiden_0.3.4             GetoptLong_0.1.8         Rhdf5lib_1.8.0           future.apply_1.4.0      
 [33] shape_1.4.4              scales_1.1.0             plotrix_3.7-7            viridisLite_0.3.0       
 [37] clue_0.3-57              reticulate_1.14          rsvd_1.0.2               tsne_0.1-3              
 [41] htmlwidgets_1.5.1        httr_1.4.1               gplots_3.0.1.2           RColorBrewer_1.1-2      
 [45] ica_1.0-2                pkgconfig_2.0.3          XML_3.99-0.3             farver_2.0.3            
 [49] tidyselect_1.0.0         labeling_0.3             rlang_0.4.4.9000         reshape2_1.4.3          
 [53] munsell_0.5.0            tools_3.6.2              ggridges_0.5.2           evaluate_0.14           
 [57] stringr_1.4.0            yaml_2.2.1               npsurv_0.4-0             fitdistrplus_1.0-14     
 [61] caTools_1.18.0           purrr_0.3.3              RANN_2.6.1               packrat_0.5.0           
 [65] pbapply_1.4-2            future_1.16.0            nlme_3.1-142             compiler_3.6.2          
 [69] rstudioapi_0.11          plotly_4.9.1             png_0.1-7                lsei_1.2-0              
 [73] tibble_2.1.3             stringi_1.4.5            RSpectra_0.16-0          lattice_0.20-38         
 [77] vctrs_0.2.2              pillar_1.4.3             lifecycle_0.1.0          lmtest_0.9-37           
 [81] GlobalOptions_0.1.1      RcppAnnoy_0.0.14         cowplot_1.0.0            bitops_1.0-6            
 [85] irlba_2.3.3              patchwork_1.0.0          R6_2.4.1                 KernSmooth_2.23-16      
 [89] codetools_0.2-16         MASS_7.3-51.4            gtools_3.8.1             assertthat_0.2.1        
 [93] rjson_0.2.20             withr_2.1.2              GenomicAlignments_1.22.1 sctransform_0.2.1       
 [97] Rsamtools_2.2.1          GenomeInfoDbData_1.2.2   hms_0.5.3                tidyr_1.0.2             
[101] rmarkdown_2.1            Cairo_1.5-10             Rtsne_0.15               seqPattern_1.18.0       


------- Log Info


2020-11-24 16:11:37 : ReproduciblePeakSet Args, Class = list

ReproduciblePeakSet Args$ArchRProj: length = 1
class: ArchRProject 
outputDirectory: /Users/koenvandenberge/Dropbox/research/brainStat/hbcRegenGithub/data/scATAC/archR_samples_pairwise 
samples(6): s1Inj s3Inj ... s2Inj s1UI
sampleColData names(1): ArrowFiles
cellColData names(19): Sample TSSEnrichment ... hbcInj clHBCMerged
numberOfCells(1): 1
medianTSS(1): 13.414
medianFrags(1): 97573


ReproduciblePeakSet Args$groupBy: length = 1
[1] "clHBCMerged"


ReproduciblePeakSet Args$peakMethod: length = 1
[1] "Macs2"


ReproduciblePeakSet Args$reproducibility: length = 1
[1] "2"


ReproduciblePeakSet Args$peaksPerCell: length = 1
[1] 500


ReproduciblePeakSet Args$maxPeaks: length = 1
[1] 150000


ReproduciblePeakSet Args$minCells: length = 1
[1] 25


ReproduciblePeakSet Args$excludeChr: length = 2
[1] "chrM" "chrY"


ReproduciblePeakSet Args$pathToMacs2: length = 1
[1] "/Users/koenvandenberge/opt/anaconda3/bin/macs2"


ReproduciblePeakSet Args$genomeSize: length = 0
NULL


ReproduciblePeakSet Args$shift: length = 1
[1] -75


ReproduciblePeakSet Args$extsize: length = 1
[1] 150


ReproduciblePeakSet Args$method: length = 1
[1] "q"


ReproduciblePeakSet Args$cutOff: length = 1
[1] 0.1


ReproduciblePeakSet Args$additionalParams: length = 1
[1] "--nomodel --nolambda"


ReproduciblePeakSet Args$extendSummits: length = 1
[1] 250


ReproduciblePeakSet Args$promoterRegion: length = 2
[1] 2000  100


ReproduciblePeakSet Args$plot: length = 1
[1] TRUE


ReproduciblePeakSet Args$threads: length = 1
[1] 4


ReproduciblePeakSet Args$parallelParam: length = 0
NULL


ReproduciblePeakSet Args$force: length = 1
[1] FALSE


ReproduciblePeakSet Args$verbose: length = 1
[1] TRUE


ReproduciblePeakSet Args$logFile: length = 1
[1] "ArchRLogs/ArchR-addReproduciblePeakSet-879972ed3109-Date-2020-11-24_Time-16-11-36.log"



2020-11-24 16:11:37 : 
2020-11-24 16:11:37 : Peak Calling Parameters!, 0.004 mins elapsed.

2020-11-24 16:11:37 : PeakCallSummary, Class = data.frame
PeakCallSummary: nRows = 3, nCols = 7


2020-11-24 16:11:37 : Batching Peak Calls!, 0.004 mins elapsed.

2020-11-24 16:11:37 : PeakArgs, Class = list

PeakArgs$X: length = 15
[1] 1 2 3 4 5 6


PeakArgs$FUN: length = 1
                                                                                
1 function (i = NULL, coverageFiles = NULL, outFiles = NULL, peakParams = NULL, 
2     bedDir = NULL, excludeChr = NULL, subThreads = 1, tstart = NULL,          
3     logFile = NULL)                                                           
4 {                                                                             
5     .logDiffTime(sprintf("Group %s of %s, Calling Peaks with MACS2!",         
6         i, length(coverageFiles)), tstart, verbose = TRUE, logFile = logFile) 


PeakArgs$coverageFiles: length = 15
                                                                                                                                                           C1_Inj._.s1Inj 
   "/Users/koenvandenberge/Dropbox/research/brainStat/hbcRegenGithub/data/scATAC/archR_samples_pairwise/GroupCoverages/clHBCMerged/C1_Inj._.s1Inj.insertions.coverage.h5" 
                                                                                                                                                           C1_Inj._.s2Inj 
   "/Users/koenvandenberge/Dropbox/research/brainStat/hbcRegenGithub/data/scATAC/archR_samples_pairwise/GroupCoverages/clHBCMerged/C1_Inj._.s2Inj.insertions.coverage.h5" 
                                                                                                                                                           C1_Inj._.s3Inj 
   "/Users/koenvandenberge/Dropbox/research/brainStat/hbcRegenGithub/data/scATAC/archR_samples_pairwise/GroupCoverages/clHBCMerged/C1_Inj._.s3Inj.insertions.coverage.h5" 
                                                                                                                                                           C1_Inj._.Other 
   "/Users/koenvandenberge/Dropbox/research/brainStat/hbcRegenGithub/data/scATAC/archR_samples_pairwise/GroupCoverages/clHBCMerged/C1_Inj._.Other.insertions.coverage.h5" 
                                                                                                                                                         C2_Hybrid._.s3UI 
 "/Users/koenvandenberge/Dropbox/research/brainStat/hbcRegenGithub/data/scATAC/archR_samples_pairwise/GroupCoverages/clHBCMerged/C2_Hybrid._.s3UI.insertions.coverage.h5" 
                                                                                                                                                        C2_Hybrid._.s3Inj 
"/Users/koenvandenberge/Dropbox/research/brainStat/hbcRegenGithub/data/scATAC/archR_samples_pairwise/GroupCoverages/clHBCMerged/C2_Hybrid._.s3Inj.insertions.coverage.h5" 


PeakArgs$outFiles: length = 15
[1] "/Users/koenvandenberge/Dropbox/research/brainStat/hbcRegenGithub/data/scATAC/archR_samples_pairwise/PeakCalls/ReplicateCalls/C1_Inj._.s1Inj-summits.rds"   
[2] "/Users/koenvandenberge/Dropbox/research/brainStat/hbcRegenGithub/data/scATAC/archR_samples_pairwise/PeakCalls/ReplicateCalls/C1_Inj._.s2Inj-summits.rds"   
[3] "/Users/koenvandenberge/Dropbox/research/brainStat/hbcRegenGithub/data/scATAC/archR_samples_pairwise/PeakCalls/ReplicateCalls/C1_Inj._.s3Inj-summits.rds"   
[4] "/Users/koenvandenberge/Dropbox/research/brainStat/hbcRegenGithub/data/scATAC/archR_samples_pairwise/PeakCalls/ReplicateCalls/C1_Inj._.Other-summits.rds"   
[5] "/Users/koenvandenberge/Dropbox/research/brainStat/hbcRegenGithub/data/scATAC/archR_samples_pairwise/PeakCalls/ReplicateCalls/C2_Hybrid._.s3UI-summits.rds" 
[6] "/Users/koenvandenberge/Dropbox/research/brainStat/hbcRegenGithub/data/scATAC/archR_samples_pairwise/PeakCalls/ReplicateCalls/C2_Hybrid._.s3Inj-summits.rds"


PeakArgs$bedDir: length = 1
[1] "/Users/koenvandenberge/Dropbox/research/brainStat/hbcRegenGithub/data/scATAC/archR_samples_pairwise/PeakCalls/InsertionBeds"


PeakArgs$excludeChr: length = 2
[1] "chrM" "chrY"


PeakArgs$threads: length = 1
[1] 4


PeakArgs$logFile: length = 1
[1] "ArchRLogs/ArchR-addReproduciblePeakSet-879972ed3109-Date-2020-11-24_Time-16-11-36.log"


PeakArgs$registryDir: length = 1
[1] "/Users/koenvandenberge/Dropbox/research/brainStat/hbcRegenGithub/data/scATAC/archR_samples_pairwise/PeakCalls/batchRegistry"


2020-11-24 16:11:37 : Batch Execution w/ safelapply!, 0 mins elapsed.
2020-11-24 16:11:37 : Group 1 of 15, Calling Peaks with MACS2!, 0 mins elapsed.
2020-11-24 16:11:37 : Group 2 of 15, Calling Peaks with MACS2!, 0 mins elapsed.
2020-11-24 16:11:37 : Group 3 of 15, Calling Peaks with MACS2!, 0 mins elapsed.
2020-11-24 16:11:37 : Group 4 of 15, Calling Peaks with MACS2!, 0 mins elapsed.

2020-11-24 16:11:37 : InsertionSites, Class = integer

InsertionSites: length = 19072
[1] 3094618 3094831 3094833 3094963 3094965 3095023



2020-11-24 16:11:37 : InsertionSites-DT, Class = data.table
 
2020-11-24 16:11:37 : InsertionSites-DT, Class = data.frame
InsertionSites-DT: nRows = 19072, nCols = 3



2020-11-24 16:11:37 : InsertionSites, Class = integer

InsertionSites: length = 600986
[1] 3008304 3008440 3008442 3008504 3008506 3008553



2020-11-24 16:11:37 : InsertionSites-DT, Class = data.table
 
2020-11-24 16:11:37 : InsertionSites-DT, Class = data.frame
InsertionSites-DT: nRows = 600986, nCols = 3



2020-11-24 16:11:37 : InsertionSites, Class = integer

InsertionSites: length = 845892
[1] 3003745 3003806 3012678 3013271 3027745 3028635



2020-11-24 16:11:37 : InsertionSites-DT, Class = data.table
 
2020-11-24 16:11:37 : InsertionSites-DT, Class = data.frame
InsertionSites-DT: nRows = 845892, nCols = 3

2020-11-24 16:11:37 : InsertionSites, Class = integer

InsertionSites: length = 990768
[1] 3000880 3001045 3001465 3001635 3001668 3001834





2020-11-24 16:11:37 : InsertionSites-DT, Class = data.table
 
2020-11-24 16:11:37 : InsertionSites-DT, Class = data.frame
InsertionSites-DT: nRows = 990768, nCols = 3



2020-11-24 16:11:38 : 

2020-11-24 16:11:42 : 

2020-11-24 16:11:45 : 

2020-11-24 16:11:46 : 
2020-11-24 16:13:40 : Group 5 of 15, Calling Peaks with MACS2!, 2.049 mins elapsed.

2020-11-24 16:13:40 : InsertionSites, Class = integer

InsertionSites: length = 1295624
[1] 3001601 3001775 3006521 3006694 3008639 3008853



2020-11-24 16:13:40 : InsertionSites-DT, Class = data.table
 
2020-11-24 16:13:40 : InsertionSites-DT, Class = data.frame
InsertionSites-DT: nRows = 1295624, nCols = 3



2020-11-24 16:13:53 : 
2020-11-24 16:14:25 : Group 6 of 15, Calling Peaks with MACS2!, 2.811 mins elapsed.

2020-11-24 16:14:26 : InsertionSites, Class = integer

InsertionSites: length = 887632
[1] 3000822 3001044 3005666 3005858 3007206 3007391



2020-11-24 16:14:26 : InsertionSites-DT, Class = data.table
 
2020-11-24 16:14:26 : InsertionSites-DT, Class = data.frame
InsertionSites-DT: nRows = 887632, nCols = 3



2020-11-24 16:14:35 : 
2020-11-24 16:14:43 : Group 7 of 15, Calling Peaks with MACS2!, 3.112 mins elapsed.

2020-11-24 16:14:44 : InsertionSites, Class = integer

InsertionSites: length = 569996
[1] 3007593 3007730 3017663 3017877 3020812 3020854



2020-11-24 16:14:44 : InsertionSites-DT, Class = data.table
 
2020-11-24 16:14:44 : InsertionSites-DT, Class = data.frame
InsertionSites-DT: nRows = 569996, nCols = 3



2020-11-24 16:14:50 : 
2020-11-24 16:15:00 : Group 8 of 15, Calling Peaks with MACS2!, 3.395 mins elapsed.

2020-11-24 16:15:01 : InsertionSites, Class = integer

InsertionSites: length = 297674
[1] 3010274 3010547 3012519 3012779 3014500 3014815



2020-11-24 16:15:01 : InsertionSites-DT, Class = data.table
 
2020-11-24 16:15:01 : InsertionSites-DT, Class = data.frame
InsertionSites-DT: nRows = 297674, nCols = 3



2020-11-24 16:15:05 : 
2020-11-24 16:17:02 : Group 9 of 15, Calling Peaks with MACS2!, 5.424 mins elapsed.

2020-11-24 16:17:02 : InsertionSites, Class = integer

InsertionSites: length = 314642
[1] 3007343 3007730 3011620 3011854 3024937 3025147



2020-11-24 16:17:02 : InsertionSites-DT, Class = data.table
 
2020-11-24 16:17:02 : InsertionSites-DT, Class = data.frame
InsertionSites-DT: nRows = 314642, nCols = 3



2020-11-24 16:17:06 : 
2020-11-24 16:17:20 : Group 10 of 15, Calling Peaks with MACS2!, 5.724 mins elapsed.

2020-11-24 16:17:20 : InsertionSites, Class = integer

InsertionSites: length = 190874
[1] 3031760 3031851 3050784 3050950 3050952 3051165



2020-11-24 16:17:20 : InsertionSites-DT, Class = data.table
 
2020-11-24 16:17:20 : InsertionSites-DT, Class = data.frame
InsertionSites-DT: nRows = 190874, nCols = 3



2020-11-24 16:17:23 : 
2020-11-24 16:17:26 : Group 11 of 15, Calling Peaks with MACS2!, 5.814 mins elapsed.

2020-11-24 16:17:26 : InsertionSites, Class = integer

InsertionSites: length = 862010
[1] 3011658 3011905 3014370 3014795 3027464 3027649



2020-11-24 16:17:26 : InsertionSites-DT, Class = data.table
 
2020-11-24 16:17:26 : InsertionSites-DT, Class = data.frame
InsertionSites-DT: nRows = 862010, nCols = 3



2020-11-24 16:17:35 : 
2020-11-24 16:17:48 : Group 12 of 15, Calling Peaks with MACS2!, 6.185 mins elapsed.

2020-11-24 16:17:48 : InsertionSites, Class = integer

InsertionSites: length = 629164
[1] 3000523 3000620 3004907 3005139 3012459 3012470



2020-11-24 16:17:48 : InsertionSites-DT, Class = data.table
 
2020-11-24 16:17:48 : InsertionSites-DT, Class = data.frame
InsertionSites-DT: nRows = 629164, nCols = 3



2020-11-24 16:17:55 : 
2020-11-24 16:18:47 : Group 13 of 15, Calling Peaks with MACS2!, 7.166 mins elapsed.

2020-11-24 16:18:47 : InsertionSites, Class = integer

InsertionSites: length = 336542
[1] 3007332 3007400 3007403 3007509 3008432 3008694



2020-11-24 16:18:47 : InsertionSites-DT, Class = data.table
 
2020-11-24 16:18:47 : InsertionSites-DT, Class = data.frame
InsertionSites-DT: nRows = 336542, nCols = 3



2020-11-24 16:18:51 : 
2020-11-24 16:19:19 : Group 14 of 15, Calling Peaks with MACS2!, 7.706 mins elapsed.

2020-11-24 16:19:19 : InsertionSites, Class = integer

InsertionSites: length = 98660
[1] 3033915 3034098 3083507 3083561 3094906 3095031



2020-11-24 16:19:19 : InsertionSites-DT, Class = data.table
 
2020-11-24 16:19:19 : InsertionSites-DT, Class = data.frame
InsertionSites-DT: nRows = 98660, nCols = 3



2020-11-24 16:19:21 : 
2020-11-24 16:20:28 : Group 15 of 15, Calling Peaks with MACS2!, 8.852 mins elapsed.

2020-11-24 16:20:28 : InsertionSites, Class = integer

InsertionSites: length = 93670
[1] 3005815 3005996 3007610 3007827 3008603 3008677



2020-11-24 16:20:28 : InsertionSites-DT, Class = data.table
 
2020-11-24 16:20:28 : InsertionSites-DT, Class = data.frame
InsertionSites-DT: nRows = 93670, nCols = 3



2020-11-24 16:20:30 : 
2020-11-24 16:21:11 : Identifying Reproducible Peaks!, 9.58 mins elapsed.
2020-11-24 16:21:11 : Rep. Peaks Group (1 of 3) : Creating Reproducible Peaks, 9.58 mins elapsed.
2020-11-24 16:21:11 : Rep. Peaks Group (2 of 3) : Creating Reproducible Peaks, 9.58 mins elapsed.
2020-11-24 16:21:11 : Rep. Peaks Group (3 of 3) : Creating Reproducible Peaks, 9.58 mins elapsed.

2020-11-24 16:21:11 : 

2020-11-24 16:21:11 : 

2020-11-24 16:21:11 : 

2020-11-24 16:21:12 : 

2020-11-24 16:21:12 : 

2020-11-24 16:21:12 : 

2020-11-24 16:21:16 : 

2020-11-24 16:21:16 : 

2020-11-24 16:21:17 : 

2020-11-24 16:21:18 : 

2020-11-24 16:21:18 : 
2020-11-24 16:21:18 : Rep. Peaks Group (1 of 3) : Annotating and Filtering Peaks, 9.687 mins elapsed.

2020-11-24 16:21:18 : 

2020-11-24 16:21:18 : 
2020-11-24 16:21:18 : Rep. Peaks Group (3 of 3) : Annotating and Filtering Peaks, 9.693 mins elapsed.

2020-11-24 16:21:18 : 

2020-11-24 16:21:18 : 

2020-11-24 16:21:18 : 

2020-11-24 16:21:18 : 

2020-11-24 16:21:18 : 

2020-11-24 16:21:19 : 

2020-11-24 16:21:19 : 

2020-11-24 16:21:19 : 

2020-11-24 16:21:20 : 

2020-11-24 16:21:20 : 
2020-11-24 16:21:20 : Rep. Peaks Group (2 of 3) : Annotating and Filtering Peaks, 9.73 mins elapsed.

2020-11-24 16:21:20 : 

2020-11-24 16:21:21 : 

2020-11-24 16:21:21 : 

2020-11-24 16:21:21 : 
2020-11-24 16:21:25 : Creating Union Peak Set!, 9.816 mins elapsed.
2020-11-24 16:21:30 : Finished Creating Union Peak Set (183713)!, 9.899 mins elapsed.
