
           ___      .______        ______  __    __  .______      
          /   \     |   _  \      /      ||  |  |  | |   _  \     
         /  ^  \    |  |_)  |    |  ,----'|  |__|  | |  |_)  |    
        /  /_\  \   |      /     |  |     |   __   | |      /     
       /  _____  \  |  |\  \\___ |  `----.|  |  |  | |  |\  \\___.
      /__/     \__\ | _| `._____| \______||__|  |__| | _| `._____|
    
Logging With ArchR!

Start Time : 2020-12-03 17:16:28

------- ArchR Info

ArchRThreads = 4
ArchRGenome = Mm10

------- System Info

Computer OS = unix
Total Cores = 8

------- Session Info

R version 3.6.2 (2019-12-12)
Platform: x86_64-apple-darwin15.6.0 (64-bit)
Running under: macOS Mojave 10.14.5

Matrix products: default
BLAS:   /System/Library/Frameworks/Accelerate.framework/Versions/A/Frameworks/vecLib.framework/Versions/A/libBLAS.dylib
LAPACK: /Library/Frameworks/R.framework/Versions/3.6/Resources/lib/libRlapack.dylib

locale:
[1] en_US.UTF-8/en_US.UTF-8/en_US.UTF-8/C/en_US.UTF-8/en_US.UTF-8

attached base packages:
 [1] grid      parallel  stats4    stats     graphics  grDevices utils     datasets  methods   base     

other attached packages:
 [1] chromVARmotifs_0.2.0               motifmatchr_1.8.0                  circlize_0.4.8                    
 [4] ComplexHeatmap_2.3.1               nabor_0.5.0                        BSgenome.Mmusculus.UCSC.mm10_1.4.0
 [7] BSgenome_1.54.0                    rtracklayer_1.46.0                 Biostrings_2.54.0                 
[10] XVector_0.26.0                     ggalluvial_0.12.0                  patchwork_1.0.0                   
[13] Seurat_3.1.5                       Signac_0.2.5                       harmony_1.0                       
[16] Rcpp_1.0.3                         scater_1.14.6                      uwot_0.1.5                        
[19] scran_1.14.5                       forcats_0.4.0                      stringr_1.4.0                     
[22] dplyr_0.8.4                        purrr_0.3.3                        readr_1.3.1                       
[25] tidyr_1.0.2                        tibble_2.1.3                       tidyverse_1.3.0                   
[28] irlba_2.3.3                        gridExtra_2.3                      wesanderson_0.3.6                 
[31] pheatmap_1.0.12                    RColorBrewer_1.1-2                 clusterExperiment_2.6.1           
[34] bigmemory_4.5.36                   rgl_0.100.30                       cowplot_1.0.0                     
[37] SingleCellExperiment_1.8.0         slingshot_1.5.2                    princurve_2.1.4                   
[40] edgeR_3.28.0                       limma_3.42.1                       UpSetR_1.4.0                      
[43] ArchR_0.9.5                        magrittr_1.5                       rhdf5_2.30.1                      
[46] Matrix_1.2-18                      data.table_1.12.8                  SummarizedExperiment_1.16.1       
[49] DelayedArray_0.12.2                BiocParallel_1.20.1                matrixStats_0.56.0                
[52] Biobase_2.46.0                     GenomicRanges_1.38.0               GenomeInfoDb_1.22.0               
[55] IRanges_2.20.2                     S4Vectors_0.24.3                   BiocGenerics_0.32.0               
[58] ggplot2_3.3.2                     

loaded via a namespace (and not attached):
  [1] rsvd_1.0.2                  Hmisc_4.3-1                 ica_1.0-2                   zinbwave_1.11.6            
  [5] Rsamtools_2.2.1             foreach_1.4.7               lmtest_0.9-37               rprojroot_1.3-2            
  [9] crayon_1.3.4                MASS_7.3-51.4               nlme_3.1-142                backports_1.1.5            
 [13] reprex_0.3.0                rlang_0.4.4.9000            ROCR_1.0-7                  readxl_1.3.1               
 [17] phylobase_0.8.6             rjson_0.2.20                CNEr_1.20.0                 manipulateWidget_0.10.0    
 [21] bit64_0.9-7                 glue_1.3.1                  poweRlaw_0.70.2             rngtools_1.5               
 [25] sctransform_0.2.1           vipor_0.4.5                 AnnotationDbi_1.48.0        VGAM_1.1-2                 
 [29] haven_2.2.0                 tidyselect_1.0.0            fitdistrplus_1.0-14         XML_3.99-0.3               
 [33] zoo_1.8-7                   packrat_0.5.0               GenomicAlignments_1.22.1    xtable_1.8-4               
 [37] evaluate_0.14               bibtex_0.4.2.2              cli_2.0.1                   zlibbioc_1.32.0            
 [41] rstudioapi_0.11             miniUI_0.1.1.1              rpart_4.1-15                rafalib_1.0.0              
 [45] locfdr_1.1-8                shiny_1.4.0                 BiocSingular_1.2.1          xfun_0.12                  
 [49] clue_0.3-57                 cluster_2.1.0               caTools_1.18.0              KEGGREST_1.26.1            
 [53] ggfittext_0.9.0             ggrepel_0.8.1               ape_5.3                     listenv_0.8.0              
 [57] TFMPvalue_0.0.8             png_0.1-7                   future_1.16.0               withr_2.1.2                
 [61] bitops_1.0-6                plyr_1.8.5                  cellranger_1.1.0            dqrng_0.2.1                
 [65] pillar_1.4.3                RcppParallel_4.4.4          gplots_3.0.1.2              GlobalOptions_0.1.1        
 [69] fs_1.3.1                    kernlab_0.9-29              GetoptLong_0.1.8            DelayedMatrixStats_1.8.0   
 [73] vctrs_0.2.2                 ellipsis_0.3.0              generics_0.0.2              NMF_0.21.0                 
 [77] tools_3.6.2                 foreign_0.8-72              rncl_0.8.3                  beeswarm_0.2.3             
 [81] munsell_0.5.0               fastmap_1.0.1               compiler_3.6.2              httpuv_1.5.2               
 [85] pkgmaker_0.31               plotly_4.9.1                GenomeInfoDbData_1.2.2      lattice_0.20-38            
 [89] later_1.0.0                 jsonlite_1.6.1              scales_1.1.0                pbapply_1.4-2              
 [93] genefilter_1.68.0           lazyeval_0.2.2              promises_1.1.0              doParallel_1.0.15          
 [97] R.utils_2.9.2               latticeExtra_0.6-29         reticulate_1.14             checkmate_2.0.0            
[101] rmarkdown_2.1               statmod_1.4.33              webshot_0.5.2               Rtsne_0.15                 
[105] softImpute_1.4              igraph_1.2.4.2              HDF5Array_1.14.1            survival_3.1-8             
[109] yaml_2.2.1                  htmltools_0.4.0             memoise_1.1.0               locfit_1.5-9.1             
[113] here_0.1                    viridisLite_0.3.0           digest_0.6.23               assertthat_0.2.1           
[117] mime_0.9                    registry_0.5-1              npsurv_0.4-0                bigmemory.sri_0.1.3        
[121] RSQLite_2.2.0               future.apply_1.4.0          lsei_1.2-0                  blob_1.2.1                 
[125] R.oo_1.23.0                 RNeXML_2.4.2                TFBSTools_1.22.0            splines_3.6.2              
[129] Formula_1.2-3               labeling_0.3                Rhdf5lib_1.8.0              Cairo_1.5-10               
[133] RCurl_1.98-1.1              broom_0.5.4                 hms_0.5.3                   modelr_0.1.5               
[137] colorspace_1.4-1            base64enc_0.1-3             ggbeeswarm_0.6.0            shape_1.4.4                
[141] nnet_7.3-12                 RANN_2.6.1                  ggseqlogo_0.1               fansi_0.4.1                
[145] R6_2.4.1                    ggridges_0.5.2              lifecycle_0.1.0             acepack_1.4.1              
[149] gdata_2.18.0                leiden_0.3.4                howmany_0.3-1               RcppAnnoy_0.0.14           
[153] iterators_1.0.12            htmlwidgets_1.5.1           crosstalk_1.0.0             seqLogo_1.50.0             
[157] rvest_0.3.5                 globals_0.12.5              htmlTable_1.13.3            codetools_0.2-16           
[161] lubridate_1.7.4             GO.db_3.10.0                FNN_1.1.3                   gtools_3.8.1               
[165] prettyunits_1.1.1           dbplyr_1.4.2                R.methodsS3_1.7.1           gridBase_0.4-7             
[169] RSpectra_0.16-0             gtable_0.3.0                tsne_0.1-3                  DBI_1.1.0                  
[173] httr_1.4.1                  KernSmooth_2.23-16          stringi_1.4.5               progress_1.2.2             
[177] reshape2_1.4.3              farver_2.0.3                uuid_0.1-2                  annotate_1.64.0            
[181] viridis_0.5.1               gggenes_0.4.0               xml2_1.3.2                  BiocNeighbors_1.4.1        
[185] ade4_1.7-13                 bit_1.1-15.2                jpeg_0.1-8.1                pkgconfig_2.0.3            
[189] DirichletMultinomial_1.26.0 knitr_1.28                 


------- Log Info


2020-12-03 17:16:28 : plotEnrichHeatmap Input-Parameters, Class = list

plotEnrichHeatmap Input-Parameters$seEnrich: length = 884
class: SummarizedExperiment 
dim: 6 5 
metadata(0):
assays(10): mlog10Padj mlog10p ... CompareFrequency feature
rownames(6): Tcfap2a_1 Tcfap2b_2 ... Tcfap2d_5 Arid3b_6
rowData names(0):
colnames(5): C1_Inj C2_Hybrid hybrid1 hybrid2 resting
colData names(0):


plotEnrichHeatmap Input-Parameters$pal: length = 100
[1] "#E6E7E8" "#E0E4E8" "#DBE2E9" "#D6DFEA" "#D1DDEA" "#CBDAEB"


plotEnrichHeatmap Input-Parameters$n: length = 1
[1] 10


plotEnrichHeatmap Input-Parameters$cutOff: length = 1
[1] 20


plotEnrichHeatmap Input-Parameters$pMax: length = 1
[1] Inf


plotEnrichHeatmap Input-Parameters$clusterCols: length = 1
[1] TRUE


plotEnrichHeatmap Input-Parameters$binaryClusterRows: length = 1
[1] TRUE


plotEnrichHeatmap Input-Parameters$labelRows: length = 1
[1] TRUE


plotEnrichHeatmap Input-Parameters$rastr: length = 1
[1] TRUE


plotEnrichHeatmap Input-Parameters$transpose: length = 1
[1] TRUE


plotEnrichHeatmap Input-Parameters$returnMatrix: length = 1
[1] TRUE


plotEnrichHeatmap Input-Parameters$logFile: length = 1
[1] "ArchRLogs/ArchR-plotEnrichHeatmap-15cac16a20342-Date-2020-12-03_Time-17-16-28.log"



2020-12-03 17:16:29 : mat-mlog10Padj, Class = data.frame
mat-mlog10Padj: nRows = 884, nCols = 5



2020-12-03 17:16:29 : mat-mlog10Padj-Filter, Class = data.frame
mat-mlog10Padj-Filter: nRows = 35, nCols = 5



2020-12-03 17:16:29 : passMat, Class = data.frame
passMat: nRows = 35, nCols = 5



2020-12-03 17:16:29 : mat-mlog10Padj-RowScale, Class = list

mat-mlog10Padj-RowScale$mat: nRows = 35, nCols = 5
                   C1_Inj   C2_Hybrid hybrid1     hybrid2 resting
Smarcc1_843 (2536)      1 0.009911433       0 0.003706178       0
Fos_104 (2098)          1 0.017186787       0 0.008840142       0
Bach1_108 (1486)        1 0.017627363       0 0.006568733       0
Fosb_98 (1403)          1 0.011668493       0 0.003417163       0
Bach2_119 (1244)        1 0.016320144       0 0.007659206       0


mat-mlog10Padj-RowScale$min: length = 1
[1] 0


mat-mlog10Padj-RowScale$max: length = 35
[1] 2535.6736 2097.8009 1485.7899 1403.3739 1243.9877  931.7161



2020-12-03 17:16:29 : mat-mlog10Padj-RowScale-Plot, Class = matrix
                 C1_Inj C2_Hybrid  hybrid1  hybrid2 resting
Gm5294_332 (458)      0       100 90.30300 52.68255       0
Foxl1_355 (458)       0       100 90.30300 52.68255       0
Foxa1_306 (455)       0       100 79.70834 56.89952       0
Foxb2_325 (280)       0       100 70.86998 55.95663       0
Foxb1_326 (280)       0       100 70.86998 55.95663       0

mat-mlog10Padj-RowScale-Plot: nRows = 35, nCols = 5

