
           ___      .______        ______  __    __  .______      
          /   \     |   _  \      /      ||  |  |  | |   _  \     
         /  ^  \    |  |_)  |    |  ,----'|  |__|  | |  |_)  |    
        /  /_\  \   |      /     |  |     |   __   | |      /     
       /  _____  \  |  |\  \\___ |  `----.|  |  |  | |  |\  \\___.
      /__/     \__\ | _| `._____| \______||__|  |__| | _| `._____|
    
Logging With ArchR!

Start Time : 2020-11-24 21:53:04

------- ArchR Info

ArchRThreads = 1
ArchRGenome = Mm10

------- System Info

Computer OS = unix
Total Cores = 8

------- Session Info

R version 3.6.2 (2019-12-12)
Platform: x86_64-apple-darwin15.6.0 (64-bit)
Running under: macOS Mojave 10.14.5

Matrix products: default
BLAS:   /Library/Frameworks/R.framework/Versions/3.6/Resources/lib/libRblas.0.dylib
LAPACK: /Library/Frameworks/R.framework/Versions/3.6/Resources/lib/libRlapack.dylib

locale:
[1] en_US.UTF-8/en_US.UTF-8/en_US.UTF-8/C/en_US.UTF-8/en_US.UTF-8

attached base packages:
 [1] parallel  stats4    grid      stats     graphics  grDevices utils    
 [8] datasets  methods   base     

other attached packages:
 [1] chromVARmotifs_0.2.0               motifmatchr_1.8.0                 
 [3] circlize_0.4.8                     ComplexHeatmap_2.3.1              
 [5] presto_1.0.0                       gtable_0.3.0                      
 [7] harmony_1.0                        Rcpp_1.0.3                        
 [9] uwot_0.1.5                         gridExtra_2.3                     
[11] nabor_0.5.0                        Seurat_3.1.5                      
[13] Rsamtools_2.2.1                    BSgenome.Mmusculus.UCSC.mm10_1.4.0
[15] BSgenome_1.54.0                    rtracklayer_1.46.0                
[17] Biostrings_2.54.0                  XVector_0.26.0                    
[19] ArchR_0.9.5                        magrittr_1.5                      
[21] rhdf5_2.30.1                       data.table_1.12.8                 
[23] SummarizedExperiment_1.16.1        DelayedArray_0.12.2               
[25] BiocParallel_1.20.1                Biobase_2.46.0                    
[27] GenomicRanges_1.38.0               GenomeInfoDb_1.22.0               
[29] IRanges_2.20.2                     S4Vectors_0.24.3                  
[31] BiocGenerics_0.32.0                ggplot2_3.3.2                     
[33] knitr_1.28                         matrixStats_0.56.0                
[35] genomation_1.18.0                  Matrix_1.2-18                     

loaded via a namespace (and not attached):
  [1] VGAM_1.1-2                  plyr_1.8.5                 
  [3] igraph_1.2.4.2              lazyeval_0.2.2             
  [5] splines_3.6.2               listenv_0.8.0              
  [7] gridBase_0.4-7              TFBSTools_1.22.0           
  [9] digest_0.6.23               htmltools_0.4.0            
 [11] GO.db_3.10.0                gdata_2.18.0               
 [13] memoise_1.1.0               cluster_2.1.0              
 [15] ROCR_1.0-7                  annotate_1.64.0            
 [17] globals_0.12.5              readr_1.3.1                
 [19] RcppParallel_4.4.4          R.utils_2.9.2              
 [21] colorspace_1.4-1            blob_1.2.1                 
 [23] ggrepel_0.8.1               xfun_0.12                  
 [25] dplyr_0.8.4                 crayon_1.3.4               
 [27] RCurl_1.98-1.1              jsonlite_1.6.1             
 [29] hexbin_1.28.0               TFMPvalue_0.0.8            
 [31] impute_1.60.0               survival_3.1-8             
 [33] zoo_1.8-7                   ape_5.3                    
 [35] glue_1.3.1                  zlibbioc_1.32.0            
 [37] leiden_0.3.4                GetoptLong_0.1.8           
 [39] Rhdf5lib_1.8.0              shape_1.4.4                
 [41] future.apply_1.4.0          scales_1.1.0               
 [43] DBI_1.1.0                   plotrix_3.7-7              
 [45] xtable_1.8-4                viridisLite_0.3.0          
 [47] clue_0.3-57                 reticulate_1.14            
 [49] bit_1.1-15.2                rsvd_1.0.2                 
 [51] tsne_0.1-3                  htmlwidgets_1.5.1          
 [53] httr_1.4.1                  gplots_3.0.1.2             
 [55] RColorBrewer_1.1-2          ica_1.0-2                  
 [57] R.methodsS3_1.7.1           pkgconfig_2.0.3            
 [59] XML_3.99-0.3                farver_2.0.3               
 [61] AnnotationDbi_1.48.0        tidyselect_1.0.0           
 [63] labeling_0.3                rlang_0.4.4.9000           
 [65] reshape2_1.4.3              munsell_0.5.0              
 [67] tools_3.6.2                 DirichletMultinomial_1.26.0
 [69] RSQLite_2.2.0               ggridges_0.5.2             
 [71] evaluate_0.14               stringr_1.4.0              
 [73] yaml_2.2.1                  npsurv_0.4-0               
 [75] bit64_0.9-7                 fitdistrplus_1.0-14        
 [77] caTools_1.18.0              purrr_0.3.3                
 [79] RANN_2.6.1                  KEGGREST_1.26.1            
 [81] pbapply_1.4-2               future_1.16.0              
 [83] nlme_3.1-142                R.oo_1.23.0                
 [85] poweRlaw_0.70.2             compiler_3.6.2             
 [87] plotly_4.9.1                png_0.1-7                  
 [89] lsei_1.2-0                  tibble_2.1.3               
 [91] stringi_1.4.5               RSpectra_0.16-0            
 [93] lattice_0.20-38             CNEr_1.20.0                
 [95] vctrs_0.2.2                 pillar_1.4.3               
 [97] lifecycle_0.1.0             lmtest_0.9-37              
 [99] GlobalOptions_0.1.1         RcppAnnoy_0.0.14           
[101] cowplot_1.0.0               bitops_1.0-6               
[103] irlba_2.3.3                 patchwork_1.0.0            
[105] R6_2.4.1                    KernSmooth_2.23-16         
[107] codetools_0.2-16            seqLogo_1.50.0             
[109] MASS_7.3-51.4               gtools_3.8.1               
[111] assertthat_0.2.1            rjson_0.2.20               
[113] withr_2.1.2                 GenomicAlignments_1.22.1   
[115] sctransform_0.2.1           GenomeInfoDbData_1.2.2     
[117] hms_0.5.3                   tidyr_1.0.2                
[119] rmarkdown_2.1               Cairo_1.5-10               
[121] Rtsne_0.15                  seqPattern_1.18.0          


------- Log Info


2020-11-24 21:53:04 : Input-Parameters, Class = list

Input-Parameters$: length = 1
                       
1 function (name)      
2 .Internal(args(name))


Input-Parameters$ArchRProj: length = 1
class: ArchRProject 
outputDirectory: /Users/koenvandenberge/Dropbox/research/brainStat/hbcRegenGithub/data/scATAC/archR_samples_pairwise 
samples(6): s1Inj s3Inj ... s2Inj s1UI
sampleColData names(1): ArrowFiles
cellColData names(21): Sample TSSEnrichment ... ReadsInPeaks FRIP
numberOfCells(1): 1
medianTSS(1): 13.414
medianFrags(1): 97573


Input-Parameters$groupBy: length = 1
[1] "clHBCMerged"


Input-Parameters$useGroups: length = 0
NULL


Input-Parameters$bgdGroups: length = 0
NULL


Input-Parameters$useMatrix: length = 1
[1] "PeakMatrix"


Input-Parameters$bias: length = 2
[1] "TSSEnrichment" "log10(nFrags)"


Input-Parameters$normBy: length = 0
NULL


Input-Parameters$testMethod: length = 1
[1] "wilcoxon"


Input-Parameters$maxCells: length = 1
[1] 500


Input-Parameters$scaleTo: length = 1
[1] 10000


Input-Parameters$threads: length = 1
[1] 1


Input-Parameters$k: length = 1
[1] 100


Input-Parameters$bufferRatio: length = 1
[1] 0.8


Input-Parameters$binarize: length = 1
[1] FALSE


Input-Parameters$useSeqnames: length = 0
NULL


Input-Parameters$verbose: length = 1
[1] FALSE


Input-Parameters$logFile: length = 1
[1] "ArchRLogs/ArchR-getMarkerFeatures-cca756b750bb-Date-2020-11-24_Time-21-53-04.log"


Input-Parameters$ArchRProj: length = 1
class: ArchRProject 
outputDirectory: /Users/koenvandenberge/Dropbox/research/brainStat/hbcRegenGithub/data/scATAC/archR_samples_pairwise 
samples(6): s1Inj s3Inj ... s2Inj s1UI
sampleColData names(1): ArrowFiles
cellColData names(21): Sample TSSEnrichment ... ReadsInPeaks FRIP
numberOfCells(1): 1
medianTSS(1): 13.414
medianFrags(1): 97573


Input-Parameters$groupBy: length = 1
[1] "clHBCMerged"


Input-Parameters$useGroups: length = 0
NULL


Input-Parameters$bgdGroups: length = 0
NULL


Input-Parameters$useMatrix: length = 1
[1] "PeakMatrix"


Input-Parameters$bias: length = 2
[1] "TSSEnrichment" "log10(nFrags)"


Input-Parameters$normBy: length = 0
NULL


Input-Parameters$testMethod: length = 1
[1] "wilcoxon"


Input-Parameters$maxCells: length = 1
[1] 500


Input-Parameters$scaleTo: length = 1
[1] 10000


Input-Parameters$threads: length = 1
[1] 1


Input-Parameters$k: length = 1
[1] 100


Input-Parameters$bufferRatio: length = 1
[1] 0.8


Input-Parameters$binarize: length = 1
[1] FALSE


Input-Parameters$useSeqnames: length = 0
NULL


Input-Parameters$verbose: length = 1
[1] FALSE


Input-Parameters$logFile: length = 1
[1] "ArchRLogs/ArchR-getMarkerFeatures-cca756b750bb-Date-2020-11-24_Time-21-53-04.log"



2020-11-24 21:53:04 : FeatureDF, Class = DFrame
DataFrame with 183713 rows and 4 columns
       seqnames     idx     start       end
          <Rle> <array>   <array>   <array>
1          chr1       1   3094009   3094509
2          chr1       2   3094608   3095108
3          chr1       3   3164668   3165168
4          chr1       4   3203776   3204276
5          chr1       5   3221039   3221539
...         ...     ...       ...       ...
183709     chrX    3710 169930577 169931077
183710     chrX    3711 169931206 169931706
183711     chrX    3712 169937043 169937543
183712     chrX    3713 169940459 169940959
183713     chrX    3714 169950951 169951451


2020-11-24 21:53:04 : 
2020-11-24 21:53:04 : Matching Known Biases, 0.004 mins elapsed.

2020-11-24 21:53:04 : MatchSummary C1_Inj, Class = list

MatchSummary C1_Inj$cells: length = 499
[1] 1354  863  178 1210  601  387


MatchSummary C1_Inj$bgd: length = 499
[1] 2736  862 1986 1807 1657 2037


MatchSummary C1_Inj$summaryCells: nRows = 5, nCols = 3
              TSSEnrichment log10(nFrags)       name
median            14.975000     4.1179338 foreground
mean              15.085948     4.0551860 foreground
sd                 2.690632     0.4172167 foreground
lowerQuartile     13.637000     3.8287240 foreground
upperQuartile     16.503500     4.3513029 foreground


MatchSummary C1_Inj$summaryBgd: nRows = 5, nCols = 3
              TSSEnrichment log10(nFrags)       name
median             15.12500     4.1037011 background
mean               15.05867     4.0536806 background
sd                  2.88298     0.4212361 background
lowerQuartile      13.68450     3.8067041 background
upperQuartile      16.48700     4.3548844 background


MatchSummary C1_Inj$bgdGroups: nRows = 2, nCols = 2
       C3_UI C2_Hybrid
estbgd   239       260
obsbgd   239       260


MatchSummary C1_Inj$bgdGroupsProbs: nRows = 2, nCols = 2
         C3_UI C2_Hybrid
estbgdP 47.896    52.104
obsbgdP 47.896    52.104


MatchSummary C1_Inj$corbgdGroups: length = 1
[1] 1


MatchSummary C1_Inj$n: length = 1
[1] 1486


MatchSummary C1_Inj$p: length = 1
[1] 1


MatchSummary C1_Inj$group: length = 1
[1] "C1_Inj"


MatchSummary C1_Inj$k: length = 1
[1] 100



2020-11-24 21:53:04 : MatchSummary C2_Hybrid, Class = list

MatchSummary C2_Hybrid$cells: length = 499
[1] 1868 3450 1383 2749 1871 1609


MatchSummary C2_Hybrid$bgd: length = 499
[1] 3234  388 1944 2737 4065 3780


MatchSummary C2_Hybrid$summaryCells: nRows = 5, nCols = 3
              TSSEnrichment log10(nFrags)       name
median             16.45400     4.1484175 foreground
mean               16.62933     4.0487427 foreground
sd                  3.53103     0.4969892 foreground
lowerQuartile      14.67950     3.6694084 foreground
upperQuartile      18.64150     4.4362657 foreground


MatchSummary C2_Hybrid$summaryBgd: nRows = 5, nCols = 3
              TSSEnrichment log10(nFrags)       name
median            16.430000     4.1536015 background
mean              16.599902     4.0535849 background
sd                 3.511179     0.4840219 background
lowerQuartile     14.499000     3.6814180 background
upperQuartile     18.684500     4.4159324 background


MatchSummary C2_Hybrid$bgdGroups: nRows = 2, nCols = 2
       C3_UI C1_Inj
estbgd   227    272
obsbgd   227    272


MatchSummary C2_Hybrid$bgdGroupsProbs: nRows = 2, nCols = 2
         C3_UI C1_Inj
estbgdP 45.491 54.509
obsbgdP 45.491 54.509


MatchSummary C2_Hybrid$corbgdGroups: length = 1
[1] 1


MatchSummary C2_Hybrid$n: length = 1
[1] 1350


MatchSummary C2_Hybrid$p: length = 1
[1] 1


MatchSummary C2_Hybrid$group: length = 1
[1] "C2_Hybrid"


MatchSummary C2_Hybrid$k: length = 1
[1] 100



2020-11-24 21:53:04 : MatchSummary C3_UI, Class = list

MatchSummary C3_UI$cells: length = 499
[1] 2335 2002 2338 2527 3781 3995


MatchSummary C3_UI$bgd: length = 499
[1]  936 2895 2350 3143 2091 2456


MatchSummary C3_UI$summaryCells: nRows = 5, nCols = 3
              TSSEnrichment log10(nFrags)       name
median            18.301000     3.8926510 foreground
mean              18.695194     3.8832824 foreground
sd                 4.754524     0.4517516 foreground
lowerQuartile     15.751500     3.5445635 foreground
upperQuartile     21.301500     4.1945698 foreground


MatchSummary C3_UI$summaryBgd: nRows = 5, nCols = 3
              TSSEnrichment log10(nFrags)       name
median            18.254000     3.8939281 background
mean              18.205088     3.8838731 background
sd                 3.769304     0.4441487 background
lowerQuartile     15.842000     3.5575655 background
upperQuartile     20.466500     4.1981886 background


MatchSummary C3_UI$bgdGroups: nRows = 2, nCols = 2
       C2_Hybrid C1_Inj
estbgd       238    261
obsbgd       238    261


MatchSummary C3_UI$bgdGroupsProbs: nRows = 2, nCols = 2
        C2_Hybrid C1_Inj
estbgdP    47.695 52.305
obsbgdP    47.695 52.305


MatchSummary C3_UI$corbgdGroups: length = 1
[1] 1


MatchSummary C3_UI$n: length = 1
[1] 1240


MatchSummary C3_UI$p: length = 1
[1] 1


MatchSummary C3_UI$group: length = 1
[1] "C3_UI"


MatchSummary C3_UI$k: length = 1
[1] 100


2020-11-24 21:53:06 : Computing Pairwise Tests (1 of 3), 0.029 mins elapsed.
2020-11-24 21:53:30 : Computing Pairwise Tests (2 of 3), 0.432 mins elapsed.
2020-11-24 21:53:54 : Computing Pairwise Tests (3 of 3), 0.844 mins elapsed.
###########
2020-11-24 21:54:15 : Completed Pairwise Tests, 1.189 mins elapsed.
###########

------- Completed

End Time : 2020-11-24 21:54:15
Elapsed Time Minutes = 1.19447458187739
Elapsed Time Hours = 0.0199079827467601

-------



