
           ___      .______        ______  __    __  .______      
          /   \     |   _  \      /      ||  |  |  | |   _  \     
         /  ^  \    |  |_)  |    |  ,----'|  |__|  | |  |_)  |    
        /  /_\  \   |      /     |  |     |   __   | |      /     
       /  _____  \  |  |\  \\___ |  `----.|  |  |  | |  |\  \\___.
      /__/     \__\ | _| `._____| \______||__|  |__| | _| `._____|
    
Logging With ArchR!

Start Time : 2020-12-03 17:43:46

------- ArchR Info

ArchRThreads = 1
ArchRGenome = Mm10

------- System Info

Computer OS = unix
Total Cores = 8

------- Session Info

R version 3.6.2 (2019-12-12)
Platform: x86_64-apple-darwin15.6.0 (64-bit)
Running under: macOS Mojave 10.14.5

Matrix products: default
BLAS:   /Library/Frameworks/R.framework/Versions/3.6/Resources/lib/libRblas.0.dylib
LAPACK: /Library/Frameworks/R.framework/Versions/3.6/Resources/lib/libRlapack.dylib

locale:
[1] en_US.UTF-8/en_US.UTF-8/en_US.UTF-8/C/en_US.UTF-8/en_US.UTF-8

attached base packages:
[1] parallel  stats4    stats     graphics  grDevices utils     datasets 
[8] methods   base     

other attached packages:
 [1] ArchR_0.9.5                 magrittr_1.5               
 [3] rhdf5_2.30.1                data.table_1.12.8          
 [5] patchwork_1.0.0             Seurat_3.1.5               
 [7] Signac_0.2.5                harmony_1.0                
 [9] Rcpp_1.0.3                  scater_1.14.6              
[11] uwot_0.1.5                  scran_1.14.5               
[13] forcats_0.4.0               stringr_1.4.0              
[15] dplyr_0.8.4                 purrr_0.3.3                
[17] readr_1.3.1                 tidyr_1.0.2                
[19] tibble_2.1.3                tidyverse_1.3.0            
[21] irlba_2.3.3                 Matrix_1.2-18              
[23] gridExtra_2.3               wesanderson_0.3.6          
[25] pheatmap_1.0.12             ggplot2_3.3.2              
[27] RColorBrewer_1.1-2          clusterExperiment_2.6.1    
[29] bigmemory_4.5.36            rgl_0.100.30               
[31] cowplot_1.0.0               SingleCellExperiment_1.8.0 
[33] SummarizedExperiment_1.16.1 DelayedArray_0.12.2        
[35] BiocParallel_1.20.1         matrixStats_0.56.0         
[37] Biobase_2.46.0              GenomicRanges_1.38.0       
[39] GenomeInfoDb_1.22.0         IRanges_2.20.2             
[41] S4Vectors_0.24.3            BiocGenerics_0.32.0        
[43] slingshot_1.5.2             princurve_2.1.4            

loaded via a namespace (and not attached):
  [1] rtracklayer_1.46.0                 pkgmaker_0.31                     
  [3] bit64_0.9-7                        knitr_1.28                        
  [5] RCurl_1.98-1.1                     doParallel_1.0.15                 
  [7] generics_0.0.2                     RSQLite_2.2.0                     
  [9] RANN_2.6.1                         future_1.16.0                     
 [11] ggfittext_0.9.0                    bit_1.1-15.2                      
 [13] phylobase_0.8.6                    webshot_0.5.2                     
 [15] xml2_1.3.2                         lubridate_1.7.4                   
 [17] httpuv_1.5.2                       assertthat_0.2.1                  
 [19] viridis_0.5.1                      xfun_0.12                         
 [21] hms_0.5.3                          evaluate_0.14                     
 [23] promises_1.1.0                     fansi_0.4.1                       
 [25] progress_1.2.2                     caTools_1.18.0                    
 [27] dbplyr_1.4.2                       readxl_1.3.1                      
 [29] igraph_1.2.4.2                     DBI_1.1.0                         
 [31] htmlwidgets_1.5.1                  gggenes_0.4.0                     
 [33] RSpectra_0.16-0                    crosstalk_1.0.0                   
 [35] backports_1.1.5                    annotate_1.64.0                   
 [37] gridBase_0.4-7                     locfdr_1.1-8                      
 [39] RcppParallel_4.4.4                 vctrs_0.2.2                       
 [41] here_0.1                           ROCR_1.0-7                        
 [43] withr_2.1.2                        BSgenome_1.54.0                   
 [45] sctransform_0.2.1                  GenomicAlignments_1.22.1          
 [47] prettyunits_1.1.1                  softImpute_1.4                    
 [49] cluster_2.1.0                      ape_5.3                           
 [51] lazyeval_0.2.2                     crayon_1.3.4                      
 [53] genefilter_1.68.0                  edgeR_3.28.0                      
 [55] pkgconfig_2.0.3                    nlme_3.1-142                      
 [57] vipor_0.4.5                        rlang_0.4.4.9000                  
 [59] globals_0.12.5                     lifecycle_0.1.0                   
 [61] miniUI_0.1.1.1                     registry_0.5-1                    
 [63] bigmemory.sri_0.1.3                modelr_0.1.5                      
 [65] rsvd_1.0.2                         cellranger_1.1.0                  
 [67] rprojroot_1.3-2                    lmtest_0.9-37                     
 [69] rngtools_1.5                       ggseqlogo_0.1                     
 [71] Rhdf5lib_1.8.0                     zoo_1.8-7                         
 [73] reprex_0.3.0                       beeswarm_0.2.3                    
 [75] ggridges_0.5.2                     png_0.1-7                         
 [77] viridisLite_0.3.0                  BSgenome.Mmusculus.UCSC.mm10_1.4.0
 [79] bitops_1.0-6                       rncl_0.8.3                        
 [81] KernSmooth_2.23-16                 Biostrings_2.54.0                 
 [83] blob_1.2.1                         DelayedMatrixStats_1.8.0          
 [85] manipulateWidget_0.10.0            zinbwave_1.11.6                   
 [87] scales_1.1.0                       memoise_1.1.0                     
 [89] plyr_1.8.5                         ica_1.0-2                         
 [91] howmany_0.3-1                      gplots_3.0.1.2                    
 [93] bibtex_0.4.2.2                     gdata_2.18.0                      
 [95] zlibbioc_1.32.0                    compiler_3.6.2                    
 [97] lsei_1.2-0                         dqrng_0.2.1                       
 [99] fitdistrplus_1.0-14                Rsamtools_2.2.1                   
[101] cli_2.0.1                          ade4_1.7-13                       
[103] XVector_0.26.0                     listenv_0.8.0                     
[105] pbapply_1.4-2                      MASS_7.3-51.4                     
[107] tidyselect_1.0.0                   stringi_1.4.5                     
[109] yaml_2.2.1                         BiocSingular_1.2.1                
[111] locfit_1.5-9.1                     ggrepel_0.8.1                     
[113] grid_3.6.2                         tools_3.6.2                       
[115] future.apply_1.4.0                 rstudioapi_0.11                   
[117] uuid_0.1-2                         foreach_1.4.7                     
[119] RNeXML_2.4.2                       farver_2.0.3                      
[121] Rtsne_0.15                         digest_0.6.23                     
[123] FNN_1.1.3                          shiny_1.4.0                       
[125] broom_0.5.4                        later_1.0.0                       
[127] RcppAnnoy_0.0.14                   httr_1.4.1                        
[129] AnnotationDbi_1.48.0               npsurv_0.4-0                      
[131] kernlab_0.9-29                     colorspace_1.4-1                  
[133] rvest_0.3.5                        XML_3.99-0.3                      
[135] fs_1.3.1                           reticulate_1.14                   
[137] splines_3.6.2                      statmod_1.4.33                    
[139] plotly_4.9.1                       xtable_1.8-4                      
[141] jsonlite_1.6.1                     R6_2.4.1                          
[143] pillar_1.4.3                       htmltools_0.4.0                   
[145] mime_0.9                           NMF_0.21.0                        
[147] glue_1.3.1                         fastmap_1.0.1                     
[149] BiocNeighbors_1.4.1                codetools_0.2-16                  
[151] tsne_0.1-3                         lattice_0.20-38                   
[153] ggbeeswarm_0.6.0                   leiden_0.3.4                      
[155] gtools_3.8.1                       survival_3.1-8                    
[157] limma_3.42.1                       rmarkdown_2.1                     
[159] munsell_0.5.0                      GenomeInfoDbData_1.2.2            
[161] iterators_1.0.12                   HDF5Array_1.14.1                  
[163] haven_2.2.0                        reshape2_1.4.3                    
[165] gtable_0.3.0                      


------- Log Info


2020-12-03 17:43:47 : Input-Parameters, Class = list

Input-Parameters$ArchRProj: length = 1
class: ArchRProject 
outputDirectory: /Users/koenvandenberge/Dropbox/research/brainStat/hbcRegenGithub/data/scATAC/archR_samples_pairwise_v2 
samples(6): s1Inj s3Inj ... s2Inj s1UI
sampleColData names(1): ArrowFiles
cellColData names(21): Sample TSSEnrichment ... ReadsInPeaks FRIP
numberOfCells(1): 1
medianTSS(1): 13.414
medianFrags(1): 97573


Input-Parameters$embedding: length = 1
[1] "UMAP_cor"


Input-Parameters$colorBy: length = 1
[1] "cellColData"


Input-Parameters$name: length = 1
[1] "clHBCMerged"


Input-Parameters$log2Norm: length = 0
NULL


Input-Parameters$imputeWeights: length = 0
NULL


Input-Parameters$pal: length = 0
NULL


Input-Parameters$size: length = 1
[1] 0.1


Input-Parameters$sampleCells: length = 0
NULL


Input-Parameters$highlightCells: length = 0
NULL


Input-Parameters$rastr: length = 1
[1] TRUE


Input-Parameters$quantCut: length = 2
[1] 0.01 0.99


Input-Parameters$discreteSet: length = 0
NULL


Input-Parameters$continuousSet: length = 0
NULL


Input-Parameters$randomize: length = 1
[1] TRUE


Input-Parameters$keepAxis: length = 1
[1] FALSE


Input-Parameters$baseSize: length = 1
[1] 10


Input-Parameters$plotAs: length = 0
NULL


Input-Parameters$threads: length = 1
[1] 1


Input-Parameters$logFile: length = 1
[1] "ArchRLogs/ArchR-plotEmbedding-175b8618f04a2-Date-2020-12-03_Time-17-43-46.log"



2020-12-03 17:43:47 : 

2020-12-03 17:43:47 : Embedding data.frame, Class = data.frame
Embedding data.frame: nRows = 4076, nCols = 2
                         Harmony#UMAP_Dimension_1 Harmony#UMAP_Dimension_2
s1Inj#GAGATTCCAAGGTCGA-1               -0.2197991                0.5290461
s1Inj#TCGTTCGGTTAACCGT-1               -1.0450930                4.6875733
s1Inj#TCACTCGTCATGCTTT-1               -0.9180998                3.9006872
s1Inj#GTCGTAATCCGGAAAG-1               -1.2503487               -3.7443663
s1Inj#TATGTTCCACTCGCAG-1               -0.2371747                4.4783907
s1Inj#AAAGGGCAGGTGAACC-1               -0.2601391                2.7598966



2020-12-03 17:43:47 : 

2020-12-03 17:43:47 : ColorParams 1, Class = list

ColorParams 1$color: length = 4076
[1] "C2_Hybrid" "C1_Inj"    "C1_Inj"    "C2_Hybrid" "C1_Inj"    "C1_Inj"   


ColorParams 1$discrete: length = 1
[1] TRUE


ColorParams 1$continuousSet: length = 1
[1] "solarExtra"


ColorParams 1$discreteSet: length = 1
[1] "stallion"


ColorParams 1$title: length = 1
[1] "UMAP_cor of Harmony  colored by\ncolData :  clHBCMerged"



2020-12-03 17:43:47 : PlotParams-1, Class = list

PlotParams-1$color: length = 4076
[1] "C2_Hybrid" "C1_Inj"    "C1_Inj"    "C2_Hybrid" "C1_Inj"    "C1_Inj"   


PlotParams-1$discrete: length = 1
[1] TRUE


PlotParams-1$continuousSet: length = 1
[1] "solarExtra"


PlotParams-1$discreteSet: length = 1
[1] "stallion"


PlotParams-1$title: length = 1
[1] "UMAP_cor of Harmony  colored by\ncolData :  clHBCMerged"


PlotParams-1$x: length = 4076
[1] -0.2197991 -1.0450930 -0.9180998 -1.2503487 -0.2371747 -0.2601391


PlotParams-1$y: length = 4076
[1]  0.5290461  4.6875733  3.9006872 -3.7443663  4.4783907  2.7598966


PlotParams-1$baseSize: length = 1
[1] 10


PlotParams-1$xlabel: length = 1
[1] "UMAP Dimension 1"


PlotParams-1$ylabel: length = 1
[1] "UMAP Dimension 2"


PlotParams-1$rastr: length = 1
[1] TRUE


PlotParams-1$size: length = 1
[1] 0.1


PlotParams-1$randomize: length = 1
[1] TRUE



------- Completed

End Time : 2020-12-03 17:43:47
Elapsed Time Minutes = 0.0308743317921956
Elapsed Time Hours = 0.000514706373214722

-------



