
           ___      .______        ______  __    __  .______      
          /   \     |   _  \      /      ||  |  |  | |   _  \     
         /  ^  \    |  |_)  |    |  ,----'|  |__|  | |  |_)  |    
        /  /_\  \   |      /     |  |     |   __   | |      /     
       /  _____  \  |  |\  \\___ |  `----.|  |  |  | |  |\  \\___.
      /__/     \__\ | _| `._____| \______||__|  |__| | _| `._____|
    
Logging With ArchR!

Start Time : 2020-11-24 16:02:37

------- ArchR Info

ArchRThreads = 4
ArchRGenome = Mm10

------- System Info

Computer OS = unix
Total Cores = 8

------- Session Info

R version 3.6.2 (2019-12-12)
Platform: x86_64-apple-darwin15.6.0 (64-bit)
Running under: macOS Mojave 10.14.5

Matrix products: default
BLAS:   /System/Library/Frameworks/Accelerate.framework/Versions/A/Frameworks/vecLib.framework/Versions/A/libBLAS.dylib
LAPACK: /Library/Frameworks/R.framework/Versions/3.6/Resources/lib/libRlapack.dylib

locale:
[1] en_US.UTF-8/en_US.UTF-8/en_US.UTF-8/C/en_US.UTF-8/en_US.UTF-8

attached base packages:
 [1] parallel  stats4    grid      stats     graphics  grDevices utils     datasets  methods   base     

other attached packages:
 [1] gtable_0.3.0                       harmony_1.0                        Rcpp_1.0.3                        
 [4] uwot_0.1.5                         gridExtra_2.3                      nabor_0.5.0                       
 [7] Seurat_3.1.5                       BSgenome.Mmusculus.UCSC.mm10_1.4.0 BSgenome_1.54.0                   
[10] rtracklayer_1.46.0                 Biostrings_2.54.0                  XVector_0.26.0                    
[13] ArchR_0.9.5                        magrittr_1.5                       rhdf5_2.30.1                      
[16] data.table_1.12.8                  SummarizedExperiment_1.16.1        DelayedArray_0.12.2               
[19] BiocParallel_1.20.1                Biobase_2.46.0                     GenomicRanges_1.38.0              
[22] GenomeInfoDb_1.22.0                IRanges_2.20.2                     S4Vectors_0.24.3                  
[25] BiocGenerics_0.32.0                ggplot2_3.3.2                      knitr_1.28                        
[28] matrixStats_0.56.0                 genomation_1.18.0                  Matrix_1.2-18                     

loaded via a namespace (and not attached):
  [1] circlize_0.4.8           plyr_1.8.5               igraph_1.2.4.2           lazyeval_0.2.2          
  [5] splines_3.6.2            listenv_0.8.0            gridBase_0.4-7           digest_0.6.23           
  [9] htmltools_0.4.0          gdata_2.18.0             cluster_2.1.0            ROCR_1.0-7              
 [13] ComplexHeatmap_2.3.1     globals_0.12.5           readr_1.3.1              RcppParallel_4.4.4      
 [17] colorspace_1.4-1         ggrepel_0.8.1            xfun_0.12                dplyr_0.8.4             
 [21] crayon_1.3.4             RCurl_1.98-1.1           jsonlite_1.6.1           hexbin_1.28.0           
 [25] impute_1.60.0            survival_3.1-8           zoo_1.8-7                ape_5.3                 
 [29] glue_1.3.1               zlibbioc_1.32.0          leiden_0.3.4             GetoptLong_0.1.8        
 [33] Rhdf5lib_1.8.0           future.apply_1.4.0       shape_1.4.4              scales_1.1.0            
 [37] plotrix_3.7-7            viridisLite_0.3.0        clue_0.3-57              reticulate_1.14         
 [41] rsvd_1.0.2               tsne_0.1-3               htmlwidgets_1.5.1        httr_1.4.1              
 [45] gplots_3.0.1.2           RColorBrewer_1.1-2       ica_1.0-2                pkgconfig_2.0.3         
 [49] XML_3.99-0.3             farver_2.0.3             tidyselect_1.0.0         labeling_0.3            
 [53] rlang_0.4.4.9000         reshape2_1.4.3           munsell_0.5.0            tools_3.6.2             
 [57] ggridges_0.5.2           evaluate_0.14            stringr_1.4.0            yaml_2.2.1              
 [61] npsurv_0.4-0             fitdistrplus_1.0-14      caTools_1.18.0           purrr_0.3.3             
 [65] RANN_2.6.1               packrat_0.5.0            pbapply_1.4-2            future_1.16.0           
 [69] nlme_3.1-142             compiler_3.6.2           rstudioapi_0.11          plotly_4.9.1            
 [73] png_0.1-7                lsei_1.2-0               tibble_2.1.3             stringi_1.4.5           
 [77] RSpectra_0.16-0          lattice_0.20-38          vctrs_0.2.2              pillar_1.4.3            
 [81] lifecycle_0.1.0          lmtest_0.9-37            GlobalOptions_0.1.1      RcppAnnoy_0.0.14        
 [85] cowplot_1.0.0            bitops_1.0-6             irlba_2.3.3              patchwork_1.0.0         
 [89] R6_2.4.1                 KernSmooth_2.23-16       codetools_0.2-16         MASS_7.3-51.4           
 [93] gtools_3.8.1             assertthat_0.2.1         rjson_0.2.20             withr_2.1.2             
 [97] GenomicAlignments_1.22.1 sctransform_0.2.1        Rsamtools_2.2.1          GenomeInfoDbData_1.2.2  
[101] hms_0.5.3                tidyr_1.0.2              rmarkdown_2.1            Cairo_1.5-10            
[105] Rtsne_0.15               seqPattern_1.18.0       


------- Log Info


2020-11-24 16:02:37 : Input-Parameters, Class = list

Input-Parameters$: length = 1
                       
1 function (name)      
2 .Internal(args(name))


Input-Parameters$ArchRProj: length = 1
class: ArchRProject 
outputDirectory: /Users/koenvandenberge/Dropbox/research/brainStat/hbcRegenGithub/data/scATAC/archR_samples_pairwise 
samples(6): s1Inj s3Inj ... s2Inj s1UI
sampleColData names(1): ArrowFiles
cellColData names(18): Sample TSSEnrichment ... treat hbcInj
numberOfCells(1): 1
medianTSS(1): 13.414
medianFrags(1): 97573


Input-Parameters$groupBy: length = 1
[1] "hbcInj"


Input-Parameters$useGroups: length = 0
NULL


Input-Parameters$bgdGroups: length = 0
NULL


Input-Parameters$useMatrix: length = 1
[1] "GeneScoreMatrix"


Input-Parameters$bias: length = 2
[1] "TSSEnrichment" "log10(nFrags)"


Input-Parameters$normBy: length = 0
NULL


Input-Parameters$testMethod: length = 1
[1] "wilcoxon"


Input-Parameters$maxCells: length = 1
[1] 500


Input-Parameters$scaleTo: length = 1
[1] 10000


Input-Parameters$threads: length = 1
[1] 4


Input-Parameters$k: length = 1
[1] 100


Input-Parameters$bufferRatio: length = 1
[1] 0.8


Input-Parameters$binarize: length = 1
[1] FALSE


Input-Parameters$useSeqnames: length = 0
NULL


Input-Parameters$verbose: length = 1
[1] FALSE


Input-Parameters$logFile: length = 1
[1] "ArchRLogs/ArchR-getMarkerFeatures-87993e1e343a-Date-2020-11-24_Time-16-02-37.log"


Input-Parameters$ArchRProj: length = 1
class: ArchRProject 
outputDirectory: /Users/koenvandenberge/Dropbox/research/brainStat/hbcRegenGithub/data/scATAC/archR_samples_pairwise 
samples(6): s1Inj s3Inj ... s2Inj s1UI
sampleColData names(1): ArrowFiles
cellColData names(18): Sample TSSEnrichment ... treat hbcInj
numberOfCells(1): 1
medianTSS(1): 13.414
medianFrags(1): 97573


Input-Parameters$groupBy: length = 1
[1] "hbcInj"


Input-Parameters$useGroups: length = 0
NULL


Input-Parameters$bgdGroups: length = 0
NULL


Input-Parameters$useMatrix: length = 1
[1] "GeneScoreMatrix"


Input-Parameters$bias: length = 2
[1] "TSSEnrichment" "log10(nFrags)"


Input-Parameters$normBy: length = 0
NULL


Input-Parameters$testMethod: length = 1
[1] "wilcoxon"


Input-Parameters$maxCells: length = 1
[1] 500


Input-Parameters$scaleTo: length = 1
[1] 10000


Input-Parameters$threads: length = 1
[1] 4


Input-Parameters$k: length = 1
[1] 100


Input-Parameters$bufferRatio: length = 1
[1] 0.8


Input-Parameters$binarize: length = 1
[1] FALSE


Input-Parameters$useSeqnames: length = 0
NULL


Input-Parameters$verbose: length = 1
[1] FALSE


Input-Parameters$logFile: length = 1
[1] "ArchRLogs/ArchR-getMarkerFeatures-87993e1e343a-Date-2020-11-24_Time-16-02-37.log"



2020-11-24 16:02:37 : FeatureDF, Class = DFrame
DataFrame with 24333 rows and 6 columns
      seqnames     start       end  strand          name     idx
         <Rle>   <array>   <array> <array>       <array> <array>
1         chr1   3671498   3214482       2          Xkr4       1
2         chr1   4409241   4290846       2           Rp1       2
3         chr1   4497354   4490928       2         Sox17       3
4         chr1   4785726   4773198       2        Mrpl15       4
5         chr1   4807893   4846735       1        Lypla1       5
...        ...       ...       ...     ...           ...     ...
24329     chrX 169320372 169251538       2          Hccs    1039
24330     chrX 169320422 169368178       1       Gm15246    1040
24331     chrX 169685199 169990798       1          Mid1    1041
24332     chrX 169779635 169776378       2 4933400A11Rik    1042
24333     chrX 170672644 170678054       1          Asmt    1043


2020-11-24 16:02:37 : 
2020-11-24 16:02:37 : Matching Known Biases, 0.001 mins elapsed.

2020-11-24 16:02:37 : MatchSummary hbc_inj, Class = list

MatchSummary hbc_inj$cells: length = 500
[1] 1017  679 3535  930 1533  471


MatchSummary hbc_inj$bgd: length = 500
[1] 2367 2147 2214 3923 2927 2073


MatchSummary hbc_inj$summaryCells: nRows = 5, nCols = 3


MatchSummary hbc_inj$summaryBgd: nRows = 5, nCols = 3


MatchSummary hbc_inj$bgdGroups: nRows = 2, nCols = 1
       hbc_uninj
estbgd       500
obsbgd       500


MatchSummary hbc_inj$bgdGroupsProbs: nRows = 2, nCols = 1
        hbc_uninj
estbgdP       100
obsbgdP       100


MatchSummary hbc_inj$corbgdGroups: length = 1
[1] NA


MatchSummary hbc_inj$n: length = 1
[1] 2264


MatchSummary hbc_inj$p: length = 1
[1] 1


MatchSummary hbc_inj$group: length = 1
[1] "hbc_inj"


MatchSummary hbc_inj$k: length = 1
[1] 100



2020-11-24 16:02:37 : MatchSummary hbc_uninj, Class = list

MatchSummary hbc_uninj$cells: length = 500
[1] 2060 3019 2030 4025 3990 3048


MatchSummary hbc_uninj$bgd: length = 500
[1]  466  584  381 3593 1763  707


MatchSummary hbc_uninj$summaryCells: nRows = 5, nCols = 3


MatchSummary hbc_uninj$summaryBgd: nRows = 5, nCols = 3


MatchSummary hbc_uninj$bgdGroups: nRows = 2, nCols = 1
       hbc_inj
estbgd     500
obsbgd     500


MatchSummary hbc_uninj$bgdGroupsProbs: nRows = 2, nCols = 1
        hbc_inj
estbgdP     100
obsbgdP     100


MatchSummary hbc_uninj$corbgdGroups: length = 1
[1] NA


MatchSummary hbc_uninj$n: length = 1
[1] 1812


MatchSummary hbc_uninj$p: length = 1
[1] 1


MatchSummary hbc_uninj$group: length = 1
[1] "hbc_uninj"


MatchSummary hbc_uninj$k: length = 1
[1] 100


2020-11-24 16:02:38 : Computing Pairwise Tests (1 of 2), 0.027 mins elapsed.
2020-11-24 16:02:38 : Computing Pairwise Tests (2 of 2), 0.027 mins elapsed.
###########
2020-11-24 16:03:02 : Completed Pairwise Tests, 0.424 mins elapsed.
###########

------- Completed

End Time : 2020-11-24 16:03:02
Elapsed Time Minutes = 0.429093833764394
Elapsed Time Hours = 0.0071516446934806

-------



