
           ___      .______        ______  __    __  .______      
          /   \     |   _  \      /      ||  |  |  | |   _  \     
         /  ^  \    |  |_)  |    |  ,----'|  |__|  | |  |_)  |    
        /  /_\  \   |      /     |  |     |   __   | |      /     
       /  _____  \  |  |\  \\___ |  `----.|  |  |  | |  |\  \\___.
      /__/     \__\ | _| `._____| \______||__|  |__| | _| `._____|
    
Logging With ArchR!

Start Time : 2020-11-24 21:14:17

------- ArchR Info

ArchRThreads = 1
ArchRGenome = Mm10

------- System Info

Computer OS = unix
Total Cores = 8

------- Session Info

R version 3.6.2 (2019-12-12)
Platform: x86_64-apple-darwin15.6.0 (64-bit)
Running under: macOS Mojave 10.14.5

Matrix products: default
BLAS:   /Library/Frameworks/R.framework/Versions/3.6/Resources/lib/libRblas.0.dylib
LAPACK: /Library/Frameworks/R.framework/Versions/3.6/Resources/lib/libRlapack.dylib

locale:
[1] en_US.UTF-8/en_US.UTF-8/en_US.UTF-8/C/en_US.UTF-8/en_US.UTF-8

attached base packages:
 [1] parallel  stats4    grid      stats     graphics  grDevices utils    
 [8] datasets  methods   base     

other attached packages:
 [1] presto_1.0.0                       gtable_0.3.0                      
 [3] harmony_1.0                        Rcpp_1.0.3                        
 [5] uwot_0.1.5                         gridExtra_2.3                     
 [7] nabor_0.5.0                        Seurat_3.1.5                      
 [9] Rsamtools_2.2.1                    BSgenome.Mmusculus.UCSC.mm10_1.4.0
[11] BSgenome_1.54.0                    rtracklayer_1.46.0                
[13] Biostrings_2.54.0                  XVector_0.26.0                    
[15] ArchR_0.9.5                        magrittr_1.5                      
[17] rhdf5_2.30.1                       data.table_1.12.8                 
[19] SummarizedExperiment_1.16.1        DelayedArray_0.12.2               
[21] BiocParallel_1.20.1                Biobase_2.46.0                    
[23] GenomicRanges_1.38.0               GenomeInfoDb_1.22.0               
[25] IRanges_2.20.2                     S4Vectors_0.24.3                  
[27] BiocGenerics_0.32.0                ggplot2_3.3.2                     
[29] knitr_1.28                         matrixStats_0.56.0                
[31] genomation_1.18.0                  Matrix_1.2-18                     

loaded via a namespace (and not attached):
 [1] Rtsne_0.15               colorspace_1.4-1         ggridges_0.5.2          
 [4] hexbin_1.28.0            farver_2.0.3             leiden_0.3.4            
 [7] listenv_0.8.0            npsurv_0.4-0             ggrepel_0.8.1           
[10] RSpectra_0.16-0          codetools_0.2-16         splines_3.6.2           
[13] lsei_1.2-0               impute_1.60.0            jsonlite_1.6.1          
[16] seqPattern_1.18.0        Cairo_1.5-10             gridBase_0.4-7          
[19] ica_1.0-2                cluster_2.1.0            png_0.1-7               
[22] sctransform_0.2.1        readr_1.3.1              compiler_3.6.2          
[25] httr_1.4.1               assertthat_0.2.1         lazyeval_0.2.2          
[28] htmltools_0.4.0          tools_3.6.2              rsvd_1.0.2              
[31] igraph_1.2.4.2           glue_1.3.1               GenomeInfoDbData_1.2.2  
[34] RANN_2.6.1               reshape2_1.4.3           dplyr_0.8.4             
[37] vctrs_0.2.2              gdata_2.18.0             ape_5.3                 
[40] nlme_3.1-142             lmtest_0.9-37            xfun_0.12               
[43] stringr_1.4.0            globals_0.12.5           lifecycle_0.1.0         
[46] irlba_2.3.3              gtools_3.8.1             XML_3.99-0.3            
[49] future_1.16.0            zlibbioc_1.32.0          MASS_7.3-51.4           
[52] zoo_1.8-7                scales_1.1.0             hms_0.5.3               
[55] RColorBrewer_1.1-2       yaml_2.2.1               reticulate_1.14         
[58] pbapply_1.4-2            stringi_1.4.5            plotrix_3.7-7           
[61] caTools_1.18.0           rlang_0.4.4.9000         pkgconfig_2.0.3         
[64] bitops_1.0-6             evaluate_0.14            lattice_0.20-38         
[67] ROCR_1.0-7               purrr_0.3.3              Rhdf5lib_1.8.0          
[70] labeling_0.3             GenomicAlignments_1.22.1 patchwork_1.0.0         
[73] htmlwidgets_1.5.1        cowplot_1.0.0            tidyselect_1.0.0        
[76] RcppAnnoy_0.0.14         plyr_1.8.5               R6_2.4.1                
[79] gplots_3.0.1.2           pillar_1.4.3             withr_2.1.2             
[82] fitdistrplus_1.0-14      survival_3.1-8           RCurl_1.98-1.1          
[85] tsne_0.1-3               tibble_2.1.3             future.apply_1.4.0      
[88] crayon_1.3.4             KernSmooth_2.23-16       plotly_4.9.1            
[91] rmarkdown_2.1            digest_0.6.23            tidyr_1.0.2             
[94] RcppParallel_4.4.4       munsell_0.5.0            viridisLite_0.3.0       


------- Log Info


2020-11-24 21:14:17 : markerHeatmap Input-Parameters, Class = list

markerHeatmap Input-Parameters$seMarker: length = 24333
class: SummarizedExperiment 
dim: 6 2 
metadata(2): MatchInfo Params
assays(7): Log2FC Mean ... AUC MeanBGD
rownames(6): 1 2 ... 5 6
rowData names(6): seqnames start ... name idx
colnames(2): hbc_inj hbc_uninj
colData names(0):


markerHeatmap Input-Parameters$cutOff: length = 1
[1] "FDR <= 0.01 & Log2FC >= 1.25"


markerHeatmap Input-Parameters$log2Norm: length = 1
[1] TRUE


markerHeatmap Input-Parameters$scaleTo: length = 1
[1] 10000


markerHeatmap Input-Parameters$scaleRows: length = 1
[1] TRUE


markerHeatmap Input-Parameters$plotLog2FC: length = 1
[1] FALSE


markerHeatmap Input-Parameters$limits: length = 2
[1] -2  2


markerHeatmap Input-Parameters$grepExclude: length = 0
NULL


markerHeatmap Input-Parameters$pal: length = 0
NULL


markerHeatmap Input-Parameters$binaryClusterRows: length = 1
[1] TRUE


markerHeatmap Input-Parameters$clusterCols: length = 1
[1] TRUE


markerHeatmap Input-Parameters$labelMarkers: length = 10
[1] "OMP"     "ASCL1"   "NEUROD1" "KRT5"    "KRT14"   "TRP63"  


markerHeatmap Input-Parameters$nLabel: length = 0
NULL


markerHeatmap Input-Parameters$nPrint: length = 1
[1] 20


markerHeatmap Input-Parameters$labelRows: length = 1
[1] FALSE


markerHeatmap Input-Parameters$returnMatrix: length = 1
[1] FALSE


markerHeatmap Input-Parameters$transpose: length = 1
[1] TRUE


markerHeatmap Input-Parameters$invert: length = 1
[1] FALSE


markerHeatmap Input-Parameters$logFile: length = 1
[1] "ArchRLogs/ArchR-plotMarkerHeatmap-cca7552a8ecd-Date-2020-11-24_Time-21-14-17.log"



2020-11-24 21:14:17 : passMat, Class = matrix
  hbc_inj hbc_uninj
1   FALSE     FALSE
2   FALSE     FALSE
3   FALSE     FALSE
4   FALSE     FALSE
5   FALSE     FALSE

passMat: nRows = 24333, nCols = 2


2020-11-24 21:14:17 : mat, Class = matrix
     hbc_inj  hbc_uninj
1  0.7071068 -0.7071068
2  0.7071068 -0.7071068
3  0.7071068 -0.7071068
4 -0.7071068  0.7071068
5  0.7071068 -0.7071068

mat: nRows = 24333, nCols = 2


2020-11-24 21:14:17 : mat-plot, Class = matrix
         hbc_inj  hbc_uninj
Prss39 0.7071068 -0.7071068
Cfc1   0.7071068 -0.7071068
Cnga3  0.7071068 -0.7071068
Lyg1   0.7071068 -0.7071068
Cxcr2  0.7071068 -0.7071068

mat-plot: nRows = 212, nCols = 2


------- Completed

End Time : 2020-11-24 21:14:17
Elapsed Time Minutes = 0.0116581320762634
Elapsed Time Hours = 0.000194364455011156

-------



