
           ___      .______        ______  __    __  .______      
          /   \     |   _  \      /      ||  |  |  | |   _  \     
         /  ^  \    |  |_)  |    |  ,----'|  |__|  | |  |_)  |    
        /  /_\  \   |      /     |  |     |   __   | |      /     
       /  _____  \  |  |\  \\___ |  `----.|  |  |  | |  |\  \\___.
      /__/     \__\ | _| `._____| \______||__|  |__| | _| `._____|
    
Logging With ArchR!

Start Time : 2020-11-24 16:21:30

------- ArchR Info

ArchRThreads = 4
ArchRGenome = Mm10

------- System Info

Computer OS = unix
Total Cores = 8

------- Session Info

R version 3.6.2 (2019-12-12)
Platform: x86_64-apple-darwin15.6.0 (64-bit)
Running under: macOS Mojave 10.14.5

Matrix products: default
BLAS:   /System/Library/Frameworks/Accelerate.framework/Versions/A/Frameworks/vecLib.framework/Versions/A/libBLAS.dylib
LAPACK: /Library/Frameworks/R.framework/Versions/3.6/Resources/lib/libRlapack.dylib

locale:
[1] en_US.UTF-8/en_US.UTF-8/en_US.UTF-8/C/en_US.UTF-8/en_US.UTF-8

attached base packages:
 [1] parallel  stats4    grid      stats     graphics  grDevices utils     datasets  methods   base     

other attached packages:
 [1] circlize_0.4.8                     ComplexHeatmap_2.3.1               gtable_0.3.0                      
 [4] harmony_1.0                        Rcpp_1.0.3                         uwot_0.1.5                        
 [7] gridExtra_2.3                      nabor_0.5.0                        Seurat_3.1.5                      
[10] BSgenome.Mmusculus.UCSC.mm10_1.4.0 BSgenome_1.54.0                    rtracklayer_1.46.0                
[13] Biostrings_2.54.0                  XVector_0.26.0                     ArchR_0.9.5                       
[16] magrittr_1.5                       rhdf5_2.30.1                       data.table_1.12.8                 
[19] SummarizedExperiment_1.16.1        DelayedArray_0.12.2                BiocParallel_1.20.1               
[22] Biobase_2.46.0                     GenomicRanges_1.38.0               GenomeInfoDb_1.22.0               
[25] IRanges_2.20.2                     S4Vectors_0.24.3                   BiocGenerics_0.32.0               
[28] ggplot2_3.3.2                      knitr_1.28                         matrixStats_0.56.0                
[31] genomation_1.18.0                  Matrix_1.2-18                     

loaded via a namespace (and not attached):
  [1] plyr_1.8.5               igraph_1.2.4.2           lazyeval_0.2.2           splines_3.6.2           
  [5] listenv_0.8.0            gridBase_0.4-7           digest_0.6.23            htmltools_0.4.0         
  [9] gdata_2.18.0             cluster_2.1.0            ROCR_1.0-7               globals_0.12.5          
 [13] readr_1.3.1              RcppParallel_4.4.4       colorspace_1.4-1         ggrepel_0.8.1           
 [17] xfun_0.12                dplyr_0.8.4              crayon_1.3.4             RCurl_1.98-1.1          
 [21] jsonlite_1.6.1           hexbin_1.28.0            impute_1.60.0            survival_3.1-8          
 [25] zoo_1.8-7                ape_5.3                  glue_1.3.1               zlibbioc_1.32.0         
 [29] leiden_0.3.4             GetoptLong_0.1.8         Rhdf5lib_1.8.0           future.apply_1.4.0      
 [33] shape_1.4.4              scales_1.1.0             plotrix_3.7-7            viridisLite_0.3.0       
 [37] clue_0.3-57              reticulate_1.14          rsvd_1.0.2               tsne_0.1-3              
 [41] htmlwidgets_1.5.1        httr_1.4.1               gplots_3.0.1.2           RColorBrewer_1.1-2      
 [45] ica_1.0-2                pkgconfig_2.0.3          XML_3.99-0.3             farver_2.0.3            
 [49] tidyselect_1.0.0         labeling_0.3             rlang_0.4.4.9000         reshape2_1.4.3          
 [53] munsell_0.5.0            tools_3.6.2              ggridges_0.5.2           evaluate_0.14           
 [57] stringr_1.4.0            yaml_2.2.1               npsurv_0.4-0             fitdistrplus_1.0-14     
 [61] caTools_1.18.0           purrr_0.3.3              RANN_2.6.1               packrat_0.5.0           
 [65] pbapply_1.4-2            future_1.16.0            nlme_3.1-142             compiler_3.6.2          
 [69] rstudioapi_0.11          plotly_4.9.1             png_0.1-7                lsei_1.2-0              
 [73] tibble_2.1.3             stringi_1.4.5            RSpectra_0.16-0          lattice_0.20-38         
 [77] vctrs_0.2.2              pillar_1.4.3             lifecycle_0.1.0          lmtest_0.9-37           
 [81] GlobalOptions_0.1.1      RcppAnnoy_0.0.14         cowplot_1.0.0            bitops_1.0-6            
 [85] irlba_2.3.3              patchwork_1.0.0          R6_2.4.1                 KernSmooth_2.23-16      
 [89] codetools_0.2-16         MASS_7.3-51.4            gtools_3.8.1             assertthat_0.2.1        
 [93] rjson_0.2.20             withr_2.1.2              GenomicAlignments_1.22.1 sctransform_0.2.1       
 [97] Rsamtools_2.2.1          GenomeInfoDbData_1.2.2   hms_0.5.3                tidyr_1.0.2             
[101] rmarkdown_2.1            Cairo_1.5-10             Rtsne_0.15               seqPattern_1.18.0       


------- Log Info


2020-11-24 16:21:31 : peakSet, Class = GRanges
GRanges object with 183713 ranges and 12 metadata columns:
            seqnames              ranges strand |     score replicateScoreQuantile groupScoreQuantile Reproducibility
               <Rle>           <IRanges>  <Rle> | <numeric>              <numeric>          <numeric>       <numeric>
  C2_Hybrid     chr1     3094009-3094509      * |   2.55383                  0.086              0.016               2
  C2_Hybrid     chr1     3094608-3095108      * |   26.7973                  0.658               0.58               5
     C1_Inj     chr1     3164668-3165168      * |   2.68149                  0.597              0.451               2
  C2_Hybrid     chr1     3203776-3204276      * |    40.481                  0.739              0.685               4
      C3_UI     chr1     3221039-3221539      * |   7.06557                   0.33               0.16               2
        ...      ...                 ...    ... .       ...                    ...                ...             ...
  C2_Hybrid     chrX 169930577-169931077      * |   10.1869                  0.418              0.285               4
  C2_Hybrid     chrX 169931206-169931706      * |   4.46394                  0.154              0.055               3
      C3_UI     chrX 169937043-169937543      * |   16.2194                  0.614               0.47               3
  C2_Hybrid     chrX 169940459-169940959      * |   9.17849                  0.404               0.27               2
      C3_UI     chrX 169950951-169951451      * |   6.15739                  0.355              0.195               4
               GroupReplicate distToGeneStart   nearestGene    peakType distToTSS  nearestTSS        GC       idx
                  <character>       <integer>   <character> <character> <integer> <character> <numeric> <integer>
  C2_Hybrid  C2_Hybrid._.s2UI          577238          Xkr4      Distal    121372  uc007afg.1    0.5329         1
  C2_Hybrid  C2_Hybrid._.s3UI          576639          Xkr4      Distal    120773  uc007afg.1    0.4112         2
     C1_Inj    C1_Inj._.Other          506579          Xkr4      Distal     50713  uc007afg.1    0.3653         3
  C2_Hybrid  C2_Hybrid._.s3UI          467471          Xkr4      Distal     11605  uc007afg.1    0.4052         4
      C3_UI      C3_UI._.s2UI          450208          Xkr4    Intronic      5656  uc007afg.1    0.4192         5
        ...               ...             ...           ...         ...       ...         ...       ...       ...
  C2_Hybrid  C2_Hybrid._.s3UI          151191 4933400A11Rik    Intronic      3872  uc009rco.1    0.3912      3710
  C2_Hybrid  C2_Hybrid._.s3UI          151820 4933400A11Rik    Intronic      4501  uc009rco.1    0.4331      3711
      C3_UI      C3_UI._.s1UI          157657 4933400A11Rik    Intronic     10338  uc009rco.1    0.4311      3712
  C2_Hybrid C2_Hybrid._.s3Inj          161073 4933400A11Rik    Intronic     13754  uc009rco.1    0.4491      3713
      C3_UI      C3_UI._.s1UI          171565 4933400A11Rik    Intronic     21683  uc009rco.1    0.3832      3714
  -------
  seqinfo: 20 sequences from an unspecified genome; no seqlengths

2020-11-24 16:21:31 : Batch Execution w/ safelapply!, 0 mins elapsed.

2020-11-24 16:21:31 : featureDF, Class = data.frame

2020-11-24 16:21:31 : featureDF, Class = data.frame
featureDF: nRows = 183713, nCols = 4
featureDF: nRows = 183713, nCols = 4

2020-11-24 16:21:31 : featureDF, Class = data.frame
featureDF: nRows = 183713, nCols = 4

2020-11-24 16:21:31 : featureDF, Class = data.frame
featureDF: nRows = 183713, nCols = 4








2020-11-24 16:21:32 : Adding s3UI to PeakMatrix for Chr (1 of 20)!, 0.013 mins elapsed.
2020-11-24 16:21:32 : Adding s2UI to PeakMatrix for Chr (1 of 20)!, 0.013 mins elapsed.
2020-11-24 16:21:32 : Adding s3Inj to PeakMatrix for Chr (1 of 20)!, 0.013 mins elapsed.
2020-11-24 16:21:32 : Adding s1Inj to PeakMatrix for Chr (1 of 20)!, 0.013 mins elapsed.
2020-11-24 16:21:36 : Adding s2UI to PeakMatrix for Chr (2 of 20)!, 0.08 mins elapsed.
2020-11-24 16:21:36 : Adding s3Inj to PeakMatrix for Chr (2 of 20)!, 0.081 mins elapsed.
2020-11-24 16:21:36 : Adding s3UI to PeakMatrix for Chr (2 of 20)!, 0.081 mins elapsed.
2020-11-24 16:21:36 : Adding s1Inj to PeakMatrix for Chr (2 of 20)!, 0.091 mins elapsed.
2020-11-24 16:21:38 : Adding s2UI to PeakMatrix for Chr (3 of 20)!, 0.124 mins elapsed.
2020-11-24 16:21:38 : Adding s3UI to PeakMatrix for Chr (3 of 20)!, 0.128 mins elapsed.
2020-11-24 16:21:38 : Adding s3Inj to PeakMatrix for Chr (3 of 20)!, 0.128 mins elapsed.
2020-11-24 16:21:40 : Adding s1Inj to PeakMatrix for Chr (3 of 20)!, 0.149 mins elapsed.
2020-11-24 16:21:41 : Adding s2UI to PeakMatrix for Chr (4 of 20)!, 0.166 mins elapsed.
2020-11-24 16:21:41 : Adding s3UI to PeakMatrix for Chr (4 of 20)!, 0.172 mins elapsed.
2020-11-24 16:21:41 : Adding s3Inj to PeakMatrix for Chr (4 of 20)!, 0.173 mins elapsed.
2020-11-24 16:21:43 : Adding s1Inj to PeakMatrix for Chr (4 of 20)!, 0.201 mins elapsed.
2020-11-24 16:21:43 : Adding s2UI to PeakMatrix for Chr (5 of 20)!, 0.21 mins elapsed.
2020-11-24 16:21:44 : Adding s3UI to PeakMatrix for Chr (5 of 20)!, 0.217 mins elapsed.
2020-11-24 16:21:44 : Adding s3Inj to PeakMatrix for Chr (5 of 20)!, 0.218 mins elapsed.
2020-11-24 16:21:46 : Adding s2UI to PeakMatrix for Chr (6 of 20)!, 0.252 mins elapsed.
2020-11-24 16:21:46 : Adding s1Inj to PeakMatrix for Chr (5 of 20)!, 0.254 mins elapsed.
2020-11-24 16:21:47 : Adding s3UI to PeakMatrix for Chr (6 of 20)!, 0.263 mins elapsed.
2020-11-24 16:21:47 : Adding s3Inj to PeakMatrix for Chr (6 of 20)!, 0.264 mins elapsed.
2020-11-24 16:21:48 : Adding s2UI to PeakMatrix for Chr (7 of 20)!, 0.295 mins elapsed.
2020-11-24 16:21:49 : Adding s1Inj to PeakMatrix for Chr (6 of 20)!, 0.308 mins elapsed.
2020-11-24 16:21:49 : Adding s3UI to PeakMatrix for Chr (7 of 20)!, 0.309 mins elapsed.
2020-11-24 16:21:49 : Adding s3Inj to PeakMatrix for Chr (7 of 20)!, 0.309 mins elapsed.
2020-11-24 16:21:51 : Adding s2UI to PeakMatrix for Chr (8 of 20)!, 0.34 mins elapsed.
2020-11-24 16:21:52 : Adding s3Inj to PeakMatrix for Chr (8 of 20)!, 0.357 mins elapsed.
2020-11-24 16:21:52 : Adding s3UI to PeakMatrix for Chr (8 of 20)!, 0.36 mins elapsed.
2020-11-24 16:21:53 : Adding s1Inj to PeakMatrix for Chr (7 of 20)!, 0.363 mins elapsed.
2020-11-24 16:21:55 : Adding s2UI to PeakMatrix for Chr (9 of 20)!, 0.398 mins elapsed.
2020-11-24 16:21:56 : Adding s3Inj to PeakMatrix for Chr (9 of 20)!, 0.426 mins elapsed.
2020-11-24 16:21:57 : Adding s3UI to PeakMatrix for Chr (9 of 20)!, 0.43 mins elapsed.
2020-11-24 16:21:58 : Adding s1Inj to PeakMatrix for Chr (8 of 20)!, 0.446 mins elapsed.
2020-11-24 16:21:58 : Adding s2UI to PeakMatrix for Chr (10 of 20)!, 0.459 mins elapsed.
2020-11-24 16:22:00 : Adding s3Inj to PeakMatrix for Chr (10 of 20)!, 0.485 mins elapsed.
2020-11-24 16:22:00 : Adding s3UI to PeakMatrix for Chr (10 of 20)!, 0.49 mins elapsed.
2020-11-24 16:22:02 : Adding s2UI to PeakMatrix for Chr (11 of 20)!, 0.513 mins elapsed.
2020-11-24 16:22:02 : Adding s1Inj to PeakMatrix for Chr (9 of 20)!, 0.516 mins elapsed.
2020-11-24 16:22:03 : Adding s3Inj to PeakMatrix for Chr (11 of 20)!, 0.531 mins elapsed.
2020-11-24 16:22:03 : Adding s3UI to PeakMatrix for Chr (11 of 20)!, 0.537 mins elapsed.
2020-11-24 16:22:04 : Adding s2UI to PeakMatrix for Chr (12 of 20)!, 0.558 mins elapsed.
2020-11-24 16:22:05 : Adding s1Inj to PeakMatrix for Chr (10 of 20)!, 0.566 mins elapsed.
2020-11-24 16:22:06 : Adding s3Inj to PeakMatrix for Chr (12 of 20)!, 0.579 mins elapsed.
2020-11-24 16:22:06 : Adding s3UI to PeakMatrix for Chr (12 of 20)!, 0.584 mins elapsed.
2020-11-24 16:22:07 : Adding s2UI to PeakMatrix for Chr (13 of 20)!, 0.596 mins elapsed.
2020-11-24 16:22:08 : Adding s1Inj to PeakMatrix for Chr (11 of 20)!, 0.617 mins elapsed.
2020-11-24 16:22:08 : Adding s3Inj to PeakMatrix for Chr (13 of 20)!, 0.623 mins elapsed.
2020-11-24 16:22:08 : Adding s3UI to PeakMatrix for Chr (13 of 20)!, 0.628 mins elapsed.
2020-11-24 16:22:09 : Adding s2UI to PeakMatrix for Chr (14 of 20)!, 0.636 mins elapsed.
2020-11-24 16:22:10 : Adding s3Inj to PeakMatrix for Chr (14 of 20)!, 0.662 mins elapsed.
2020-11-24 16:22:11 : Adding s3UI to PeakMatrix for Chr (14 of 20)!, 0.667 mins elapsed.
2020-11-24 16:22:11 : Adding s1Inj to PeakMatrix for Chr (12 of 20)!, 0.67 mins elapsed.
2020-11-24 16:22:11 : Adding s2UI to PeakMatrix for Chr (15 of 20)!, 0.676 mins elapsed.
2020-11-24 16:22:13 : Adding s3Inj to PeakMatrix for Chr (15 of 20)!, 0.7 mins elapsed.
2020-11-24 16:22:13 : Adding s3UI to PeakMatrix for Chr (15 of 20)!, 0.707 mins elapsed.
2020-11-24 16:22:14 : Adding s2UI to PeakMatrix for Chr (16 of 20)!, 0.716 mins elapsed.
2020-11-24 16:22:14 : Adding s1Inj to PeakMatrix for Chr (13 of 20)!, 0.716 mins elapsed.
2020-11-24 16:22:15 : Adding s3Inj to PeakMatrix for Chr (16 of 20)!, 0.741 mins elapsed.
2020-11-24 16:22:16 : Adding s3UI to PeakMatrix for Chr (16 of 20)!, 0.748 mins elapsed.
2020-11-24 16:22:16 : Adding s2UI to PeakMatrix for Chr (17 of 20)!, 0.754 mins elapsed.
2020-11-24 16:22:16 : Adding s1Inj to PeakMatrix for Chr (14 of 20)!, 0.762 mins elapsed.
2020-11-24 16:22:18 : Adding s3Inj to PeakMatrix for Chr (17 of 20)!, 0.779 mins elapsed.
2020-11-24 16:22:18 : Adding s3UI to PeakMatrix for Chr (17 of 20)!, 0.787 mins elapsed.
2020-11-24 16:22:18 : Adding s2UI to PeakMatrix for Chr (18 of 20)!, 0.794 mins elapsed.
2020-11-24 16:22:19 : Adding s1Inj to PeakMatrix for Chr (15 of 20)!, 0.806 mins elapsed.
2020-11-24 16:22:20 : Adding s3Inj to PeakMatrix for Chr (18 of 20)!, 0.82 mins elapsed.
2020-11-24 16:22:21 : Adding s3UI to PeakMatrix for Chr (18 of 20)!, 0.83 mins elapsed.
2020-11-24 16:22:21 : Adding s2UI to PeakMatrix for Chr (19 of 20)!, 0.832 mins elapsed.
2020-11-24 16:22:22 : Adding s1Inj to PeakMatrix for Chr (16 of 20)!, 0.855 mins elapsed.
2020-11-24 16:22:22 : Adding s3Inj to PeakMatrix for Chr (19 of 20)!, 0.862 mins elapsed.
2020-11-24 16:22:23 : Adding s2UI to PeakMatrix for Chr (20 of 20)!, 0.872 mins elapsed.
2020-11-24 16:22:23 : Adding s3UI to PeakMatrix for Chr (19 of 20)!, 0.873 mins elapsed.
2020-11-24 16:22:25 : Adding s1Inj to PeakMatrix for Chr (17 of 20)!, 0.906 mins elapsed.
2020-11-24 16:22:25 : Adding s3Inj to PeakMatrix for Chr (20 of 20)!, 0.906 mins elapsed.
2020-11-24 16:22:26 : Adding s3UI to PeakMatrix for Chr (20 of 20)!, 0.918 mins elapsed.

2020-11-24 16:22:26 : featureDF, Class = data.frame
featureDF: nRows = 183713, nCols = 4


2020-11-24 16:22:27 : Adding s2Inj to PeakMatrix for Chr (1 of 20)!, 0.017 mins elapsed.
2020-11-24 16:22:28 : Adding s1Inj to PeakMatrix for Chr (18 of 20)!, 0.952 mins elapsed.

2020-11-24 16:22:28 : featureDF, Class = data.frame
featureDF: nRows = 183713, nCols = 4


2020-11-24 16:22:29 : Adding s1UI to PeakMatrix for Chr (1 of 20)!, 0.014 mins elapsed.
2020-11-24 16:22:30 : Adding s1Inj to PeakMatrix for Chr (19 of 20)!, 0.99 mins elapsed.
2020-11-24 16:22:31 : Adding s2Inj to PeakMatrix for Chr (2 of 20)!, 0.078 mins elapsed.
2020-11-24 16:22:32 : Adding s1Inj to PeakMatrix for Chr (20 of 20)!, 1.028 mins elapsed.
2020-11-24 16:22:33 : Adding s1UI to PeakMatrix for Chr (2 of 20)!, 0.075 mins elapsed.
2020-11-24 16:22:33 : Adding s2Inj to PeakMatrix for Chr (3 of 20)!, 0.118 mins elapsed.
2020-11-24 16:22:35 : Adding s1UI to PeakMatrix for Chr (3 of 20)!, 0.113 mins elapsed.
2020-11-24 16:22:35 : Adding s2Inj to PeakMatrix for Chr (4 of 20)!, 0.156 mins elapsed.
2020-11-24 16:22:37 : Adding s1UI to PeakMatrix for Chr (4 of 20)!, 0.146 mins elapsed.
2020-11-24 16:22:38 : Adding s2Inj to PeakMatrix for Chr (5 of 20)!, 0.192 mins elapsed.
2020-11-24 16:22:39 : Adding s1UI to PeakMatrix for Chr (5 of 20)!, 0.177 mins elapsed.
2020-11-24 16:22:39 : Adding s2Inj to PeakMatrix for Chr (6 of 20)!, 0.223 mins elapsed.
2020-11-24 16:22:40 : Adding s1UI to PeakMatrix for Chr (6 of 20)!, 0.207 mins elapsed.
2020-11-24 16:22:41 : Adding s2Inj to PeakMatrix for Chr (7 of 20)!, 0.254 mins elapsed.
2020-11-24 16:22:42 : Adding s1UI to PeakMatrix for Chr (7 of 20)!, 0.238 mins elapsed.
2020-11-24 16:22:43 : Adding s2Inj to PeakMatrix for Chr (8 of 20)!, 0.289 mins elapsed.
2020-11-24 16:22:44 : Adding s1UI to PeakMatrix for Chr (8 of 20)!, 0.272 mins elapsed.
2020-11-24 16:22:45 : Adding s2Inj to PeakMatrix for Chr (9 of 20)!, 0.323 mins elapsed.
2020-11-24 16:22:46 : Adding s1UI to PeakMatrix for Chr (9 of 20)!, 0.304 mins elapsed.
2020-11-24 16:22:47 : Adding s2Inj to PeakMatrix for Chr (10 of 20)!, 0.355 mins elapsed.
2020-11-24 16:22:48 : Adding s1UI to PeakMatrix for Chr (10 of 20)!, 0.333 mins elapsed.
2020-11-24 16:22:49 : Adding s2Inj to PeakMatrix for Chr (11 of 20)!, 0.387 mins elapsed.
2020-11-24 16:22:50 : Adding s1UI to PeakMatrix for Chr (11 of 20)!, 0.364 mins elapsed.
2020-11-24 16:22:51 : Adding s2Inj to PeakMatrix for Chr (12 of 20)!, 0.42 mins elapsed.
2020-11-24 16:22:52 : Adding s1UI to PeakMatrix for Chr (12 of 20)!, 0.395 mins elapsed.
2020-11-24 16:22:53 : Adding s2Inj to PeakMatrix for Chr (13 of 20)!, 0.449 mins elapsed.
2020-11-24 16:22:53 : Adding s1UI to PeakMatrix for Chr (13 of 20)!, 0.424 mins elapsed.
2020-11-24 16:22:55 : Adding s2Inj to PeakMatrix for Chr (14 of 20)!, 0.479 mins elapsed.
2020-11-24 16:22:55 : Adding s1UI to PeakMatrix for Chr (14 of 20)!, 0.452 mins elapsed.
2020-11-24 16:22:57 : Adding s2Inj to PeakMatrix for Chr (15 of 20)!, 0.509 mins elapsed.
2020-11-24 16:22:57 : Adding s1UI to PeakMatrix for Chr (15 of 20)!, 0.483 mins elapsed.
2020-11-24 16:22:59 : Adding s2Inj to PeakMatrix for Chr (16 of 20)!, 0.548 mins elapsed.
2020-11-24 16:22:59 : Adding s1UI to PeakMatrix for Chr (16 of 20)!, 0.523 mins elapsed.
2020-11-24 16:23:01 : Adding s2Inj to PeakMatrix for Chr (17 of 20)!, 0.583 mins elapsed.
2020-11-24 16:23:01 : Adding s1UI to PeakMatrix for Chr (17 of 20)!, 0.556 mins elapsed.
2020-11-24 16:23:03 : Adding s2Inj to PeakMatrix for Chr (18 of 20)!, 0.617 mins elapsed.
2020-11-24 16:23:03 : Adding s1UI to PeakMatrix for Chr (18 of 20)!, 0.587 mins elapsed.
2020-11-24 16:23:05 : Adding s2Inj to PeakMatrix for Chr (19 of 20)!, 0.65 mins elapsed.
2020-11-24 16:23:05 : Adding s1UI to PeakMatrix for Chr (19 of 20)!, 0.619 mins elapsed.
2020-11-24 16:23:07 : Adding s2Inj to PeakMatrix for Chr (20 of 20)!, 0.681 mins elapsed.
2020-11-24 16:23:07 : Adding s1UI to PeakMatrix for Chr (20 of 20)!, 0.65 mins elapsed.

------- Completed

End Time : 2020-11-24 16:23:09
Elapsed Time Minutes = 1.66231640179952
Elapsed Time Hours = 0.0277055839035246

-------



