
           ___      .______        ______  __    __  .______      
          /   \     |   _  \      /      ||  |  |  | |   _  \     
         /  ^  \    |  |_)  |    |  ,----'|  |__|  | |  |_)  |    
        /  /_\  \   |      /     |  |     |   __   | |      /     
       /  _____  \  |  |\  \\___ |  `----.|  |  |  | |  |\  \\___.
      /__/     \__\ | _| `._____| \______||__|  |__| | _| `._____|
    
Logging With ArchR!

Start Time : 2020-12-03 18:30:56

------- ArchR Info

ArchRThreads = 1
ArchRGenome = Mm10

------- System Info

Computer OS = unix
Total Cores = 8

------- Session Info

R version 3.6.2 (2019-12-12)
Platform: x86_64-apple-darwin15.6.0 (64-bit)
Running under: macOS Mojave 10.14.5

Matrix products: default
BLAS:   /Library/Frameworks/R.framework/Versions/3.6/Resources/lib/libRblas.0.dylib
LAPACK: /Library/Frameworks/R.framework/Versions/3.6/Resources/lib/libRlapack.dylib

locale:
[1] en_US.UTF-8/en_US.UTF-8/en_US.UTF-8/C/en_US.UTF-8/en_US.UTF-8

attached base packages:
 [1] grid      parallel  stats4    stats     graphics  grDevices utils    
 [8] datasets  methods   base     

other attached packages:
 [1] BSgenome.Mmusculus.UCSC.mm10_1.4.0 BSgenome_1.54.0                   
 [3] rtracklayer_1.46.0                 Biostrings_2.54.0                 
 [5] XVector_0.26.0                     ggalluvial_0.12.0                 
 [7] ArchR_0.9.5                        magrittr_1.5                      
 [9] rhdf5_2.30.1                       data.table_1.12.8                 
[11] patchwork_1.0.0                    Seurat_3.1.5                      
[13] Signac_0.2.5                       harmony_1.0                       
[15] Rcpp_1.0.3                         scater_1.14.6                     
[17] uwot_0.1.5                         scran_1.14.5                      
[19] forcats_0.4.0                      stringr_1.4.0                     
[21] dplyr_0.8.4                        purrr_0.3.3                       
[23] readr_1.3.1                        tidyr_1.0.2                       
[25] tibble_2.1.3                       tidyverse_1.3.0                   
[27] irlba_2.3.3                        Matrix_1.2-18                     
[29] gridExtra_2.3                      wesanderson_0.3.6                 
[31] pheatmap_1.0.12                    ggplot2_3.3.2                     
[33] RColorBrewer_1.1-2                 clusterExperiment_2.6.1           
[35] bigmemory_4.5.36                   rgl_0.100.30                      
[37] cowplot_1.0.0                      SingleCellExperiment_1.8.0        
[39] SummarizedExperiment_1.16.1        DelayedArray_0.12.2               
[41] BiocParallel_1.20.1                matrixStats_0.56.0                
[43] Biobase_2.46.0                     GenomicRanges_1.38.0              
[45] GenomeInfoDb_1.22.0                IRanges_2.20.2                    
[47] S4Vectors_0.24.3                   BiocGenerics_0.32.0               
[49] slingshot_1.5.2                    princurve_2.1.4                   

loaded via a namespace (and not attached):
  [1] pkgmaker_0.31            bit64_0.9-7              knitr_1.28              
  [4] RCurl_1.98-1.1           doParallel_1.0.15        generics_0.0.2          
  [7] RSQLite_2.2.0            RANN_2.6.1               future_1.16.0           
 [10] ggfittext_0.9.0          bit_1.1-15.2             phylobase_0.8.6         
 [13] webshot_0.5.2            xml2_1.3.2               lubridate_1.7.4         
 [16] httpuv_1.5.2             assertthat_0.2.1         viridis_0.5.1           
 [19] xfun_0.12                hms_0.5.3                evaluate_0.14           
 [22] promises_1.1.0           fansi_0.4.1              progress_1.2.2          
 [25] caTools_1.18.0           dbplyr_1.4.2             readxl_1.3.1            
 [28] igraph_1.2.4.2           DBI_1.1.0                htmlwidgets_1.5.1       
 [31] ellipsis_0.3.0           gggenes_0.4.0            RSpectra_0.16-0         
 [34] crosstalk_1.0.0          backports_1.1.5          annotate_1.64.0         
 [37] gridBase_0.4-7           locfdr_1.1-8             RcppParallel_4.4.4      
 [40] vctrs_0.2.2              Cairo_1.5-10             here_0.1                
 [43] ROCR_1.0-7               withr_2.1.2              sctransform_0.2.1       
 [46] GenomicAlignments_1.22.1 prettyunits_1.1.1        softImpute_1.4          
 [49] cluster_2.1.0            ape_5.3                  lazyeval_0.2.2          
 [52] crayon_1.3.4             genefilter_1.68.0        labeling_0.3            
 [55] edgeR_3.28.0             pkgconfig_2.0.3          nlme_3.1-142            
 [58] vipor_0.4.5              rlang_0.4.4.9000         globals_0.12.5          
 [61] lifecycle_0.1.0          miniUI_0.1.1.1           registry_0.5-1          
 [64] bigmemory.sri_0.1.3      modelr_0.1.5             rsvd_1.0.2              
 [67] cellranger_1.1.0         rprojroot_1.3-2          lmtest_0.9-37           
 [70] rngtools_1.5             ggseqlogo_0.1            Rhdf5lib_1.8.0          
 [73] zoo_1.8-7                reprex_0.3.0             beeswarm_0.2.3          
 [76] ggridges_0.5.2           png_0.1-7                viridisLite_0.3.0       
 [79] bitops_1.0-6             rncl_0.8.3               KernSmooth_2.23-16      
 [82] blob_1.2.1               DelayedMatrixStats_1.8.0 manipulateWidget_0.10.0 
 [85] zinbwave_1.11.6          scales_1.1.0             memoise_1.1.0           
 [88] plyr_1.8.5               ica_1.0-2                howmany_0.3-1           
 [91] gplots_3.0.1.2           bibtex_0.4.2.2           gdata_2.18.0            
 [94] zlibbioc_1.32.0          compiler_3.6.2           lsei_1.2-0              
 [97] dqrng_0.2.1              fitdistrplus_1.0-14      Rsamtools_2.2.1         
[100] cli_2.0.1                ade4_1.7-13              listenv_0.8.0           
[103] pbapply_1.4-2            MASS_7.3-51.4            tidyselect_1.0.0        
[106] stringi_1.4.5            yaml_2.2.1               BiocSingular_1.2.1      
[109] locfit_1.5-9.1           ggrepel_0.8.1            tools_3.6.2             
[112] future.apply_1.4.0       rstudioapi_0.11          uuid_0.1-2              
[115] foreach_1.4.7            RNeXML_2.4.2             farver_2.0.3            
[118] Rtsne_0.15               digest_0.6.23            FNN_1.1.3               
[121] shiny_1.4.0              broom_0.5.4              later_1.0.0             
[124] RcppAnnoy_0.0.14         httr_1.4.1               AnnotationDbi_1.48.0    
[127] npsurv_0.4-0             kernlab_0.9-29           colorspace_1.4-1        
[130] rvest_0.3.5              XML_3.99-0.3             fs_1.3.1                
[133] reticulate_1.14          splines_3.6.2            statmod_1.4.33          
[136] plotly_4.9.1             xtable_1.8-4             jsonlite_1.6.1          
[139] R6_2.4.1                 pillar_1.4.3             htmltools_0.4.0         
[142] mime_0.9                 NMF_0.21.0               glue_1.3.1              
[145] fastmap_1.0.1            BiocNeighbors_1.4.1      codetools_0.2-16        
[148] tsne_0.1-3               lattice_0.20-38          ggbeeswarm_0.6.0        
[151] leiden_0.3.4             gtools_3.8.1             survival_3.1-8          
[154] limma_3.42.1             rmarkdown_2.1            munsell_0.5.0           
[157] GenomeInfoDbData_1.2.2   iterators_1.0.12         HDF5Array_1.14.1        
[160] haven_2.2.0              reshape2_1.4.3           gtable_0.3.0            


------- Log Info


2020-12-03 18:30:56 : Input-Parameters, Class = list

Input-Parameters$: length = 1
                       
1 function (name)      
2 .Internal(args(name))


Input-Parameters$ArchRProj: length = 1
class: ArchRProject 
outputDirectory: /Users/koenvandenberge/Dropbox/research/brainStat/hbcRegenGithub/data/scATAC/archR_samples_pairwise_v2 
samples(6): s1Inj s3Inj ... s2Inj s1UI
sampleColData names(1): ArrowFiles
cellColData names(22): Sample TSSEnrichment ... FRIP predAnn
numberOfCells(1): 1
medianTSS(1): 13.414
medianFrags(1): 97573


Input-Parameters$groupBy: length = 1
[1] "predAnn"


Input-Parameters$useGroups: length = 0
NULL


Input-Parameters$bgdGroups: length = 0
NULL


Input-Parameters$useMatrix: length = 1
[1] "PeakMatrix"


Input-Parameters$bias: length = 2
[1] "TSSEnrichment" "log10(nFrags)"


Input-Parameters$normBy: length = 0
NULL


Input-Parameters$testMethod: length = 1
[1] "wilcoxon"


Input-Parameters$maxCells: length = 1
[1] 500


Input-Parameters$scaleTo: length = 1
[1] 10000


Input-Parameters$threads: length = 1
[1] 1


Input-Parameters$k: length = 1
[1] 100


Input-Parameters$bufferRatio: length = 1
[1] 0.8


Input-Parameters$binarize: length = 1
[1] FALSE


Input-Parameters$useSeqnames: length = 0
NULL


Input-Parameters$verbose: length = 1
[1] TRUE


Input-Parameters$logFile: length = 1
[1] "ArchRLogs/ArchR-getMarkerFeatures-175b82744b83f-Date-2020-12-03_Time-18-30-56.log"


Input-Parameters$ArchRProj: length = 1
class: ArchRProject 
outputDirectory: /Users/koenvandenberge/Dropbox/research/brainStat/hbcRegenGithub/data/scATAC/archR_samples_pairwise_v2 
samples(6): s1Inj s3Inj ... s2Inj s1UI
sampleColData names(1): ArrowFiles
cellColData names(22): Sample TSSEnrichment ... FRIP predAnn
numberOfCells(1): 1
medianTSS(1): 13.414
medianFrags(1): 97573


Input-Parameters$groupBy: length = 1
[1] "predAnn"


Input-Parameters$useGroups: length = 0
NULL


Input-Parameters$bgdGroups: length = 0
NULL


Input-Parameters$useMatrix: length = 1
[1] "PeakMatrix"


Input-Parameters$bias: length = 2
[1] "TSSEnrichment" "log10(nFrags)"


Input-Parameters$normBy: length = 0
NULL


Input-Parameters$testMethod: length = 1
[1] "wilcoxon"


Input-Parameters$maxCells: length = 1
[1] 500


Input-Parameters$scaleTo: length = 1
[1] 10000


Input-Parameters$threads: length = 1
[1] 1


Input-Parameters$k: length = 1
[1] 100


Input-Parameters$bufferRatio: length = 1
[1] 0.8


Input-Parameters$binarize: length = 1
[1] FALSE


Input-Parameters$useSeqnames: length = 0
NULL


Input-Parameters$verbose: length = 1
[1] TRUE


Input-Parameters$logFile: length = 1
[1] "ArchRLogs/ArchR-getMarkerFeatures-175b82744b83f-Date-2020-12-03_Time-18-30-56.log"



2020-12-03 18:30:56 : FeatureDF, Class = DFrame
DataFrame with 190052 rows and 4 columns
       seqnames     idx     start       end
          <Rle> <array>   <array>   <array>
1          chr1       1   3094009   3094509
2          chr1       2   3094598   3095098
3          chr1       3   3164668   3165168
4          chr1       4   3203760   3204260
5          chr1       5   3221042   3221542
...         ...     ...       ...       ...
190048     chrX    3804 169930547 169931047
190049     chrX    3805 169931228 169931728
190050     chrX    3806 169937043 169937543
190051     chrX    3807 169940457 169940957
190052     chrX    3808 169950951 169951451


2020-12-03 18:30:56 : 
2020-12-03 18:30:56 : Matching Known Biases, 0.004 mins elapsed.

2020-12-03 18:30:56 : MatchSummary C1_Inj, Class = list

MatchSummary C1_Inj$cells: length = 499
[1] 1354  863  178 1210  601  387


MatchSummary C1_Inj$bgd: length = 499
[1] 2681 3055 1955 3151 3015 2925


MatchSummary C1_Inj$summaryCells: nRows = 5, nCols = 3
              TSSEnrichment log10(nFrags)       name
median            15.050000     4.1202777 foreground
mean              15.132022     4.0648829 foreground
sd                 2.606312     0.4103674 foreground
lowerQuartile     13.729000     3.8335294 foreground
upperQuartile     16.590000     4.3549011 foreground


MatchSummary C1_Inj$summaryBgd: nRows = 5, nCols = 3
              TSSEnrichment log10(nFrags)       name
median            15.197000     4.1138765 background
mean              15.100098     4.0627335 background
sd                 2.793135     0.4268621 background
lowerQuartile     13.770500     3.8359410 background
upperQuartile     16.607000     4.3652411 background


MatchSummary C1_Inj$bgdGroups: nRows = 2, nCols = 4
       hybrid1 hybrid2 C2_Hybrid resting
estbgd      38      43       180     238
obsbgd      38      43       180     238


MatchSummary C1_Inj$bgdGroupsProbs: nRows = 2, nCols = 4
        hybrid1 hybrid2 C2_Hybrid resting
estbgdP   7.615   8.617    36.072  47.695
obsbgdP   7.615   8.617    36.072  47.695


MatchSummary C1_Inj$corbgdGroups: length = 1
[1] 1


MatchSummary C1_Inj$n: length = 1
[1] 1485


MatchSummary C1_Inj$p: length = 1
[1] 1


MatchSummary C1_Inj$group: length = 1
[1] "C1_Inj"


MatchSummary C1_Inj$k: length = 1
[1] 100



2020-12-03 18:30:57 : MatchSummary C2_Hybrid, Class = list

MatchSummary C2_Hybrid$cells: length = 498
[1]  950 1214 1732 2297 1101 1459


MatchSummary C2_Hybrid$bgd: length = 498
[1]  931 3155 1740 3930 2335   95


MatchSummary C2_Hybrid$summaryCells: nRows = 5, nCols = 3
              TSSEnrichment log10(nFrags)       name
median            16.351000     4.0641318 foreground
mean              16.393958     3.9689581 foreground
sd                 3.578949     0.4797263 foreground
lowerQuartile     14.234750     3.6133925 foreground
upperQuartile     18.508750     4.3551400 foreground


MatchSummary C2_Hybrid$summaryBgd: nRows = 5, nCols = 3
              TSSEnrichment log10(nFrags)       name
median            16.346000     4.0639710 background
mean              16.437390     3.9683114 background
sd                 3.589898     0.4744166 background
lowerQuartile     14.185250     3.6016519 background
upperQuartile     18.589250     4.3347033 background


MatchSummary C2_Hybrid$bgdGroups: nRows = 2, nCols = 4
       hybrid1 hybrid2 resting C1_Inj
estbgd      31      35     196    236
obsbgd      31      35     196    236


MatchSummary C2_Hybrid$bgdGroupsProbs: nRows = 2, nCols = 4
        hybrid1 hybrid2 resting C1_Inj
estbgdP   6.225   7.028  39.357  47.39
obsbgdP   6.225   7.028  39.357  47.39


MatchSummary C2_Hybrid$corbgdGroups: length = 1
[1] 1


MatchSummary C2_Hybrid$n: length = 1
[1] 933


MatchSummary C2_Hybrid$p: length = 1
[1] 1


MatchSummary C2_Hybrid$group: length = 1
[1] "C2_Hybrid"


MatchSummary C2_Hybrid$k: length = 1
[1] 100



2020-12-03 18:30:57 : MatchSummary hybrid1, Class = list

MatchSummary hybrid1$cells: length = 156
[1] 1391 2960 2681 3260 1931 3219


MatchSummary hybrid1$bgd: length = 156
[1] 1419 3737 1361 3294 1951 3236


MatchSummary hybrid1$summaryCells: nRows = 5, nCols = 3
              TSSEnrichment log10(nFrags)       name
median            16.731500     4.3806424 foreground
mean              16.651667     4.2294650 foreground
sd                 3.045707     0.4939234 foreground
lowerQuartile     15.101000     4.0316740 foreground
upperQuartile     18.486500     4.5934123 foreground


MatchSummary hybrid1$summaryBgd: nRows = 5, nCols = 3
              TSSEnrichment log10(nFrags)       name
median            16.590000     4.3733162 background
mean              16.671378     4.2211749 background
sd                 3.278234     0.4684036 background
lowerQuartile     15.172250     4.0272168 background
upperQuartile     18.278500     4.5547206 background


MatchSummary hybrid1$bgdGroups: nRows = 2, nCols = 4
       hybrid2 C2_Hybrid resting C1_Inj
estbgd       9        37      50     60
obsbgd       9        37      50     60


MatchSummary hybrid1$bgdGroupsProbs: nRows = 2, nCols = 4
        hybrid2 C2_Hybrid resting C1_Inj
estbgdP   5.769    23.718  32.051 38.462
obsbgdP   5.769    23.718  32.051 38.462


MatchSummary hybrid1$corbgdGroups: length = 1
[1] 1


MatchSummary hybrid1$n: length = 1
[1] 197


MatchSummary hybrid1$p: length = 1
[1] 1


MatchSummary hybrid1$group: length = 1
[1] "hybrid1"


MatchSummary hybrid1$k: length = 1
[1] 100



2020-12-03 18:30:57 : MatchSummary hybrid2, Class = list

MatchSummary hybrid2$cells: length = 177
[1] 1836 2876 2709 2786 2716 2881


MatchSummary hybrid2$bgd: length = 177
[1] 3619 2873 1956 3318   77 3430


MatchSummary hybrid2$summaryCells: nRows = 5, nCols = 3
              TSSEnrichment log10(nFrags)       name
median            17.652000     4.3993448 foreground
mean              17.594130     4.2031823 foreground
sd                 2.879288     0.5282803 foreground
lowerQuartile     15.546000     4.0666986 foreground
upperQuartile     19.685000     4.5479100 foreground


MatchSummary hybrid2$summaryBgd: nRows = 5, nCols = 3
              TSSEnrichment log10(nFrags)       name
median            17.462000     4.3960772 background
mean              17.652141     4.2115520 background
sd                 2.998794     0.5010439 background
lowerQuartile     15.629000     4.0837534 background
upperQuartile     19.665000     4.5355599 background


MatchSummary hybrid2$bgdGroups: nRows = 2, nCols = 4
       hybrid1 C2_Hybrid resting C1_Inj
estbgd       9        43      57     68
obsbgd       9        43      57     68


MatchSummary hybrid2$bgdGroupsProbs: nRows = 2, nCols = 4
        hybrid1 C2_Hybrid resting C1_Inj
estbgdP   5.085    24.294  32.203 38.418
obsbgdP   5.085    24.294  32.203 38.418


MatchSummary hybrid2$corbgdGroups: length = 1
[1] 1


MatchSummary hybrid2$n: length = 1
[1] 223


MatchSummary hybrid2$p: length = 1
[1] 1


MatchSummary hybrid2$group: length = 1
[1] "hybrid2"


MatchSummary hybrid2$k: length = 1
[1] 100



2020-12-03 18:30:57 : MatchSummary resting, Class = list

MatchSummary resting$cells: length = 498
[1] 3668 2268 3899 1853 3697 2558


MatchSummary resting$bgd: length = 498
[1] 3351 3554 1020 1281  277 1194


MatchSummary resting$summaryCells: nRows = 5, nCols = 3
              TSSEnrichment log10(nFrags)       name
median             18.59900     3.8978140 foreground
mean               18.85838     3.8919649 foreground
sd                  4.92182     0.4278749 foreground
lowerQuartile      16.07475     3.5789851 foreground
upperQuartile      21.21050     4.1782525 foreground


MatchSummary resting$summaryBgd: nRows = 5, nCols = 3
              TSSEnrichment log10(nFrags)       name
median            18.422500     3.8936784 background
mean              18.263241     3.8934836 background
sd                 3.609916     0.4256103 background
lowerQuartile     16.059750     3.6097276 background
upperQuartile     20.288750     4.1751049 background


MatchSummary resting$bgdGroups: nRows = 2, nCols = 4
       hybrid1 hybrid2 C2_Hybrid C1_Inj
estbgd      34      39       164    261
obsbgd      34      39       164    261


MatchSummary resting$bgdGroupsProbs: nRows = 2, nCols = 4
        hybrid1 hybrid2 C2_Hybrid C1_Inj
estbgdP   6.827   7.831    32.932  52.41
obsbgdP   6.827   7.831    32.932  52.41


MatchSummary resting$corbgdGroups: length = 1
[1] 1


MatchSummary resting$n: length = 1
[1] 1238


MatchSummary resting$p: length = 1
[1] 1


MatchSummary resting$group: length = 1
[1] "resting"


MatchSummary resting$k: length = 1
[1] 100


2020-12-03 18:30:58 : Computing Pairwise Tests (1 of 5), 0.031 mins elapsed.
2020-12-03 18:31:26 : Computing Pairwise Tests (2 of 5), 0.494 mins elapsed.
2020-12-03 18:31:53 : Computing Pairwise Tests (3 of 5), 0.95 mins elapsed.
2020-12-03 18:32:18 : Computing Pairwise Tests (4 of 5), 1.374 mins elapsed.
2020-12-03 18:32:44 : Computing Pairwise Tests (5 of 5), 1.804 mins elapsed.
###########
2020-12-03 18:33:11 : Completed Pairwise Tests, 2.255 mins elapsed.
###########

------- Completed

End Time : 2020-12-03 18:33:11
Elapsed Time Minutes = 2.26234671672185
Elapsed Time Hours = 0.0377058521906535

-------



