
           ___      .______        ______  __    __  .______      
          /   \     |   _  \      /      ||  |  |  | |   _  \     
         /  ^  \    |  |_)  |    |  ,----'|  |__|  | |  |_)  |    
        /  /_\  \   |      /     |  |     |   __   | |      /     
       /  _____  \  |  |\  \\___ |  `----.|  |  |  | |  |\  \\___.
      /__/     \__\ | _| `._____| \______||__|  |__| | _| `._____|
    
Logging With ArchR!

Start Time : 2020-11-24 16:27:59

------- ArchR Info

ArchRThreads = 4
ArchRGenome = Mm10

------- System Info

Computer OS = unix
Total Cores = 8

------- Session Info

R version 3.6.2 (2019-12-12)
Platform: x86_64-apple-darwin15.6.0 (64-bit)
Running under: macOS Mojave 10.14.5

Matrix products: default
BLAS:   /System/Library/Frameworks/Accelerate.framework/Versions/A/Frameworks/vecLib.framework/Versions/A/libBLAS.dylib
LAPACK: /Library/Frameworks/R.framework/Versions/3.6/Resources/lib/libRlapack.dylib

locale:
[1] en_US.UTF-8/en_US.UTF-8/en_US.UTF-8/C/en_US.UTF-8/en_US.UTF-8

attached base packages:
 [1] parallel  stats4    grid      stats     graphics  grDevices utils     datasets  methods   base     

other attached packages:
 [1] chromVARmotifs_0.2.0               motifmatchr_1.8.0                  circlize_0.4.8                    
 [4] ComplexHeatmap_2.3.1               gtable_0.3.0                       harmony_1.0                       
 [7] Rcpp_1.0.3                         uwot_0.1.5                         gridExtra_2.3                     
[10] nabor_0.5.0                        Seurat_3.1.5                       BSgenome.Mmusculus.UCSC.mm10_1.4.0
[13] BSgenome_1.54.0                    rtracklayer_1.46.0                 Biostrings_2.54.0                 
[16] XVector_0.26.0                     ArchR_0.9.5                        magrittr_1.5                      
[19] rhdf5_2.30.1                       data.table_1.12.8                  SummarizedExperiment_1.16.1       
[22] DelayedArray_0.12.2                BiocParallel_1.20.1                Biobase_2.46.0                    
[25] GenomicRanges_1.38.0               GenomeInfoDb_1.22.0                IRanges_2.20.2                    
[28] S4Vectors_0.24.3                   BiocGenerics_0.32.0                ggplot2_3.3.2                     
[31] knitr_1.28                         matrixStats_0.56.0                 genomation_1.18.0                 
[34] Matrix_1.2-18                     

loaded via a namespace (and not attached):
  [1] VGAM_1.1-2                  plyr_1.8.5                  igraph_1.2.4.2              lazyeval_0.2.2             
  [5] splines_3.6.2               listenv_0.8.0               gridBase_0.4-7              TFBSTools_1.22.0           
  [9] digest_0.6.23               htmltools_0.4.0             GO.db_3.10.0                gdata_2.18.0               
 [13] memoise_1.1.0               cluster_2.1.0               ROCR_1.0-7                  annotate_1.64.0            
 [17] globals_0.12.5              readr_1.3.1                 RcppParallel_4.4.4          R.utils_2.9.2              
 [21] colorspace_1.4-1            blob_1.2.1                  ggrepel_0.8.1               xfun_0.12                  
 [25] dplyr_0.8.4                 crayon_1.3.4                RCurl_1.98-1.1              jsonlite_1.6.1             
 [29] hexbin_1.28.0               TFMPvalue_0.0.8             impute_1.60.0               survival_3.1-8             
 [33] zoo_1.8-7                   ape_5.3                     glue_1.3.1                  zlibbioc_1.32.0            
 [37] leiden_0.3.4                GetoptLong_0.1.8            Rhdf5lib_1.8.0              future.apply_1.4.0         
 [41] shape_1.4.4                 scales_1.1.0                DBI_1.1.0                   plotrix_3.7-7              
 [45] xtable_1.8-4                viridisLite_0.3.0           clue_0.3-57                 reticulate_1.14            
 [49] bit_1.1-15.2                rsvd_1.0.2                  tsne_0.1-3                  htmlwidgets_1.5.1          
 [53] httr_1.4.1                  gplots_3.0.1.2              RColorBrewer_1.1-2          ica_1.0-2                  
 [57] R.methodsS3_1.7.1           pkgconfig_2.0.3             XML_3.99-0.3                farver_2.0.3               
 [61] AnnotationDbi_1.48.0        tidyselect_1.0.0            labeling_0.3                rlang_0.4.4.9000           
 [65] reshape2_1.4.3              munsell_0.5.0               tools_3.6.2                 DirichletMultinomial_1.26.0
 [69] RSQLite_2.2.0               ggridges_0.5.2              evaluate_0.14               stringr_1.4.0              
 [73] yaml_2.2.1                  npsurv_0.4-0                bit64_0.9-7                 fitdistrplus_1.0-14        
 [77] caTools_1.18.0              purrr_0.3.3                 RANN_2.6.1                  KEGGREST_1.26.1            
 [81] packrat_0.5.0               pbapply_1.4-2               future_1.16.0               nlme_3.1-142               
 [85] R.oo_1.23.0                 poweRlaw_0.70.2             compiler_3.6.2              rstudioapi_0.11            
 [89] plotly_4.9.1                png_0.1-7                   lsei_1.2-0                  tibble_2.1.3               
 [93] stringi_1.4.5               RSpectra_0.16-0             lattice_0.20-38             CNEr_1.20.0                
 [97] vctrs_0.2.2                 pillar_1.4.3                lifecycle_0.1.0             lmtest_0.9-37              
[101] GlobalOptions_0.1.1         RcppAnnoy_0.0.14            cowplot_1.0.0               bitops_1.0-6               
[105] irlba_2.3.3                 patchwork_1.0.0             R6_2.4.1                    KernSmooth_2.23-16         
[109] codetools_0.2-16            seqLogo_1.50.0              MASS_7.3-51.4               gtools_3.8.1               
[113] assertthat_0.2.1            rjson_0.2.20                withr_2.1.2                 GenomicAlignments_1.22.1   
[117] sctransform_0.2.1           Rsamtools_2.2.1             GenomeInfoDbData_1.2.2      hms_0.5.3                  
[121] tidyr_1.0.2                 rmarkdown_2.1               Cairo_1.5-10                Rtsne_0.15                 
[125] seqPattern_1.18.0          


------- Log Info


2020-11-24 16:27:59 : peakAnnoEnrichment Input-Parameters, Class = list

peakAnnoEnrichment Input-Parameters$seMarker: length = 183713
class: SummarizedExperiment 
dim: 6 3 
metadata(2): MatchInfo Params
assays(7): Log2FC Mean ... AUC MeanBGD
rownames(6): 1 2 ... 5 6
rowData names(4): seqnames idx start end
colnames(3): C1_Inj C2_Hybrid C3_UI
colData names(0):


peakAnnoEnrichment Input-Parameters$ArchRProj: length = 1
class: ArchRProject 
outputDirectory: /Users/koenvandenberge/Dropbox/research/brainStat/hbcRegenGithub/data/scATAC/archR_samples_pairwise 
samples(6): s1Inj s3Inj ... s2Inj s1UI
sampleColData names(1): ArrowFiles
cellColData names(21): Sample TSSEnrichment ... ReadsInPeaks FRIP
numberOfCells(1): 1
medianTSS(1): 13.414
medianFrags(1): 97573


peakAnnoEnrichment Input-Parameters$peakAnnotation: length = 1
[1] "Motif"


peakAnnoEnrichment Input-Parameters$matches: length = 0
NULL


peakAnnoEnrichment Input-Parameters$cutOff: length = 1
[1] "FDR <= 0.05 & Log2FC >= 0.5"


peakAnnoEnrichment Input-Parameters$background: length = 1
[1] "all"


peakAnnoEnrichment Input-Parameters$logFile: length = 1
[1] "ArchRLogs/ArchR-peakAnnoEnrichment-87993328a4f9-Date-2020-11-24_Time-16-27-59.log"



2020-11-24 16:28:01 : Peaks-Matches, Class = GRanges
GRanges object with 183713 ranges and 0 metadata columns:
            seqnames              ranges strand
               <Rle>           <IRanges>  <Rle>
  C2_Hybrid     chr1     3094009-3094509      *
  C2_Hybrid     chr1     3094608-3095108      *
     C1_Inj     chr1     3164668-3165168      *
  C2_Hybrid     chr1     3203776-3204276      *
      C3_UI     chr1     3221039-3221539      *
        ...      ...                 ...    ...
  C2_Hybrid     chrX 169930577-169931077      *
  C2_Hybrid     chrX 169931206-169931706      *
      C3_UI     chrX 169937043-169937543      *
  C2_Hybrid     chrX 169940459-169940959      *
      C3_UI     chrX 169950951-169951451      *
  -------
  seqinfo: 20 sequences from an unspecified genome; no seqlengths


2020-11-24 16:28:01 : Peaks-ArchRProj, Class = GRanges
GRanges object with 183713 ranges and 0 metadata columns:
            seqnames              ranges strand
               <Rle>           <IRanges>  <Rle>
  C2_Hybrid     chr1     3094009-3094509      *
  C2_Hybrid     chr1     3094608-3095108      *
     C1_Inj     chr1     3164668-3165168      *
  C2_Hybrid     chr1     3203776-3204276      *
      C3_UI     chr1     3221039-3221539      *
        ...      ...                 ...    ...
  C2_Hybrid     chrX 169930577-169931077      *
  C2_Hybrid     chrX 169931206-169931706      *
      C3_UI     chrX 169937043-169937543      *
  C2_Hybrid     chrX 169940459-169940959      *
      C3_UI     chrX 169950951-169951451      *
  -------
  seqinfo: 20 sequences from an unspecified genome; no seqlengths


2020-11-24 16:28:01 : Peaks-SeMarker, Class = GRanges
GRanges object with 183713 ranges and 0 metadata columns:
           seqnames              ranges strand
              <Rle>           <IRanges>  <Rle>
       [1]     chr1     3094009-3094509      *
       [2]     chr1     3094608-3095108      *
       [3]     chr1     3164668-3165168      *
       [4]     chr1     3203776-3204276      *
       [5]     chr1     3221039-3221539      *
       ...      ...                 ...    ...
  [183709]     chrX 169930577-169931077      *
  [183710]     chrX 169931206-169931706      *
  [183711]     chrX 169937043-169937543      *
  [183712]     chrX 169940459-169940959      *
  [183713]     chrX 169950951-169951451      *
  -------
  seqinfo: 20 sequences from an unspecified genome; no seqlengths


2020-11-24 16:28:01 : Peaks-Pasted-Matches, Class = character

Peaks-Pasted-Matches: length = 183713
[1] "chr1_3094009_3094509" "chr1_3094608_3095108" "chr1_3164668_3165168" "chr1_3203776_3204276" "chr1_3221039_3221539"
[6] "chr1_3249187_3249687"



2020-11-24 16:28:01 : Peaks-Pasted-ArchRProj, Class = character

Peaks-Pasted-ArchRProj: length = 183713
[1] "chr1_3094009_3094509" "chr1_3094608_3095108" "chr1_3164668_3165168" "chr1_3203776_3204276" "chr1_3221039_3221539"
[6] "chr1_3249187_3249687"



2020-11-24 16:28:01 : Peaks-Pasted-SeMarker, Class = character

Peaks-Pasted-SeMarker: length = 183713
[1] "chr1_3094009_3094509" "chr1_3094608_3095108" "chr1_3164668_3165168" "chr1_3203776_3204276" "chr1_3221039_3221539"
[6] "chr1_3249187_3249687"


2020-11-24 16:28:04 : Computing Enrichments 1 of 3, 0.072 mins elapsed.
2020-11-24 16:28:04 : Computing Enrichments 2 of 3, 0.083 mins elapsed.
2020-11-24 16:28:07 : Computing Enrichments 3 of 3, 0.13 mins elapsed.

------- Completed

End Time : 2020-11-24 16:28:08
Elapsed Time Minutes = 0.159833133220673
Elapsed Time Hours = 0.00266395025783115

-------



