
           ___      .______        ______  __    __  .______      
          /   \     |   _  \      /      ||  |  |  | |   _  \     
         /  ^  \    |  |_)  |    |  ,----'|  |__|  | |  |_)  |    
        /  /_\  \   |      /     |  |     |   __   | |      /     
       /  _____  \  |  |\  \\___ |  `----.|  |  |  | |  |\  \\___.
      /__/     \__\ | _| `._____| \______||__|  |__| | _| `._____|
    
Logging With ArchR!

Start Time : 2020-11-24 21:25:49

------- ArchR Info

ArchRThreads = 1
ArchRGenome = Mm10

------- System Info

Computer OS = unix
Total Cores = 8

------- Session Info

R version 3.6.2 (2019-12-12)
Platform: x86_64-apple-darwin15.6.0 (64-bit)
Running under: macOS Mojave 10.14.5

Matrix products: default
BLAS:   /Library/Frameworks/R.framework/Versions/3.6/Resources/lib/libRblas.0.dylib
LAPACK: /Library/Frameworks/R.framework/Versions/3.6/Resources/lib/libRlapack.dylib

locale:
[1] en_US.UTF-8/en_US.UTF-8/en_US.UTF-8/C/en_US.UTF-8/en_US.UTF-8

attached base packages:
 [1] parallel  stats4    grid      stats     graphics  grDevices utils    
 [8] datasets  methods   base     

other attached packages:
 [1] circlize_0.4.8                     ComplexHeatmap_2.3.1              
 [3] presto_1.0.0                       gtable_0.3.0                      
 [5] harmony_1.0                        Rcpp_1.0.3                        
 [7] uwot_0.1.5                         gridExtra_2.3                     
 [9] nabor_0.5.0                        Seurat_3.1.5                      
[11] Rsamtools_2.2.1                    BSgenome.Mmusculus.UCSC.mm10_1.4.0
[13] BSgenome_1.54.0                    rtracklayer_1.46.0                
[15] Biostrings_2.54.0                  XVector_0.26.0                    
[17] ArchR_0.9.5                        magrittr_1.5                      
[19] rhdf5_2.30.1                       data.table_1.12.8                 
[21] SummarizedExperiment_1.16.1        DelayedArray_0.12.2               
[23] BiocParallel_1.20.1                Biobase_2.46.0                    
[25] GenomicRanges_1.38.0               GenomeInfoDb_1.22.0               
[27] IRanges_2.20.2                     S4Vectors_0.24.3                  
[29] BiocGenerics_0.32.0                ggplot2_3.3.2                     
[31] knitr_1.28                         matrixStats_0.56.0                
[33] genomation_1.18.0                  Matrix_1.2-18                     

loaded via a namespace (and not attached):
  [1] plyr_1.8.5               igraph_1.2.4.2           lazyeval_0.2.2          
  [4] splines_3.6.2            listenv_0.8.0            gridBase_0.4-7          
  [7] digest_0.6.23            htmltools_0.4.0          gdata_2.18.0            
 [10] cluster_2.1.0            ROCR_1.0-7               globals_0.12.5          
 [13] readr_1.3.1              RcppParallel_4.4.4       colorspace_1.4-1        
 [16] ggrepel_0.8.1            xfun_0.12                dplyr_0.8.4             
 [19] crayon_1.3.4             RCurl_1.98-1.1           jsonlite_1.6.1          
 [22] hexbin_1.28.0            impute_1.60.0            survival_3.1-8          
 [25] zoo_1.8-7                ape_5.3                  glue_1.3.1              
 [28] zlibbioc_1.32.0          leiden_0.3.4             GetoptLong_0.1.8        
 [31] Rhdf5lib_1.8.0           shape_1.4.4              future.apply_1.4.0      
 [34] scales_1.1.0             plotrix_3.7-7            viridisLite_0.3.0       
 [37] clue_0.3-57              reticulate_1.14          rsvd_1.0.2              
 [40] tsne_0.1-3               htmlwidgets_1.5.1        httr_1.4.1              
 [43] gplots_3.0.1.2           RColorBrewer_1.1-2       ica_1.0-2               
 [46] pkgconfig_2.0.3          XML_3.99-0.3             farver_2.0.3            
 [49] tidyselect_1.0.0         labeling_0.3             rlang_0.4.4.9000        
 [52] reshape2_1.4.3           munsell_0.5.0            tools_3.6.2             
 [55] ggridges_0.5.2           evaluate_0.14            stringr_1.4.0           
 [58] yaml_2.2.1               npsurv_0.4-0             fitdistrplus_1.0-14     
 [61] caTools_1.18.0           purrr_0.3.3              RANN_2.6.1              
 [64] pbapply_1.4-2            future_1.16.0            nlme_3.1-142            
 [67] compiler_3.6.2           plotly_4.9.1             png_0.1-7               
 [70] lsei_1.2-0               tibble_2.1.3             stringi_1.4.5           
 [73] RSpectra_0.16-0          lattice_0.20-38          vctrs_0.2.2             
 [76] pillar_1.4.3             lifecycle_0.1.0          lmtest_0.9-37           
 [79] GlobalOptions_0.1.1      RcppAnnoy_0.0.14         cowplot_1.0.0           
 [82] bitops_1.0-6             irlba_2.3.3              patchwork_1.0.0         
 [85] R6_2.4.1                 KernSmooth_2.23-16       codetools_0.2-16        
 [88] MASS_7.3-51.4            gtools_3.8.1             assertthat_0.2.1        
 [91] rjson_0.2.20             withr_2.1.2              GenomicAlignments_1.22.1
 [94] sctransform_0.2.1        GenomeInfoDbData_1.2.2   hms_0.5.3               
 [97] tidyr_1.0.2              rmarkdown_2.1            Cairo_1.5-10            
[100] Rtsne_0.15               seqPattern_1.18.0       


------- Log Info


2020-11-24 21:25:49 : ReproduciblePeakSet Args, Class = list

ReproduciblePeakSet Args$ArchRProj: length = 1
class: ArchRProject 
outputDirectory: /Users/koenvandenberge/Dropbox/research/brainStat/hbcRegenGithub/data/scATAC/archR_samples_pairwise 
samples(6): s1Inj s3Inj ... s2Inj s1UI
sampleColData names(1): ArrowFiles
cellColData names(19): Sample TSSEnrichment ... hbcInj clHBCMerged
numberOfCells(1): 1
medianTSS(1): 13.414
medianFrags(1): 97573


ReproduciblePeakSet Args$groupBy: length = 1
[1] "clHBCMerged"


ReproduciblePeakSet Args$peakMethod: length = 1
[1] "Macs2"


ReproduciblePeakSet Args$reproducibility: length = 1
[1] "2"


ReproduciblePeakSet Args$peaksPerCell: length = 1
[1] 500


ReproduciblePeakSet Args$maxPeaks: length = 1
[1] 150000


ReproduciblePeakSet Args$minCells: length = 1
[1] 25


ReproduciblePeakSet Args$excludeChr: length = 2
[1] "chrM" "chrY"


ReproduciblePeakSet Args$pathToMacs2: length = 1
[1] "/Users/koenvandenberge/opt/anaconda3/bin/macs2"


ReproduciblePeakSet Args$genomeSize: length = 0
NULL


ReproduciblePeakSet Args$shift: length = 1
[1] -75


ReproduciblePeakSet Args$extsize: length = 1
[1] 150


ReproduciblePeakSet Args$method: length = 1
[1] "q"


ReproduciblePeakSet Args$cutOff: length = 1
[1] 0.1


ReproduciblePeakSet Args$additionalParams: length = 1
[1] "--nomodel --nolambda"


ReproduciblePeakSet Args$extendSummits: length = 1
[1] 250


ReproduciblePeakSet Args$promoterRegion: length = 2
[1] 2000  100


ReproduciblePeakSet Args$plot: length = 1
[1] TRUE


ReproduciblePeakSet Args$threads: length = 1
[1] 1


ReproduciblePeakSet Args$parallelParam: length = 0
NULL


ReproduciblePeakSet Args$force: length = 1
[1] FALSE


ReproduciblePeakSet Args$verbose: length = 1
[1] TRUE


ReproduciblePeakSet Args$logFile: length = 1
[1] "ArchRLogs/ArchR-addReproduciblePeakSet-cca771c1778a-Date-2020-11-24_Time-21-25-49.log"



2020-11-24 21:25:49 : 
2020-11-24 21:25:49 : Peak Calling Parameters!, 0.003 mins elapsed.

2020-11-24 21:25:49 : PeakCallSummary, Class = data.frame
PeakCallSummary: nRows = 3, nCols = 7
              Group nCells nCellsUsed nReplicates nMin nMax maxPeaks
C1_Inj       C1_Inj   1486        981           4   54  500   150000
C2_Hybrid C2_Hybrid   1350       1350           6   87  377   150000
C3_UI         C3_UI   1240       1139           5   51  500   150000


2020-11-24 21:25:49 : Batching Peak Calls!, 0.003 mins elapsed.

2020-11-24 21:25:49 : PeakArgs, Class = list

PeakArgs$X: length = 15
[1] 1 2 3 4 5 6


PeakArgs$FUN: length = 1
                                                                                
1 function (i = NULL, coverageFiles = NULL, outFiles = NULL, peakParams = NULL, 
2     bedDir = NULL, excludeChr = NULL, subThreads = 1, tstart = NULL,          
3     logFile = NULL)                                                           
4 {                                                                             
5     .logDiffTime(sprintf("Group %s of %s, Calling Peaks with MACS2!",         
6         i, length(coverageFiles)), tstart, verbose = TRUE, logFile = logFile) 


PeakArgs$coverageFiles: length = 15
                                                                                                                                                           C1_Inj._.s1Inj 
   "/Users/koenvandenberge/Dropbox/research/brainStat/hbcRegenGithub/data/scATAC/archR_samples_pairwise/GroupCoverages/clHBCMerged/C1_Inj._.s1Inj.insertions.coverage.h5" 
                                                                                                                                                           C1_Inj._.s2Inj 
   "/Users/koenvandenberge/Dropbox/research/brainStat/hbcRegenGithub/data/scATAC/archR_samples_pairwise/GroupCoverages/clHBCMerged/C1_Inj._.s2Inj.insertions.coverage.h5" 
                                                                                                                                                           C1_Inj._.s3Inj 
   "/Users/koenvandenberge/Dropbox/research/brainStat/hbcRegenGithub/data/scATAC/archR_samples_pairwise/GroupCoverages/clHBCMerged/C1_Inj._.s3Inj.insertions.coverage.h5" 
                                                                                                                                                           C1_Inj._.Other 
   "/Users/koenvandenberge/Dropbox/research/brainStat/hbcRegenGithub/data/scATAC/archR_samples_pairwise/GroupCoverages/clHBCMerged/C1_Inj._.Other.insertions.coverage.h5" 
                                                                                                                                                         C2_Hybrid._.s3UI 
 "/Users/koenvandenberge/Dropbox/research/brainStat/hbcRegenGithub/data/scATAC/archR_samples_pairwise/GroupCoverages/clHBCMerged/C2_Hybrid._.s3UI.insertions.coverage.h5" 
                                                                                                                                                        C2_Hybrid._.s3Inj 
"/Users/koenvandenberge/Dropbox/research/brainStat/hbcRegenGithub/data/scATAC/archR_samples_pairwise/GroupCoverages/clHBCMerged/C2_Hybrid._.s3Inj.insertions.coverage.h5" 


PeakArgs$outFiles: length = 15
[1] "/Users/koenvandenberge/Dropbox/research/brainStat/hbcRegenGithub/data/scATAC/archR_samples_pairwise/PeakCalls/ReplicateCalls/C1_Inj._.s1Inj-summits.rds"   
[2] "/Users/koenvandenberge/Dropbox/research/brainStat/hbcRegenGithub/data/scATAC/archR_samples_pairwise/PeakCalls/ReplicateCalls/C1_Inj._.s2Inj-summits.rds"   
[3] "/Users/koenvandenberge/Dropbox/research/brainStat/hbcRegenGithub/data/scATAC/archR_samples_pairwise/PeakCalls/ReplicateCalls/C1_Inj._.s3Inj-summits.rds"   
[4] "/Users/koenvandenberge/Dropbox/research/brainStat/hbcRegenGithub/data/scATAC/archR_samples_pairwise/PeakCalls/ReplicateCalls/C1_Inj._.Other-summits.rds"   
[5] "/Users/koenvandenberge/Dropbox/research/brainStat/hbcRegenGithub/data/scATAC/archR_samples_pairwise/PeakCalls/ReplicateCalls/C2_Hybrid._.s3UI-summits.rds" 
[6] "/Users/koenvandenberge/Dropbox/research/brainStat/hbcRegenGithub/data/scATAC/archR_samples_pairwise/PeakCalls/ReplicateCalls/C2_Hybrid._.s3Inj-summits.rds"


PeakArgs$bedDir: length = 1
[1] "/Users/koenvandenberge/Dropbox/research/brainStat/hbcRegenGithub/data/scATAC/archR_samples_pairwise/PeakCalls/InsertionBeds"


PeakArgs$excludeChr: length = 2
[1] "chrM" "chrY"


PeakArgs$threads: length = 1
[1] 1


PeakArgs$logFile: length = 1
[1] "ArchRLogs/ArchR-addReproduciblePeakSet-cca771c1778a-Date-2020-11-24_Time-21-25-49.log"


PeakArgs$registryDir: length = 1
[1] "/Users/koenvandenberge/Dropbox/research/brainStat/hbcRegenGithub/data/scATAC/archR_samples_pairwise/PeakCalls/batchRegistry"


2020-11-24 21:25:49 : Batch Execution w/ safelapply!, 0 mins elapsed.
2020-11-24 21:25:49 : Group 1 of 15, Calling Peaks with MACS2!, 0 mins elapsed.

2020-11-24 21:25:49 : InsertionSites, Class = integer

InsertionSites: length = 990768
[1] 3000880 3001045 3001465 3001635 3001668 3001834



2020-11-24 21:25:49 : InsertionSites-DT, Class = data.table
 
2020-11-24 21:25:49 : InsertionSites-DT, Class = data.frame
InsertionSites-DT: nRows = 990768, nCols = 3
   seqnames   start     end
1:     chr1 3000879 3000880
2:     chr1 3001044 3001045
3:     chr1 3001464 3001465
4:     chr1 3001634 3001635
5:     chr1 3001667 3001668
6:     chr1 3001833 3001834



2020-11-24 21:25:56 : 
2020-11-24 21:27:43 : Group 2 of 15, Calling Peaks with MACS2!, 1.903 mins elapsed.

2020-11-24 21:27:44 : InsertionSites, Class = integer

InsertionSites: length = 845892
[1] 3003745 3003806 3012678 3013271 3027745 3028635



2020-11-24 21:27:44 : InsertionSites-DT, Class = data.table
 
2020-11-24 21:27:44 : InsertionSites-DT, Class = data.frame
InsertionSites-DT: nRows = 845892, nCols = 3
   seqnames   start     end
1:     chr1 3003744 3003745
2:     chr1 3003805 3003806
3:     chr1 3012677 3012678
4:     chr1 3013270 3013271
5:     chr1 3027744 3027745
6:     chr1 3028634 3028635



2020-11-24 21:27:50 : 
2020-11-24 21:29:24 : Group 3 of 15, Calling Peaks with MACS2!, 3.574 mins elapsed.

2020-11-24 21:29:24 : InsertionSites, Class = integer

InsertionSites: length = 600986
[1] 3008304 3008440 3008442 3008504 3008506 3008553



2020-11-24 21:29:24 : InsertionSites-DT, Class = data.table
 
2020-11-24 21:29:24 : InsertionSites-DT, Class = data.frame
InsertionSites-DT: nRows = 600986, nCols = 3
   seqnames   start     end
1:     chr1 3008303 3008304
2:     chr1 3008439 3008440
3:     chr1 3008441 3008442
4:     chr1 3008503 3008504
5:     chr1 3008505 3008506
6:     chr1 3008552 3008553



2020-11-24 21:29:29 : 
2020-11-24 21:30:55 : Group 4 of 15, Calling Peaks with MACS2!, 5.105 mins elapsed.

2020-11-24 21:30:55 : InsertionSites, Class = integer

InsertionSites: length = 19072
[1] 3094618 3094831 3094833 3094963 3094965 3095023



2020-11-24 21:30:55 : InsertionSites-DT, Class = data.table
 
2020-11-24 21:30:55 : InsertionSites-DT, Class = data.frame
InsertionSites-DT: nRows = 19072, nCols = 3
   seqnames   start     end
1:     chr1 3094617 3094618
2:     chr1 3094830 3094831
3:     chr1 3094832 3094833
4:     chr1 3094962 3094963
5:     chr1 3094964 3094965
6:     chr1 3095022 3095023



2020-11-24 21:30:56 : 
2020-11-24 21:31:55 : Group 5 of 15, Calling Peaks with MACS2!, 6.091 mins elapsed.

2020-11-24 21:31:55 : InsertionSites, Class = integer

InsertionSites: length = 1295624
[1] 3001601 3001775 3006521 3006694 3008639 3008853



2020-11-24 21:31:55 : InsertionSites-DT, Class = data.table
 
2020-11-24 21:31:55 : InsertionSites-DT, Class = data.frame
InsertionSites-DT: nRows = 1295624, nCols = 3
   seqnames   start     end
1:     chr1 3001600 3001601
2:     chr1 3001774 3001775
3:     chr1 3006520 3006521
4:     chr1 3006693 3006694
5:     chr1 3008638 3008639
6:     chr1 3008852 3008853



2020-11-24 21:32:05 : 
2020-11-24 21:34:07 : Group 6 of 15, Calling Peaks with MACS2!, 8.296 mins elapsed.

2020-11-24 21:34:07 : InsertionSites, Class = integer

InsertionSites: length = 887632
[1] 3000822 3001044 3005666 3005858 3007206 3007391



2020-11-24 21:34:07 : InsertionSites-DT, Class = data.table
 
2020-11-24 21:34:07 : InsertionSites-DT, Class = data.frame
InsertionSites-DT: nRows = 887632, nCols = 3
   seqnames   start     end
1:     chr1 3000821 3000822
2:     chr1 3001043 3001044
3:     chr1 3005665 3005666
4:     chr1 3005857 3005858
5:     chr1 3007205 3007206
6:     chr1 3007390 3007391



2020-11-24 21:34:13 : 
2020-11-24 21:35:58 : Group 7 of 15, Calling Peaks with MACS2!, 10.156 mins elapsed.

2020-11-24 21:35:59 : InsertionSites, Class = integer

InsertionSites: length = 569996
[1] 3007593 3007730 3017663 3017877 3020812 3020854



2020-11-24 21:35:59 : InsertionSites-DT, Class = data.table
 
2020-11-24 21:35:59 : InsertionSites-DT, Class = data.frame
InsertionSites-DT: nRows = 569996, nCols = 3
   seqnames   start     end
1:     chr1 3007592 3007593
2:     chr1 3007729 3007730
3:     chr1 3017662 3017663
4:     chr1 3017876 3017877
5:     chr1 3020811 3020812
6:     chr1 3020853 3020854



2020-11-24 21:36:03 : 
2020-11-24 21:37:22 : Group 8 of 15, Calling Peaks with MACS2!, 11.542 mins elapsed.

2020-11-24 21:37:22 : InsertionSites, Class = integer

InsertionSites: length = 297674
[1] 3010274 3010547 3012519 3012779 3014500 3014815



2020-11-24 21:37:22 : InsertionSites-DT, Class = data.table
 
2020-11-24 21:37:22 : InsertionSites-DT, Class = data.frame
InsertionSites-DT: nRows = 297674, nCols = 3
   seqnames   start     end
1:     chr1 3010273 3010274
2:     chr1 3010546 3010547
3:     chr1 3012518 3012519
4:     chr1 3012778 3012779
5:     chr1 3014499 3014500
6:     chr1 3014814 3014815



2020-11-24 21:37:24 : 
2020-11-24 21:38:20 : Group 9 of 15, Calling Peaks with MACS2!, 12.515 mins elapsed.

2020-11-24 21:38:20 : InsertionSites, Class = integer

InsertionSites: length = 314642
[1] 3007343 3007730 3011620 3011854 3024937 3025147



2020-11-24 21:38:20 : InsertionSites-DT, Class = data.table
 
2020-11-24 21:38:20 : InsertionSites-DT, Class = data.frame
InsertionSites-DT: nRows = 314642, nCols = 3
   seqnames   start     end
1:     chr1 3007342 3007343
2:     chr1 3007729 3007730
3:     chr1 3011619 3011620
4:     chr1 3011853 3011854
5:     chr1 3024936 3024937
6:     chr1 3025146 3025147



2020-11-24 21:38:23 : 
2020-11-24 21:39:30 : Group 10 of 15, Calling Peaks with MACS2!, 13.683 mins elapsed.

2020-11-24 21:39:30 : InsertionSites, Class = integer

InsertionSites: length = 190874
[1] 3031760 3031851 3050784 3050950 3050952 3051165



2020-11-24 21:39:30 : InsertionSites-DT, Class = data.table
 
2020-11-24 21:39:30 : InsertionSites-DT, Class = data.frame
InsertionSites-DT: nRows = 190874, nCols = 3
   seqnames   start     end
1:     chr1 3031759 3031760
2:     chr1 3031850 3031851
3:     chr1 3050783 3050784
4:     chr1 3050949 3050950
5:     chr1 3050951 3050952
6:     chr1 3051164 3051165



2020-11-24 21:39:32 : 
2020-11-24 21:40:15 : Group 11 of 15, Calling Peaks with MACS2!, 14.434 mins elapsed.

2020-11-24 21:40:16 : InsertionSites, Class = integer

InsertionSites: length = 862010
[1] 3011658 3011905 3014370 3014795 3027464 3027649



2020-11-24 21:40:16 : InsertionSites-DT, Class = data.table
 
2020-11-24 21:40:16 : InsertionSites-DT, Class = data.frame
InsertionSites-DT: nRows = 862010, nCols = 3
   seqnames   start     end
1:     chr1 3011657 3011658
2:     chr1 3011904 3011905
3:     chr1 3014369 3014370
4:     chr1 3014794 3014795
5:     chr1 3027463 3027464
6:     chr1 3027648 3027649



2020-11-24 21:40:22 : 
2020-11-24 21:41:57 : Group 12 of 15, Calling Peaks with MACS2!, 16.125 mins elapsed.

2020-11-24 21:41:57 : InsertionSites, Class = integer

InsertionSites: length = 629164
[1] 3000523 3000620 3004907 3005139 3012459 3012470



2020-11-24 21:41:57 : InsertionSites-DT, Class = data.table
 
2020-11-24 21:41:57 : InsertionSites-DT, Class = data.frame
InsertionSites-DT: nRows = 629164, nCols = 3
   seqnames   start     end
1:     chr1 3000522 3000523
2:     chr1 3000619 3000620
3:     chr1 3004906 3004907
4:     chr1 3005138 3005139
5:     chr1 3012458 3012459
6:     chr1 3012469 3012470



2020-11-24 21:42:02 : 
2020-11-24 21:43:24 : Group 13 of 15, Calling Peaks with MACS2!, 17.581 mins elapsed.

2020-11-24 21:43:24 : InsertionSites, Class = integer

InsertionSites: length = 336542
[1] 3007332 3007400 3007403 3007509 3008432 3008694



2020-11-24 21:43:24 : InsertionSites-DT, Class = data.table
 
2020-11-24 21:43:24 : InsertionSites-DT, Class = data.frame
InsertionSites-DT: nRows = 336542, nCols = 3
   seqnames   start     end
1:     chr1 3007331 3007332
2:     chr1 3007399 3007400
3:     chr1 3007402 3007403
4:     chr1 3007508 3007509
5:     chr1 3008431 3008432
6:     chr1 3008693 3008694



2020-11-24 21:43:28 : 
2020-11-24 21:44:38 : Group 14 of 15, Calling Peaks with MACS2!, 18.809 mins elapsed.

2020-11-24 21:44:38 : InsertionSites, Class = integer

InsertionSites: length = 98660
[1] 3033915 3034098 3083507 3083561 3094906 3095031



2020-11-24 21:44:38 : InsertionSites-DT, Class = data.table
 
2020-11-24 21:44:38 : InsertionSites-DT, Class = data.frame
InsertionSites-DT: nRows = 98660, nCols = 3
   seqnames   start     end
1:     chr1 3033914 3033915
2:     chr1 3034097 3034098
3:     chr1 3083506 3083507
4:     chr1 3083560 3083561
5:     chr1 3094905 3094906
6:     chr1 3095030 3095031



2020-11-24 21:44:39 : 
2020-11-24 21:45:22 : Group 15 of 15, Calling Peaks with MACS2!, 19.548 mins elapsed.

2020-11-24 21:45:22 : InsertionSites, Class = integer

InsertionSites: length = 93670
[1] 3005815 3005996 3007610 3007827 3008603 3008677



2020-11-24 21:45:22 : InsertionSites-DT, Class = data.table
 
2020-11-24 21:45:22 : InsertionSites-DT, Class = data.frame
InsertionSites-DT: nRows = 93670, nCols = 3
   seqnames   start     end
1:     chr1 3005814 3005815
2:     chr1 3005995 3005996
3:     chr1 3007609 3007610
4:     chr1 3007826 3007827
5:     chr1 3008602 3008603
6:     chr1 3008676 3008677



2020-11-24 21:45:23 : 
2020-11-24 21:45:59 : Identifying Reproducible Peaks!, 20.176 mins elapsed.
2020-11-24 21:45:59 : Rep. Peaks Group (1 of 3) : Creating Reproducible Peaks, 20.176 mins elapsed.

2020-11-24 21:45:59 : 

2020-11-24 21:46:00 : 

2020-11-24 21:46:04 : 

2020-11-24 21:46:05 : 

2020-11-24 21:46:05 : 
2020-11-24 21:46:05 : Rep. Peaks Group (1 of 3) : Annotating and Filtering Peaks, 20.267 mins elapsed.

2020-11-24 21:46:05 : 

2020-11-24 21:46:05 : 

2020-11-24 21:46:06 : 

2020-11-24 21:46:06 : 
2020-11-24 21:46:12 : Rep. Peaks Group (2 of 3) : Creating Reproducible Peaks, 20.392 mins elapsed.

2020-11-24 21:46:12 : 

2020-11-24 21:46:13 : 

2020-11-24 21:46:19 : 

2020-11-24 21:46:20 : 

2020-11-24 21:46:20 : 
2020-11-24 21:46:20 : Rep. Peaks Group (2 of 3) : Annotating and Filtering Peaks, 20.521 mins elapsed.

2020-11-24 21:46:20 : 

2020-11-24 21:46:21 : 

2020-11-24 21:46:21 : 

2020-11-24 21:46:21 : 
2020-11-24 21:46:25 : Rep. Peaks Group (3 of 3) : Creating Reproducible Peaks, 20.608 mins elapsed.

2020-11-24 21:46:25 : 

2020-11-24 21:46:26 : 

2020-11-24 21:46:29 : 

2020-11-24 21:46:30 : 

2020-11-24 21:46:31 : 
2020-11-24 21:46:31 : Rep. Peaks Group (3 of 3) : Annotating and Filtering Peaks, 20.699 mins elapsed.

2020-11-24 21:46:31 : 

2020-11-24 21:46:31 : 

2020-11-24 21:46:31 : 

2020-11-24 21:46:32 : 
2020-11-24 21:46:35 : Creating Union Peak Set!, 20.766 mins elapsed.
2020-11-24 21:46:39 : Finished Creating Union Peak Set (183713)!, 20.827 mins elapsed.
