
           ___      .______        ______  __    __  .______      
          /   \     |   _  \      /      ||  |  |  | |   _  \     
         /  ^  \    |  |_)  |    |  ,----'|  |__|  | |  |_)  |    
        /  /_\  \   |      /     |  |     |   __   | |      /     
       /  _____  \  |  |\  \\___ |  `----.|  |  |  | |  |\  \\___.
      /__/     \__\ | _| `._____| \______||__|  |__| | _| `._____|
    
Logging With ArchR!

Start Time : 2020-11-24 21:13:36

------- ArchR Info

ArchRThreads = 1
ArchRGenome = Mm10

------- System Info

Computer OS = unix
Total Cores = 8

------- Session Info

R version 3.6.2 (2019-12-12)
Platform: x86_64-apple-darwin15.6.0 (64-bit)
Running under: macOS Mojave 10.14.5

Matrix products: default
BLAS:   /Library/Frameworks/R.framework/Versions/3.6/Resources/lib/libRblas.0.dylib
LAPACK: /Library/Frameworks/R.framework/Versions/3.6/Resources/lib/libRlapack.dylib

locale:
[1] en_US.UTF-8/en_US.UTF-8/en_US.UTF-8/C/en_US.UTF-8/en_US.UTF-8

attached base packages:
 [1] parallel  stats4    grid      stats     graphics  grDevices utils    
 [8] datasets  methods   base     

other attached packages:
 [1] gtable_0.3.0                       harmony_1.0                       
 [3] Rcpp_1.0.3                         uwot_0.1.5                        
 [5] gridExtra_2.3                      nabor_0.5.0                       
 [7] Seurat_3.1.5                       Rsamtools_2.2.1                   
 [9] BSgenome.Mmusculus.UCSC.mm10_1.4.0 BSgenome_1.54.0                   
[11] rtracklayer_1.46.0                 Biostrings_2.54.0                 
[13] XVector_0.26.0                     ArchR_0.9.5                       
[15] magrittr_1.5                       rhdf5_2.30.1                      
[17] data.table_1.12.8                  SummarizedExperiment_1.16.1       
[19] DelayedArray_0.12.2                BiocParallel_1.20.1               
[21] Biobase_2.46.0                     GenomicRanges_1.38.0              
[23] GenomeInfoDb_1.22.0                IRanges_2.20.2                    
[25] S4Vectors_0.24.3                   BiocGenerics_0.32.0               
[27] ggplot2_3.3.2                      knitr_1.28                        
[29] matrixStats_0.56.0                 genomation_1.18.0                 
[31] Matrix_1.2-18                     

loaded via a namespace (and not attached):
 [1] Rtsne_0.15               colorspace_1.4-1         ggridges_0.5.2          
 [4] hexbin_1.28.0            farver_2.0.3             leiden_0.3.4            
 [7] listenv_0.8.0            npsurv_0.4-0             ggrepel_0.8.1           
[10] RSpectra_0.16-0          codetools_0.2-16         splines_3.6.2           
[13] lsei_1.2-0               impute_1.60.0            jsonlite_1.6.1          
[16] seqPattern_1.18.0        Cairo_1.5-10             gridBase_0.4-7          
[19] ica_1.0-2                cluster_2.1.0            png_0.1-7               
[22] sctransform_0.2.1        readr_1.3.1              compiler_3.6.2          
[25] httr_1.4.1               assertthat_0.2.1         lazyeval_0.2.2          
[28] htmltools_0.4.0          tools_3.6.2              rsvd_1.0.2              
[31] igraph_1.2.4.2           glue_1.3.1               GenomeInfoDbData_1.2.2  
[34] RANN_2.6.1               reshape2_1.4.3           dplyr_0.8.4             
[37] vctrs_0.2.2              gdata_2.18.0             ape_5.3                 
[40] nlme_3.1-142             lmtest_0.9-37            xfun_0.12               
[43] stringr_1.4.0            globals_0.12.5           lifecycle_0.1.0         
[46] irlba_2.3.3              gtools_3.8.1             XML_3.99-0.3            
[49] future_1.16.0            zlibbioc_1.32.0          MASS_7.3-51.4           
[52] zoo_1.8-7                scales_1.1.0             hms_0.5.3               
[55] RColorBrewer_1.1-2       yaml_2.2.1               reticulate_1.14         
[58] pbapply_1.4-2            stringi_1.4.5            plotrix_3.7-7           
[61] caTools_1.18.0           rlang_0.4.4.9000         pkgconfig_2.0.3         
[64] bitops_1.0-6             evaluate_0.14            lattice_0.20-38         
[67] ROCR_1.0-7               purrr_0.3.3              Rhdf5lib_1.8.0          
[70] labeling_0.3             GenomicAlignments_1.22.1 patchwork_1.0.0         
[73] htmlwidgets_1.5.1        cowplot_1.0.0            tidyselect_1.0.0        
[76] RcppAnnoy_0.0.14         plyr_1.8.5               R6_2.4.1                
[79] gplots_3.0.1.2           pillar_1.4.3             withr_2.1.2             
[82] fitdistrplus_1.0-14      survival_3.1-8           RCurl_1.98-1.1          
[85] tsne_0.1-3               tibble_2.1.3             future.apply_1.4.0      
[88] crayon_1.3.4             KernSmooth_2.23-16       plotly_4.9.1            
[91] rmarkdown_2.1            digest_0.6.23            tidyr_1.0.2             
[94] RcppParallel_4.4.4       munsell_0.5.0            viridisLite_0.3.0       


------- Log Info


2020-11-24 21:13:36 : Input-Parameters, Class = list

Input-Parameters$: length = 1
                       
1 function (name)      
2 .Internal(args(name))


Input-Parameters$ArchRProj: length = 1
class: ArchRProject 
outputDirectory: /Users/koenvandenberge/Dropbox/research/brainStat/hbcRegenGithub/data/scATAC/archR_samples_pairwise 
samples(6): s1Inj s3Inj ... s2Inj s1UI
sampleColData names(1): ArrowFiles
cellColData names(18): Sample TSSEnrichment ... treat hbcInj
numberOfCells(1): 1
medianTSS(1): 13.414
medianFrags(1): 97573


Input-Parameters$groupBy: length = 1
[1] "hbcInj"


Input-Parameters$useGroups: length = 0
NULL


Input-Parameters$bgdGroups: length = 0
NULL


Input-Parameters$useMatrix: length = 1
[1] "GeneScoreMatrix"


Input-Parameters$bias: length = 2
[1] "TSSEnrichment" "log10(nFrags)"


Input-Parameters$normBy: length = 0
NULL


Input-Parameters$testMethod: length = 1
[1] "wilcoxon"


Input-Parameters$maxCells: length = 1
[1] 500


Input-Parameters$scaleTo: length = 1
[1] 10000


Input-Parameters$threads: length = 1
[1] 1


Input-Parameters$k: length = 1
[1] 100


Input-Parameters$bufferRatio: length = 1
[1] 0.8


Input-Parameters$binarize: length = 1
[1] FALSE


Input-Parameters$useSeqnames: length = 0
NULL


Input-Parameters$verbose: length = 1
[1] FALSE


Input-Parameters$logFile: length = 1
[1] "ArchRLogs/ArchR-getMarkerFeatures-cca7715e0b18-Date-2020-11-24_Time-21-13-36.log"


Input-Parameters$ArchRProj: length = 1
class: ArchRProject 
outputDirectory: /Users/koenvandenberge/Dropbox/research/brainStat/hbcRegenGithub/data/scATAC/archR_samples_pairwise 
samples(6): s1Inj s3Inj ... s2Inj s1UI
sampleColData names(1): ArrowFiles
cellColData names(18): Sample TSSEnrichment ... treat hbcInj
numberOfCells(1): 1
medianTSS(1): 13.414
medianFrags(1): 97573


Input-Parameters$groupBy: length = 1
[1] "hbcInj"


Input-Parameters$useGroups: length = 0
NULL


Input-Parameters$bgdGroups: length = 0
NULL


Input-Parameters$useMatrix: length = 1
[1] "GeneScoreMatrix"


Input-Parameters$bias: length = 2
[1] "TSSEnrichment" "log10(nFrags)"


Input-Parameters$normBy: length = 0
NULL


Input-Parameters$testMethod: length = 1
[1] "wilcoxon"


Input-Parameters$maxCells: length = 1
[1] 500


Input-Parameters$scaleTo: length = 1
[1] 10000


Input-Parameters$threads: length = 1
[1] 1


Input-Parameters$k: length = 1
[1] 100


Input-Parameters$bufferRatio: length = 1
[1] 0.8


Input-Parameters$binarize: length = 1
[1] FALSE


Input-Parameters$useSeqnames: length = 0
NULL


Input-Parameters$verbose: length = 1
[1] FALSE


Input-Parameters$logFile: length = 1
[1] "ArchRLogs/ArchR-getMarkerFeatures-cca7715e0b18-Date-2020-11-24_Time-21-13-36.log"



2020-11-24 21:13:36 : FeatureDF, Class = DFrame
DataFrame with 24333 rows and 6 columns
      seqnames     start       end  strand          name     idx
         <Rle>   <array>   <array> <array>       <array> <array>
1         chr1   3671498   3214482       2          Xkr4       1
2         chr1   4409241   4290846       2           Rp1       2
3         chr1   4497354   4490928       2         Sox17       3
4         chr1   4785726   4773198       2        Mrpl15       4
5         chr1   4807893   4846735       1        Lypla1       5
...        ...       ...       ...     ...           ...     ...
24329     chrX 169320372 169251538       2          Hccs    1039
24330     chrX 169320422 169368178       1       Gm15246    1040
24331     chrX 169685199 169990798       1          Mid1    1041
24332     chrX 169779635 169776378       2 4933400A11Rik    1042
24333     chrX 170672644 170678054       1          Asmt    1043


2020-11-24 21:13:36 : 
2020-11-24 21:13:36 : Matching Known Biases, 0.001 mins elapsed.

2020-11-24 21:13:36 : MatchSummary hbc_inj, Class = list

MatchSummary hbc_inj$cells: length = 500
[1] 1017  679 3535  930 1533  471


MatchSummary hbc_inj$bgd: length = 500
[1] 2367 2147 2214 3923 2927 2073


MatchSummary hbc_inj$summaryCells: nRows = 5, nCols = 3
              TSSEnrichment log10(nFrags)       name
median            15.143500     4.1344161 foreground
mean              15.480564     4.0600206 foreground
sd                 3.437434     0.4345745 foreground
lowerQuartile     13.463500     3.7769863 foreground
upperQuartile     17.023000     4.3806421 foreground


MatchSummary hbc_inj$summaryBgd: nRows = 5, nCols = 3
              TSSEnrichment log10(nFrags)       name
median            15.332000     4.0997151 background
mean              15.269914     4.0596239 background
sd                 3.611123     0.4400612 background
lowerQuartile     13.528000     3.7860588 background
upperQuartile     17.104250     4.3863739 background


MatchSummary hbc_inj$bgdGroups: nRows = 2, nCols = 1
       hbc_uninj
estbgd       500
obsbgd       500


MatchSummary hbc_inj$bgdGroupsProbs: nRows = 2, nCols = 1
        hbc_uninj
estbgdP       100
obsbgdP       100


MatchSummary hbc_inj$corbgdGroups: length = 1
[1] NA


MatchSummary hbc_inj$n: length = 1
[1] 2264


MatchSummary hbc_inj$p: length = 1
[1] 1


MatchSummary hbc_inj$group: length = 1
[1] "hbc_inj"


MatchSummary hbc_inj$k: length = 1
[1] 100



2020-11-24 21:13:36 : MatchSummary hbc_uninj, Class = list

MatchSummary hbc_uninj$cells: length = 500
[1] 2060 3019 2030 4025 3990 3048


MatchSummary hbc_uninj$bgd: length = 500
[1]  466  584  381 3593 1763  707


MatchSummary hbc_uninj$summaryCells: nRows = 5, nCols = 3
              TSSEnrichment log10(nFrags)       name
median            18.225000     3.9332083 foreground
mean              18.242322     3.9419970 foreground
sd                 4.269796     0.4773902 foreground
lowerQuartile     15.842000     3.6120398 foreground
upperQuartile     20.541500     4.3154982 foreground


MatchSummary hbc_uninj$summaryBgd: nRows = 5, nCols = 3
              TSSEnrichment log10(nFrags)       name
median            18.215000     3.9248218 background
mean              18.123450     3.9378906 background
sd                 4.317277     0.4737289 background
lowerQuartile     15.861500     3.6118719 background
upperQuartile     19.974750     4.3119226 background


MatchSummary hbc_uninj$bgdGroups: nRows = 2, nCols = 1
       hbc_inj
estbgd     500
obsbgd     500


MatchSummary hbc_uninj$bgdGroupsProbs: nRows = 2, nCols = 1
        hbc_inj
estbgdP     100
obsbgdP     100


MatchSummary hbc_uninj$corbgdGroups: length = 1
[1] NA


MatchSummary hbc_uninj$n: length = 1
[1] 1812


MatchSummary hbc_uninj$p: length = 1
[1] 1


MatchSummary hbc_uninj$group: length = 1
[1] "hbc_uninj"


MatchSummary hbc_uninj$k: length = 1
[1] 100


2020-11-24 21:13:37 : Computing Pairwise Tests (1 of 2), 0.016 mins elapsed.
2020-11-24 21:13:57 : Computing Pairwise Tests (2 of 2), 0.347 mins elapsed.
###########
2020-11-24 21:14:16 : Completed Pairwise Tests, 0.673 mins elapsed.
###########

------- Completed

End Time : 2020-11-24 21:14:16
Elapsed Time Minutes = 0.681474117437998
Elapsed Time Hours = 0.0113579671912723

-------



