
           ___      .______        ______  __    __  .______      
          /   \     |   _  \      /      ||  |  |  | |   _  \     
         /  ^  \    |  |_)  |    |  ,----'|  |__|  | |  |_)  |    
        /  /_\  \   |      /     |  |     |   __   | |      /     
       /  _____  \  |  |\  \\___ |  `----.|  |  |  | |  |\  \\___.
      /__/     \__\ | _| `._____| \______||__|  |__| | _| `._____|
    
Logging With ArchR!

Start Time : 2020-12-03 18:25:47

------- ArchR Info

ArchRThreads = 1
ArchRGenome = Mm10

------- System Info

Computer OS = unix
Total Cores = 8

------- Session Info

R version 3.6.2 (2019-12-12)
Platform: x86_64-apple-darwin15.6.0 (64-bit)
Running under: macOS Mojave 10.14.5

Matrix products: default
BLAS:   /Library/Frameworks/R.framework/Versions/3.6/Resources/lib/libRblas.0.dylib
LAPACK: /Library/Frameworks/R.framework/Versions/3.6/Resources/lib/libRlapack.dylib

locale:
[1] en_US.UTF-8/en_US.UTF-8/en_US.UTF-8/C/en_US.UTF-8/en_US.UTF-8

attached base packages:
 [1] grid      parallel  stats4    stats     graphics  grDevices utils    
 [8] datasets  methods   base     

other attached packages:
 [1] BSgenome.Mmusculus.UCSC.mm10_1.4.0 BSgenome_1.54.0                   
 [3] rtracklayer_1.46.0                 Biostrings_2.54.0                 
 [5] XVector_0.26.0                     ggalluvial_0.12.0                 
 [7] ArchR_0.9.5                        magrittr_1.5                      
 [9] rhdf5_2.30.1                       data.table_1.12.8                 
[11] patchwork_1.0.0                    Seurat_3.1.5                      
[13] Signac_0.2.5                       harmony_1.0                       
[15] Rcpp_1.0.3                         scater_1.14.6                     
[17] uwot_0.1.5                         scran_1.14.5                      
[19] forcats_0.4.0                      stringr_1.4.0                     
[21] dplyr_0.8.4                        purrr_0.3.3                       
[23] readr_1.3.1                        tidyr_1.0.2                       
[25] tibble_2.1.3                       tidyverse_1.3.0                   
[27] irlba_2.3.3                        Matrix_1.2-18                     
[29] gridExtra_2.3                      wesanderson_0.3.6                 
[31] pheatmap_1.0.12                    ggplot2_3.3.2                     
[33] RColorBrewer_1.1-2                 clusterExperiment_2.6.1           
[35] bigmemory_4.5.36                   rgl_0.100.30                      
[37] cowplot_1.0.0                      SingleCellExperiment_1.8.0        
[39] SummarizedExperiment_1.16.1        DelayedArray_0.12.2               
[41] BiocParallel_1.20.1                matrixStats_0.56.0                
[43] Biobase_2.46.0                     GenomicRanges_1.38.0              
[45] GenomeInfoDb_1.22.0                IRanges_2.20.2                    
[47] S4Vectors_0.24.3                   BiocGenerics_0.32.0               
[49] slingshot_1.5.2                    princurve_2.1.4                   

loaded via a namespace (and not attached):
  [1] pkgmaker_0.31            bit64_0.9-7              knitr_1.28              
  [4] RCurl_1.98-1.1           doParallel_1.0.15        generics_0.0.2          
  [7] RSQLite_2.2.0            RANN_2.6.1               future_1.16.0           
 [10] ggfittext_0.9.0          bit_1.1-15.2             phylobase_0.8.6         
 [13] webshot_0.5.2            xml2_1.3.2               lubridate_1.7.4         
 [16] httpuv_1.5.2             assertthat_0.2.1         viridis_0.5.1           
 [19] xfun_0.12                hms_0.5.3                evaluate_0.14           
 [22] promises_1.1.0           fansi_0.4.1              progress_1.2.2          
 [25] caTools_1.18.0           dbplyr_1.4.2             readxl_1.3.1            
 [28] igraph_1.2.4.2           DBI_1.1.0                htmlwidgets_1.5.1       
 [31] ellipsis_0.3.0           gggenes_0.4.0            RSpectra_0.16-0         
 [34] crosstalk_1.0.0          backports_1.1.5          annotate_1.64.0         
 [37] gridBase_0.4-7           locfdr_1.1-8             RcppParallel_4.4.4      
 [40] vctrs_0.2.2              Cairo_1.5-10             here_0.1                
 [43] ROCR_1.0-7               withr_2.1.2              sctransform_0.2.1       
 [46] GenomicAlignments_1.22.1 prettyunits_1.1.1        softImpute_1.4          
 [49] cluster_2.1.0            ape_5.3                  lazyeval_0.2.2          
 [52] crayon_1.3.4             genefilter_1.68.0        labeling_0.3            
 [55] edgeR_3.28.0             pkgconfig_2.0.3          nlme_3.1-142            
 [58] vipor_0.4.5              rlang_0.4.4.9000         globals_0.12.5          
 [61] lifecycle_0.1.0          miniUI_0.1.1.1           registry_0.5-1          
 [64] bigmemory.sri_0.1.3      modelr_0.1.5             rsvd_1.0.2              
 [67] cellranger_1.1.0         rprojroot_1.3-2          lmtest_0.9-37           
 [70] rngtools_1.5             ggseqlogo_0.1            Rhdf5lib_1.8.0          
 [73] zoo_1.8-7                reprex_0.3.0             beeswarm_0.2.3          
 [76] ggridges_0.5.2           png_0.1-7                viridisLite_0.3.0       
 [79] bitops_1.0-6             rncl_0.8.3               KernSmooth_2.23-16      
 [82] blob_1.2.1               DelayedMatrixStats_1.8.0 manipulateWidget_0.10.0 
 [85] zinbwave_1.11.6          scales_1.1.0             memoise_1.1.0           
 [88] plyr_1.8.5               ica_1.0-2                howmany_0.3-1           
 [91] gplots_3.0.1.2           bibtex_0.4.2.2           gdata_2.18.0            
 [94] zlibbioc_1.32.0          compiler_3.6.2           lsei_1.2-0              
 [97] dqrng_0.2.1              fitdistrplus_1.0-14      Rsamtools_2.2.1         
[100] cli_2.0.1                ade4_1.7-13              listenv_0.8.0           
[103] pbapply_1.4-2            MASS_7.3-51.4            tidyselect_1.0.0        
[106] stringi_1.4.5            yaml_2.2.1               BiocSingular_1.2.1      
[109] locfit_1.5-9.1           ggrepel_0.8.1            tools_3.6.2             
[112] future.apply_1.4.0       rstudioapi_0.11          uuid_0.1-2              
[115] foreach_1.4.7            RNeXML_2.4.2             farver_2.0.3            
[118] Rtsne_0.15               digest_0.6.23            FNN_1.1.3               
[121] shiny_1.4.0              broom_0.5.4              later_1.0.0             
[124] RcppAnnoy_0.0.14         httr_1.4.1               AnnotationDbi_1.48.0    
[127] npsurv_0.4-0             kernlab_0.9-29           colorspace_1.4-1        
[130] rvest_0.3.5              XML_3.99-0.3             fs_1.3.1                
[133] reticulate_1.14          splines_3.6.2            statmod_1.4.33          
[136] plotly_4.9.1             xtable_1.8-4             jsonlite_1.6.1          
[139] R6_2.4.1                 pillar_1.4.3             htmltools_0.4.0         
[142] mime_0.9                 NMF_0.21.0               glue_1.3.1              
[145] fastmap_1.0.1            BiocNeighbors_1.4.1      codetools_0.2-16        
[148] tsne_0.1-3               lattice_0.20-38          ggbeeswarm_0.6.0        
[151] leiden_0.3.4             gtools_3.8.1             survival_3.1-8          
[154] limma_3.42.1             rmarkdown_2.1            munsell_0.5.0           
[157] GenomeInfoDbData_1.2.2   iterators_1.0.12         HDF5Array_1.14.1        
[160] haven_2.2.0              reshape2_1.4.3           gtable_0.3.0            


------- Log Info


2020-12-03 18:25:47 : peakSet, Class = GRanges
GRanges object with 190052 ranges and 12 metadata columns:
            seqnames              ranges strand |     score
               <Rle>           <IRanges>  <Rle> | <numeric>
  C2_Hybrid     chr1     3094009-3094509      * |   2.93819
    hybrid2     chr1     3094598-3095098      * |   22.7439
     C1_Inj     chr1     3164668-3165168      * |   2.68149
  C2_Hybrid     chr1     3203760-3204260      * |   13.1275
    resting     chr1     3221042-3221542      * |   7.11242
        ...      ...                 ...    ... .       ...
    hybrid1     chrX 169930547-169931047      * |   9.32971
    hybrid1     chrX 169931228-169931728      * |   4.26553
    resting     chrX 169937043-169937543      * |   16.2194
  C2_Hybrid     chrX 169940457-169940957      * |   9.51297
    resting     chrX 169950951-169951451      * |   6.15739
            replicateScoreQuantile groupScoreQuantile Reproducibility
                         <numeric>          <numeric>       <numeric>
  C2_Hybrid                  0.085              0.016               2
    hybrid2                  0.732              0.452               2
     C1_Inj                  0.597              0.451               3
  C2_Hybrid                  0.658              0.562               4
    resting                  0.329              0.159               2
        ...                    ...                ...             ...
    hybrid1                  0.599              0.358               2
    hybrid1                  0.345              0.133               2
    resting                  0.614              0.469               3
  C2_Hybrid                   0.49              0.355               2
    resting                  0.355              0.194               4
               GroupReplicate distToGeneStart   nearestGene    peakType
                  <character>       <integer>   <character> <character>
  C2_Hybrid  C2_Hybrid._.s2UI          577238          Xkr4      Distal
    hybrid2    hybrid2._.s3UI          576649          Xkr4      Distal
     C1_Inj    C1_Inj._.Other          506579          Xkr4      Distal
  C2_Hybrid  C2_Hybrid._.s3UI          467487          Xkr4      Distal
    resting    resting._.s2UI          450205          Xkr4    Intronic
        ...               ...             ...           ...         ...
    hybrid1    hybrid1._.s3UI          151161 4933400A11Rik    Intronic
    hybrid1    hybrid1._.s3UI          151842 4933400A11Rik    Intronic
    resting    resting._.s1UI          157657 4933400A11Rik    Intronic
  C2_Hybrid C2_Hybrid._.s3Inj          161071 4933400A11Rik    Intronic
    resting    resting._.s1UI          171565 4933400A11Rik    Intronic
            distToTSS  nearestTSS        GC       idx
            <integer> <character> <numeric> <integer>
  C2_Hybrid    121372  uc007afg.1    0.5329         1
    hybrid2    120783  uc007afg.1    0.4132         2
     C1_Inj     50713  uc007afg.1    0.3653         3
  C2_Hybrid     11621  uc007afg.1    0.4012         4
    resting      5659  uc007afg.1    0.4192         5
        ...       ...         ...       ...       ...
    hybrid1      3842  uc009rco.1    0.3972      3804
    hybrid1      4523  uc009rco.1    0.4331      3805
    resting     10338  uc009rco.1    0.4311      3806
  C2_Hybrid     13752  uc009rco.1    0.4491      3807
    resting     21683  uc009rco.1    0.3832      3808
  -------
  seqinfo: 20 sequences from an unspecified genome; no seqlengths

2020-12-03 18:25:47 : Batch Execution w/ safelapply!, 0 mins elapsed.

2020-12-03 18:25:47 : 

2020-12-03 18:25:47 : 

2020-12-03 18:25:47 : 

2020-12-03 18:25:47 : 
2020-12-03 18:25:47 : Transferring Fragments, 0.003 mins elapsed.
2020-12-03 18:25:49 : Transferring GeneScoreMatrix, 0.032 mins elapsed.
2020-12-03 18:25:51 : Transferring TileMatrix, 0.067 mins elapsed.

2020-12-03 18:25:54 : 
2020-12-03 18:25:54 : Completed Dropping of Group(s), 0.116 mins elapsed.

2020-12-03 18:25:54 : featureDF, Class = data.frame
featureDF: nRows = 190052, nCols = 4
  seqnames idx   start     end
1     chr1   1 3094009 3094509
2     chr1   2 3094598 3095098
3     chr1   3 3164668 3165168
4     chr1   4 3203760 3204260
5     chr1   5 3221042 3221542
6     chr1   6 3249187 3249687


2020-12-03 18:25:55 : Adding s1Inj to PeakMatrix for Chr (1 of 20)!, 0.01 mins elapsed.
2020-12-03 18:25:57 : Adding s1Inj to PeakMatrix for Chr (2 of 20)!, 0.054 mins elapsed.
2020-12-03 18:26:00 : Adding s1Inj to PeakMatrix for Chr (3 of 20)!, 0.097 mins elapsed.
2020-12-03 18:26:02 : Adding s1Inj to PeakMatrix for Chr (4 of 20)!, 0.138 mins elapsed.
2020-12-03 18:26:05 : Adding s1Inj to PeakMatrix for Chr (5 of 20)!, 0.18 mins elapsed.
2020-12-03 18:26:07 : Adding s1Inj to PeakMatrix for Chr (6 of 20)!, 0.222 mins elapsed.
2020-12-03 18:26:10 : Adding s1Inj to PeakMatrix for Chr (7 of 20)!, 0.261 mins elapsed.
2020-12-03 18:26:12 : Adding s1Inj to PeakMatrix for Chr (8 of 20)!, 0.304 mins elapsed.
2020-12-03 18:26:15 : Adding s1Inj to PeakMatrix for Chr (9 of 20)!, 0.344 mins elapsed.
2020-12-03 18:26:17 : Adding s1Inj to PeakMatrix for Chr (10 of 20)!, 0.384 mins elapsed.
2020-12-03 18:26:20 : Adding s1Inj to PeakMatrix for Chr (11 of 20)!, 0.423 mins elapsed.
2020-12-03 18:26:22 : Adding s1Inj to PeakMatrix for Chr (12 of 20)!, 0.466 mins elapsed.
2020-12-03 18:26:24 : Adding s1Inj to PeakMatrix for Chr (13 of 20)!, 0.503 mins elapsed.
2020-12-03 18:26:27 : Adding s1Inj to PeakMatrix for Chr (14 of 20)!, 0.541 mins elapsed.
2020-12-03 18:26:29 : Adding s1Inj to PeakMatrix for Chr (15 of 20)!, 0.578 mins elapsed.
2020-12-03 18:26:31 : Adding s1Inj to PeakMatrix for Chr (16 of 20)!, 0.616 mins elapsed.
2020-12-03 18:26:33 : Adding s1Inj to PeakMatrix for Chr (17 of 20)!, 0.652 mins elapsed.
2020-12-03 18:26:36 : Adding s1Inj to PeakMatrix for Chr (18 of 20)!, 0.69 mins elapsed.
2020-12-03 18:26:38 : Adding s1Inj to PeakMatrix for Chr (19 of 20)!, 0.726 mins elapsed.
2020-12-03 18:26:40 : Adding s1Inj to PeakMatrix for Chr (20 of 20)!, 0.761 mins elapsed.

2020-12-03 18:26:42 : 

2020-12-03 18:26:42 : 

2020-12-03 18:26:42 : 

2020-12-03 18:26:42 : 
2020-12-03 18:26:42 : Transferring Fragments, 0.002 mins elapsed.
2020-12-03 18:26:44 : Transferring GeneScoreMatrix, 0.026 mins elapsed.
2020-12-03 18:26:45 : Transferring TileMatrix, 0.056 mins elapsed.

2020-12-03 18:26:48 : 
2020-12-03 18:26:49 : Completed Dropping of Group(s), 0.11 mins elapsed.

2020-12-03 18:26:49 : featureDF, Class = data.frame
featureDF: nRows = 190052, nCols = 4
  seqnames idx   start     end
1     chr1   1 3094009 3094509
2     chr1   2 3094598 3095098
3     chr1   3 3164668 3165168
4     chr1   4 3203760 3204260
5     chr1   5 3221042 3221542
6     chr1   6 3249187 3249687


2020-12-03 18:26:49 : Adding s3Inj to PeakMatrix for Chr (1 of 20)!, 0.01 mins elapsed.
2020-12-03 18:26:51 : Adding s3Inj to PeakMatrix for Chr (2 of 20)!, 0.047 mins elapsed.
2020-12-03 18:26:54 : Adding s3Inj to PeakMatrix for Chr (3 of 20)!, 0.085 mins elapsed.
2020-12-03 18:26:56 : Adding s3Inj to PeakMatrix for Chr (4 of 20)!, 0.12 mins elapsed.
2020-12-03 18:26:58 : Adding s3Inj to PeakMatrix for Chr (5 of 20)!, 0.158 mins elapsed.
2020-12-03 18:27:00 : Adding s3Inj to PeakMatrix for Chr (6 of 20)!, 0.195 mins elapsed.
2020-12-03 18:27:02 : Adding s3Inj to PeakMatrix for Chr (7 of 20)!, 0.23 mins elapsed.
2020-12-03 18:27:05 : Adding s3Inj to PeakMatrix for Chr (8 of 20)!, 0.268 mins elapsed.
2020-12-03 18:27:07 : Adding s3Inj to PeakMatrix for Chr (9 of 20)!, 0.304 mins elapsed.
2020-12-03 18:27:09 : Adding s3Inj to PeakMatrix for Chr (10 of 20)!, 0.339 mins elapsed.
2020-12-03 18:27:11 : Adding s3Inj to PeakMatrix for Chr (11 of 20)!, 0.375 mins elapsed.
2020-12-03 18:27:13 : Adding s3Inj to PeakMatrix for Chr (12 of 20)!, 0.412 mins elapsed.
2020-12-03 18:27:15 : Adding s3Inj to PeakMatrix for Chr (13 of 20)!, 0.446 mins elapsed.
2020-12-03 18:27:17 : Adding s3Inj to PeakMatrix for Chr (14 of 20)!, 0.481 mins elapsed.
2020-12-03 18:27:20 : Adding s3Inj to PeakMatrix for Chr (15 of 20)!, 0.515 mins elapsed.
2020-12-03 18:27:22 : Adding s3Inj to PeakMatrix for Chr (16 of 20)!, 0.55 mins elapsed.
2020-12-03 18:27:24 : Adding s3Inj to PeakMatrix for Chr (17 of 20)!, 0.584 mins elapsed.
2020-12-03 18:27:26 : Adding s3Inj to PeakMatrix for Chr (18 of 20)!, 0.618 mins elapsed.
2020-12-03 18:27:28 : Adding s3Inj to PeakMatrix for Chr (19 of 20)!, 0.651 mins elapsed.
2020-12-03 18:27:30 : Adding s3Inj to PeakMatrix for Chr (20 of 20)!, 0.684 mins elapsed.

2020-12-03 18:27:32 : 

2020-12-03 18:27:32 : 

2020-12-03 18:27:32 : 

2020-12-03 18:27:32 : 
2020-12-03 18:27:32 : Transferring Fragments, 0.002 mins elapsed.
2020-12-03 18:27:33 : Transferring GeneScoreMatrix, 0.025 mins elapsed.
2020-12-03 18:27:35 : Transferring TileMatrix, 0.055 mins elapsed.

2020-12-03 18:27:38 : 
2020-12-03 18:27:38 : Completed Dropping of Group(s), 0.102 mins elapsed.

2020-12-03 18:27:38 : featureDF, Class = data.frame
featureDF: nRows = 190052, nCols = 4
  seqnames idx   start     end
1     chr1   1 3094009 3094509
2     chr1   2 3094598 3095098
3     chr1   3 3164668 3165168
4     chr1   4 3203760 3204260
5     chr1   5 3221042 3221542
6     chr1   6 3249187 3249687


2020-12-03 18:27:38 : Adding s3UI to PeakMatrix for Chr (1 of 20)!, 0.009 mins elapsed.
2020-12-03 18:27:41 : Adding s3UI to PeakMatrix for Chr (2 of 20)!, 0.047 mins elapsed.
2020-12-03 18:27:43 : Adding s3UI to PeakMatrix for Chr (3 of 20)!, 0.085 mins elapsed.
2020-12-03 18:27:45 : Adding s3UI to PeakMatrix for Chr (4 of 20)!, 0.12 mins elapsed.
2020-12-03 18:27:47 : Adding s3UI to PeakMatrix for Chr (5 of 20)!, 0.158 mins elapsed.
2020-12-03 18:27:49 : Adding s3UI to PeakMatrix for Chr (6 of 20)!, 0.195 mins elapsed.
2020-12-03 18:27:52 : Adding s3UI to PeakMatrix for Chr (7 of 20)!, 0.231 mins elapsed.
2020-12-03 18:27:54 : Adding s3UI to PeakMatrix for Chr (8 of 20)!, 0.269 mins elapsed.
2020-12-03 18:27:56 : Adding s3UI to PeakMatrix for Chr (9 of 20)!, 0.306 mins elapsed.
2020-12-03 18:27:58 : Adding s3UI to PeakMatrix for Chr (10 of 20)!, 0.342 mins elapsed.
2020-12-03 18:28:00 : Adding s3UI to PeakMatrix for Chr (11 of 20)!, 0.378 mins elapsed.
2020-12-03 18:28:03 : Adding s3UI to PeakMatrix for Chr (12 of 20)!, 0.416 mins elapsed.
2020-12-03 18:28:05 : Adding s3UI to PeakMatrix for Chr (13 of 20)!, 0.451 mins elapsed.
2020-12-03 18:28:07 : Adding s3UI to PeakMatrix for Chr (14 of 20)!, 0.485 mins elapsed.
2020-12-03 18:28:09 : Adding s3UI to PeakMatrix for Chr (15 of 20)!, 0.519 mins elapsed.
2020-12-03 18:28:11 : Adding s3UI to PeakMatrix for Chr (16 of 20)!, 0.554 mins elapsed.
2020-12-03 18:28:13 : Adding s3UI to PeakMatrix for Chr (17 of 20)!, 0.587 mins elapsed.
2020-12-03 18:28:15 : Adding s3UI to PeakMatrix for Chr (18 of 20)!, 0.622 mins elapsed.
2020-12-03 18:28:17 : Adding s3UI to PeakMatrix for Chr (19 of 20)!, 0.656 mins elapsed.
2020-12-03 18:28:19 : Adding s3UI to PeakMatrix for Chr (20 of 20)!, 0.689 mins elapsed.

2020-12-03 18:28:21 : 

2020-12-03 18:28:21 : 

2020-12-03 18:28:21 : 

2020-12-03 18:28:21 : 
2020-12-03 18:28:21 : Transferring Fragments, 0.002 mins elapsed.
2020-12-03 18:28:23 : Transferring GeneScoreMatrix, 0.026 mins elapsed.
2020-12-03 18:28:25 : Transferring TileMatrix, 0.056 mins elapsed.

2020-12-03 18:28:27 : 
2020-12-03 18:28:27 : Completed Dropping of Group(s), 0.103 mins elapsed.

2020-12-03 18:28:27 : featureDF, Class = data.frame
featureDF: nRows = 190052, nCols = 4
  seqnames idx   start     end
1     chr1   1 3094009 3094509
2     chr1   2 3094598 3095098
3     chr1   3 3164668 3165168
4     chr1   4 3203760 3204260
5     chr1   5 3221042 3221542
6     chr1   6 3249187 3249687


2020-12-03 18:28:28 : Adding s2UI to PeakMatrix for Chr (1 of 20)!, 0.01 mins elapsed.
2020-12-03 18:28:30 : Adding s2UI to PeakMatrix for Chr (2 of 20)!, 0.049 mins elapsed.
2020-12-03 18:28:33 : Adding s2UI to PeakMatrix for Chr (3 of 20)!, 0.089 mins elapsed.
2020-12-03 18:28:35 : Adding s2UI to PeakMatrix for Chr (4 of 20)!, 0.127 mins elapsed.
2020-12-03 18:28:37 : Adding s2UI to PeakMatrix for Chr (5 of 20)!, 0.165 mins elapsed.
2020-12-03 18:28:40 : Adding s2UI to PeakMatrix for Chr (6 of 20)!, 0.204 mins elapsed.
2020-12-03 18:28:42 : Adding s2UI to PeakMatrix for Chr (7 of 20)!, 0.241 mins elapsed.
2020-12-03 18:28:44 : Adding s2UI to PeakMatrix for Chr (8 of 20)!, 0.283 mins elapsed.
2020-12-03 18:28:47 : Adding s2UI to PeakMatrix for Chr (9 of 20)!, 0.334 mins elapsed.
2020-12-03 18:28:50 : Adding s2UI to PeakMatrix for Chr (10 of 20)!, 0.382 mins elapsed.
2020-12-03 18:28:53 : Adding s2UI to PeakMatrix for Chr (11 of 20)!, 0.431 mins elapsed.
2020-12-03 18:28:56 : Adding s2UI to PeakMatrix for Chr (12 of 20)!, 0.47 mins elapsed.
2020-12-03 18:28:58 : Adding s2UI to PeakMatrix for Chr (13 of 20)!, 0.505 mins elapsed.
2020-12-03 18:29:00 : Adding s2UI to PeakMatrix for Chr (14 of 20)!, 0.544 mins elapsed.
2020-12-03 18:29:02 : Adding s2UI to PeakMatrix for Chr (15 of 20)!, 0.579 mins elapsed.
2020-12-03 18:29:04 : Adding s2UI to PeakMatrix for Chr (16 of 20)!, 0.613 mins elapsed.
2020-12-03 18:29:07 : Adding s2UI to PeakMatrix for Chr (17 of 20)!, 0.653 mins elapsed.
2020-12-03 18:29:09 : Adding s2UI to PeakMatrix for Chr (18 of 20)!, 0.689 mins elapsed.
2020-12-03 18:29:11 : Adding s2UI to PeakMatrix for Chr (19 of 20)!, 0.731 mins elapsed.
2020-12-03 18:29:14 : Adding s2UI to PeakMatrix for Chr (20 of 20)!, 0.772 mins elapsed.

2020-12-03 18:29:18 : 

2020-12-03 18:29:18 : 

2020-12-03 18:29:18 : 

2020-12-03 18:29:18 : 
2020-12-03 18:29:18 : Transferring Fragments, 0.005 mins elapsed.
2020-12-03 18:29:21 : Transferring GeneScoreMatrix, 0.043 mins elapsed.
2020-12-03 18:29:23 : Transferring TileMatrix, 0.077 mins elapsed.

2020-12-03 18:29:26 : 
2020-12-03 18:29:26 : Completed Dropping of Group(s), 0.134 mins elapsed.

2020-12-03 18:29:26 : featureDF, Class = data.frame
featureDF: nRows = 190052, nCols = 4
  seqnames idx   start     end
1     chr1   1 3094009 3094509
2     chr1   2 3094598 3095098
3     chr1   3 3164668 3165168
4     chr1   4 3203760 3204260
5     chr1   5 3221042 3221542
6     chr1   6 3249187 3249687


2020-12-03 18:29:27 : Adding s2Inj to PeakMatrix for Chr (1 of 20)!, 0.011 mins elapsed.
2020-12-03 18:29:29 : Adding s2Inj to PeakMatrix for Chr (2 of 20)!, 0.048 mins elapsed.
2020-12-03 18:29:31 : Adding s2Inj to PeakMatrix for Chr (3 of 20)!, 0.086 mins elapsed.
2020-12-03 18:29:33 : Adding s2Inj to PeakMatrix for Chr (4 of 20)!, 0.124 mins elapsed.
2020-12-03 18:29:36 : Adding s2Inj to PeakMatrix for Chr (5 of 20)!, 0.16 mins elapsed.
2020-12-03 18:29:38 : Adding s2Inj to PeakMatrix for Chr (6 of 20)!, 0.195 mins elapsed.
2020-12-03 18:29:40 : Adding s2Inj to PeakMatrix for Chr (7 of 20)!, 0.23 mins elapsed.
2020-12-03 18:29:42 : Adding s2Inj to PeakMatrix for Chr (8 of 20)!, 0.268 mins elapsed.
2020-12-03 18:29:44 : Adding s2Inj to PeakMatrix for Chr (9 of 20)!, 0.303 mins elapsed.
2020-12-03 18:29:46 : Adding s2Inj to PeakMatrix for Chr (10 of 20)!, 0.338 mins elapsed.
2020-12-03 18:29:48 : Adding s2Inj to PeakMatrix for Chr (11 of 20)!, 0.373 mins elapsed.
2020-12-03 18:29:51 : Adding s2Inj to PeakMatrix for Chr (12 of 20)!, 0.409 mins elapsed.
2020-12-03 18:29:53 : Adding s2Inj to PeakMatrix for Chr (13 of 20)!, 0.442 mins elapsed.
2020-12-03 18:29:55 : Adding s2Inj to PeakMatrix for Chr (14 of 20)!, 0.476 mins elapsed.
2020-12-03 18:29:57 : Adding s2Inj to PeakMatrix for Chr (15 of 20)!, 0.509 mins elapsed.
2020-12-03 18:29:59 : Adding s2Inj to PeakMatrix for Chr (16 of 20)!, 0.543 mins elapsed.
2020-12-03 18:30:01 : Adding s2Inj to PeakMatrix for Chr (17 of 20)!, 0.576 mins elapsed.
2020-12-03 18:30:03 : Adding s2Inj to PeakMatrix for Chr (18 of 20)!, 0.61 mins elapsed.
2020-12-03 18:30:05 : Adding s2Inj to PeakMatrix for Chr (19 of 20)!, 0.643 mins elapsed.
2020-12-03 18:30:07 : Adding s2Inj to PeakMatrix for Chr (20 of 20)!, 0.675 mins elapsed.

2020-12-03 18:30:09 : 

2020-12-03 18:30:09 : 

2020-12-03 18:30:09 : 

2020-12-03 18:30:09 : 
2020-12-03 18:30:09 : Transferring Fragments, 0.002 mins elapsed.
2020-12-03 18:30:10 : Transferring GeneScoreMatrix, 0.023 mins elapsed.
2020-12-03 18:30:12 : Transferring TileMatrix, 0.051 mins elapsed.

2020-12-03 18:30:15 : 
2020-12-03 18:30:15 : Completed Dropping of Group(s), 0.104 mins elapsed.

2020-12-03 18:30:15 : featureDF, Class = data.frame
featureDF: nRows = 190052, nCols = 4
  seqnames idx   start     end
1     chr1   1 3094009 3094509
2     chr1   2 3094598 3095098
3     chr1   3 3164668 3165168
4     chr1   4 3203760 3204260
5     chr1   5 3221042 3221542
6     chr1   6 3249187 3249687


2020-12-03 18:30:15 : Adding s1UI to PeakMatrix for Chr (1 of 20)!, 0.01 mins elapsed.
2020-12-03 18:30:17 : Adding s1UI to PeakMatrix for Chr (2 of 20)!, 0.044 mins elapsed.
2020-12-03 18:30:19 : Adding s1UI to PeakMatrix for Chr (3 of 20)!, 0.078 mins elapsed.
2020-12-03 18:30:21 : Adding s1UI to PeakMatrix for Chr (4 of 20)!, 0.111 mins elapsed.
2020-12-03 18:30:24 : Adding s1UI to PeakMatrix for Chr (5 of 20)!, 0.145 mins elapsed.
2020-12-03 18:30:26 : Adding s1UI to PeakMatrix for Chr (6 of 20)!, 0.179 mins elapsed.
2020-12-03 18:30:28 : Adding s1UI to PeakMatrix for Chr (7 of 20)!, 0.212 mins elapsed.
2020-12-03 18:30:30 : Adding s1UI to PeakMatrix for Chr (8 of 20)!, 0.246 mins elapsed.
2020-12-03 18:30:32 : Adding s1UI to PeakMatrix for Chr (9 of 20)!, 0.279 mins elapsed.
2020-12-03 18:30:34 : Adding s1UI to PeakMatrix for Chr (10 of 20)!, 0.312 mins elapsed.
2020-12-03 18:30:36 : Adding s1UI to PeakMatrix for Chr (11 of 20)!, 0.346 mins elapsed.
2020-12-03 18:30:38 : Adding s1UI to PeakMatrix for Chr (12 of 20)!, 0.384 mins elapsed.
2020-12-03 18:30:40 : Adding s1UI to PeakMatrix for Chr (13 of 20)!, 0.417 mins elapsed.
2020-12-03 18:30:42 : Adding s1UI to PeakMatrix for Chr (14 of 20)!, 0.45 mins elapsed.
2020-12-03 18:30:44 : Adding s1UI to PeakMatrix for Chr (15 of 20)!, 0.482 mins elapsed.
2020-12-03 18:30:46 : Adding s1UI to PeakMatrix for Chr (16 of 20)!, 0.515 mins elapsed.
2020-12-03 18:30:48 : Adding s1UI to PeakMatrix for Chr (17 of 20)!, 0.549 mins elapsed.
2020-12-03 18:30:50 : Adding s1UI to PeakMatrix for Chr (18 of 20)!, 0.583 mins elapsed.
2020-12-03 18:30:52 : Adding s1UI to PeakMatrix for Chr (19 of 20)!, 0.616 mins elapsed.
2020-12-03 18:30:54 : Adding s1UI to PeakMatrix for Chr (20 of 20)!, 0.647 mins elapsed.

------- Completed

End Time : 2020-12-03 18:30:56
Elapsed Time Minutes = 5.15304968357086
Elapsed Time Hours = 0.0858842272228665

-------



