
           ___      .______        ______  __    __  .______      
          /   \     |   _  \      /      ||  |  |  | |   _  \     
         /  ^  \    |  |_)  |    |  ,----'|  |__|  | |  |_)  |    
        /  /_\  \   |      /     |  |     |   __   | |      /     
       /  _____  \  |  |\  \\___ |  `----.|  |  |  | |  |\  \\___.
      /__/     \__\ | _| `._____| \______||__|  |__| | _| `._____|
    
Logging With ArchR!

Start Time : 2020-11-24 21:13:06

------- ArchR Info

ArchRThreads = 1
ArchRGenome = Mm10

------- System Info

Computer OS = unix
Total Cores = 8

------- Session Info

R version 3.6.2 (2019-12-12)
Platform: x86_64-apple-darwin15.6.0 (64-bit)
Running under: macOS Mojave 10.14.5

Matrix products: default
BLAS:   /Library/Frameworks/R.framework/Versions/3.6/Resources/lib/libRblas.0.dylib
LAPACK: /Library/Frameworks/R.framework/Versions/3.6/Resources/lib/libRlapack.dylib

locale:
[1] en_US.UTF-8/en_US.UTF-8/en_US.UTF-8/C/en_US.UTF-8/en_US.UTF-8

attached base packages:
 [1] parallel  stats4    grid      stats     graphics  grDevices utils    
 [8] datasets  methods   base     

other attached packages:
 [1] harmony_1.0                        Rcpp_1.0.3                        
 [3] uwot_0.1.5                         gridExtra_2.3                     
 [5] nabor_0.5.0                        Seurat_3.1.5                      
 [7] Rsamtools_2.2.1                    BSgenome.Mmusculus.UCSC.mm10_1.4.0
 [9] BSgenome_1.54.0                    rtracklayer_1.46.0                
[11] Biostrings_2.54.0                  XVector_0.26.0                    
[13] ArchR_0.9.5                        magrittr_1.5                      
[15] rhdf5_2.30.1                       data.table_1.12.8                 
[17] SummarizedExperiment_1.16.1        DelayedArray_0.12.2               
[19] BiocParallel_1.20.1                Biobase_2.46.0                    
[21] GenomicRanges_1.38.0               GenomeInfoDb_1.22.0               
[23] IRanges_2.20.2                     S4Vectors_0.24.3                  
[25] BiocGenerics_0.32.0                ggplot2_3.3.2                     
[27] knitr_1.28                         matrixStats_0.56.0                
[29] genomation_1.18.0                  Matrix_1.2-18                     

loaded via a namespace (and not attached):
 [1] Rtsne_0.15               colorspace_1.4-1         ggridges_0.5.2          
 [4] farver_2.0.3             leiden_0.3.4             listenv_0.8.0           
 [7] npsurv_0.4-0             ggrepel_0.8.1            RSpectra_0.16-0         
[10] codetools_0.2-16         splines_3.6.2            lsei_1.2-0              
[13] impute_1.60.0            jsonlite_1.6.1           seqPattern_1.18.0       
[16] Cairo_1.5-10             gridBase_0.4-7           ica_1.0-2               
[19] cluster_2.1.0            png_0.1-7                sctransform_0.2.1       
[22] readr_1.3.1              compiler_3.6.2           httr_1.4.1              
[25] assertthat_0.2.1         lazyeval_0.2.2           htmltools_0.4.0         
[28] tools_3.6.2              rsvd_1.0.2               igraph_1.2.4.2          
[31] gtable_0.3.0             glue_1.3.1               GenomeInfoDbData_1.2.2  
[34] RANN_2.6.1               reshape2_1.4.3           dplyr_0.8.4             
[37] vctrs_0.2.2              gdata_2.18.0             ape_5.3                 
[40] nlme_3.1-142             lmtest_0.9-37            xfun_0.12               
[43] stringr_1.4.0            globals_0.12.5           lifecycle_0.1.0         
[46] irlba_2.3.3              gtools_3.8.1             XML_3.99-0.3            
[49] future_1.16.0            zlibbioc_1.32.0          MASS_7.3-51.4           
[52] zoo_1.8-7                scales_1.1.0             hms_0.5.3               
[55] RColorBrewer_1.1-2       yaml_2.2.1               reticulate_1.14         
[58] pbapply_1.4-2            stringi_1.4.5            plotrix_3.7-7           
[61] caTools_1.18.0           rlang_0.4.4.9000         pkgconfig_2.0.3         
[64] bitops_1.0-6             evaluate_0.14            lattice_0.20-38         
[67] ROCR_1.0-7               purrr_0.3.3              Rhdf5lib_1.8.0          
[70] labeling_0.3             GenomicAlignments_1.22.1 patchwork_1.0.0         
[73] htmlwidgets_1.5.1        cowplot_1.0.0            tidyselect_1.0.0        
[76] RcppAnnoy_0.0.14         plyr_1.8.5               R6_2.4.1                
[79] gplots_3.0.1.2           pillar_1.4.3             withr_2.1.2             
[82] fitdistrplus_1.0-14      survival_3.1-8           RCurl_1.98-1.1          
[85] tsne_0.1-3               tibble_2.1.3             future.apply_1.4.0      
[88] crayon_1.3.4             KernSmooth_2.23-16       plotly_4.9.1            
[91] rmarkdown_2.1            digest_0.6.23            tidyr_1.0.2             
[94] RcppParallel_4.4.4       munsell_0.5.0            viridisLite_0.3.0       


------- Log Info


2020-11-24 21:13:06 : Input-Parameters, Class = list

Input-Parameters$ArchRProj: length = 1
class: ArchRProject 
outputDirectory: /Users/koenvandenberge/Dropbox/research/brainStat/hbcRegenGithub/data/scATAC/archR_samples_pairwise 
samples(6): s1Inj s3Inj ... s2Inj s1UI
sampleColData names(1): ArrowFiles
cellColData names(15): Sample TSSEnrichment ... runs clusters_cor
numberOfCells(1): 1
medianTSS(1): 13.414
medianFrags(1): 97573


Input-Parameters$embedding: length = 1
[1] "UMAP_cor"


Input-Parameters$colorBy: length = 1
[1] "cellColData"


Input-Parameters$name: length = 1
[1] "Sample"


Input-Parameters$log2Norm: length = 0
NULL


Input-Parameters$imputeWeights: length = 0
NULL


Input-Parameters$pal: length = 0
NULL


Input-Parameters$size: length = 1
[1] 0.1


Input-Parameters$sampleCells: length = 0
NULL


Input-Parameters$highlightCells: length = 0
NULL


Input-Parameters$rastr: length = 1
[1] TRUE


Input-Parameters$quantCut: length = 2
[1] 0.01 0.99


Input-Parameters$discreteSet: length = 0
NULL


Input-Parameters$continuousSet: length = 0
NULL


Input-Parameters$randomize: length = 1
[1] TRUE


Input-Parameters$keepAxis: length = 1
[1] FALSE


Input-Parameters$baseSize: length = 1
[1] 10


Input-Parameters$plotAs: length = 0
NULL


Input-Parameters$threads: length = 1
[1] 1


Input-Parameters$logFile: length = 1
[1] "ArchRLogs/ArchR-plotEmbedding-cca760cb1d73-Date-2020-11-24_Time-21-13-06.log"



2020-11-24 21:13:06 : 

2020-11-24 21:13:06 : Embedding data.frame, Class = data.frame
Embedding data.frame: nRows = 4732, nCols = 2
                         Harmony#UMAP_Dimension_1 Harmony#UMAP_Dimension_2
s1Inj#GAGATTCCAAGGTCGA-1               -0.6294394                0.9565714
s1Inj#GCTCACTCAATTCTCT-1                1.5830798                2.5762093
s1Inj#TCGTTCGGTTAACCGT-1                0.4734877                4.4815292
s1Inj#TCACTCGTCATGCTTT-1                0.1438639                4.0200786
s1Inj#GTCGTAATCCGGAAAG-1                0.8945384               -2.0739660
s1Inj#TGCTCACTCGCTAGTA-1                1.3686827                2.6656789



2020-11-24 21:13:06 : 

2020-11-24 21:13:06 : ColorParams 1, Class = list

ColorParams 1$color: length = 4732
[1] "s1Inj" "s1Inj" "s1Inj" "s1Inj" "s1Inj" "s1Inj"


ColorParams 1$discrete: length = 1
[1] TRUE


ColorParams 1$continuousSet: length = 1
[1] "solarExtra"


ColorParams 1$discreteSet: length = 1
[1] "stallion"


ColorParams 1$title: length = 1
[1] "UMAP_cor of Harmony  colored by\ncolData :  Sample"



2020-11-24 21:13:06 : PlotParams-1, Class = list

PlotParams-1$color: length = 4732
[1] "s1Inj" "s1Inj" "s1Inj" "s1Inj" "s1Inj" "s1Inj"


PlotParams-1$discrete: length = 1
[1] TRUE


PlotParams-1$continuousSet: length = 1
[1] "solarExtra"


PlotParams-1$discreteSet: length = 1
[1] "stallion"


PlotParams-1$title: length = 1
[1] "UMAP_cor of Harmony  colored by\ncolData :  Sample"


PlotParams-1$x: length = 4732
[1] -0.6294394  1.5830798  0.4734877  0.1438639  0.8945384  1.3686827


PlotParams-1$y: length = 4732
[1]  0.9565714  2.5762093  4.4815292  4.0200786 -2.0739660  2.6656789


PlotParams-1$baseSize: length = 1
[1] 10


PlotParams-1$xlabel: length = 1
[1] "UMAP Dimension 1"


PlotParams-1$ylabel: length = 1
[1] "UMAP Dimension 2"


PlotParams-1$rastr: length = 1
[1] TRUE


PlotParams-1$size: length = 1
[1] 0.1


PlotParams-1$randomize: length = 1
[1] TRUE



------- Completed

End Time : 2020-11-24 21:13:06
Elapsed Time Minutes = 0.014871883392334
Elapsed Time Hours = 0.000247917771339416

-------



