
           ___      .______        ______  __    __  .______      
          /   \     |   _  \      /      ||  |  |  | |   _  \     
         /  ^  \    |  |_)  |    |  ,----'|  |__|  | |  |_)  |    
        /  /_\  \   |      /     |  |     |   __   | |      /     
       /  _____  \  |  |\  \\___ |  `----.|  |  |  | |  |\  \\___.
      /__/     \__\ | _| `._____| \______||__|  |__| | _| `._____|
    
Logging With ArchR!

Start Time : 2020-12-03 15:46:44

------- ArchR Info

ArchRThreads = 4
ArchRGenome = Mm10

------- System Info

Computer OS = unix
Total Cores = 8

------- Session Info

R version 3.6.2 (2019-12-12)
Platform: x86_64-apple-darwin15.6.0 (64-bit)
Running under: macOS Mojave 10.14.5

Matrix products: default
BLAS:   /System/Library/Frameworks/Accelerate.framework/Versions/A/Frameworks/vecLib.framework/Versions/A/libBLAS.dylib
LAPACK: /Library/Frameworks/R.framework/Versions/3.6/Resources/lib/libRlapack.dylib

locale:
[1] en_US.UTF-8/en_US.UTF-8/en_US.UTF-8/C/en_US.UTF-8/en_US.UTF-8

attached base packages:
 [1] grid      parallel  stats4    stats     graphics  grDevices utils     datasets  methods   base     

other attached packages:
 [1] BSgenome.Mmusculus.UCSC.mm10_1.4.0 BSgenome_1.54.0                    rtracklayer_1.46.0                
 [4] Biostrings_2.54.0                  XVector_0.26.0                     ggalluvial_0.12.0                 
 [7] patchwork_1.0.0                    Seurat_3.1.5                       Signac_0.2.5                      
[10] harmony_1.0                        Rcpp_1.0.3                         scater_1.14.6                     
[13] uwot_0.1.5                         scran_1.14.5                       forcats_0.4.0                     
[16] stringr_1.4.0                      dplyr_0.8.4                        purrr_0.3.3                       
[19] readr_1.3.1                        tidyr_1.0.2                        tibble_2.1.3                      
[22] tidyverse_1.3.0                    irlba_2.3.3                        gridExtra_2.3                     
[25] wesanderson_0.3.6                  pheatmap_1.0.12                    RColorBrewer_1.1-2                
[28] clusterExperiment_2.6.1            bigmemory_4.5.36                   rgl_0.100.30                      
[31] cowplot_1.0.0                      SingleCellExperiment_1.8.0         slingshot_1.5.2                   
[34] princurve_2.1.4                    edgeR_3.28.0                       limma_3.42.1                      
[37] UpSetR_1.4.0                       ArchR_0.9.5                        magrittr_1.5                      
[40] rhdf5_2.30.1                       Matrix_1.2-18                      data.table_1.12.8                 
[43] SummarizedExperiment_1.16.1        DelayedArray_0.12.2                BiocParallel_1.20.1               
[46] matrixStats_0.56.0                 Biobase_2.46.0                     GenomicRanges_1.38.0              
[49] GenomeInfoDb_1.22.0                IRanges_2.20.2                     S4Vectors_0.24.3                  
[52] BiocGenerics_0.32.0                ggplot2_3.3.2                     

loaded via a namespace (and not attached):
  [1] pkgmaker_0.31            acepack_1.4.1            bit64_0.9-7              knitr_1.28              
  [5] rpart_4.1-15             RCurl_1.98-1.1           doParallel_1.0.15        generics_0.0.2          
  [9] RSQLite_2.2.0            RANN_2.6.1               future_1.16.0            ggfittext_0.9.0         
 [13] bit_1.1-15.2             phylobase_0.8.6          webshot_0.5.2            xml2_1.3.2              
 [17] lubridate_1.7.4          httpuv_1.5.2             assertthat_0.2.1         viridis_0.5.1           
 [21] xfun_0.12                hms_0.5.3                evaluate_0.14            promises_1.1.0          
 [25] fansi_0.4.1              progress_1.2.2           caTools_1.18.0           dbplyr_1.4.2            
 [29] readxl_1.3.1             igraph_1.2.4.2           DBI_1.1.0                htmlwidgets_1.5.1       
 [33] ellipsis_0.3.0           gggenes_0.4.0            RSpectra_0.16-0          crosstalk_1.0.0         
 [37] backports_1.1.5          annotate_1.64.0          gridBase_0.4-7           locfdr_1.1-8            
 [41] RcppParallel_4.4.4       vctrs_0.2.2              ROCR_1.0-7               here_0.1                
 [45] Cairo_1.5-10             withr_2.1.2              packrat_0.5.0            checkmate_2.0.0         
 [49] sctransform_0.2.1        GenomicAlignments_1.22.1 prettyunits_1.1.1        softImpute_1.4          
 [53] cluster_2.1.0            ape_5.3                  lazyeval_0.2.2           crayon_1.3.4            
 [57] genefilter_1.68.0        pkgconfig_2.0.3          labeling_0.3             nlme_3.1-142            
 [61] vipor_0.4.5              nnet_7.3-12              globals_0.12.5           rafalib_1.0.0           
 [65] rlang_0.4.4.9000         lifecycle_0.1.0          miniUI_0.1.1.1           registry_0.5-1          
 [69] bigmemory.sri_0.1.3      modelr_0.1.5             rsvd_1.0.2               cellranger_1.1.0        
 [73] rprojroot_1.3-2          lmtest_0.9-37            rngtools_1.5             ggseqlogo_0.1           
 [77] zoo_1.8-7                Rhdf5lib_1.8.0           reprex_0.3.0             base64enc_0.1-3         
 [81] beeswarm_0.2.3           ggridges_0.5.2           GlobalOptions_0.1.1      png_0.1-7               
 [85] viridisLite_0.3.0        rjson_0.2.20             bitops_1.0-6             KernSmooth_2.23-16      
 [89] rncl_0.8.3               blob_1.2.1               DelayedMatrixStats_1.8.0 shape_1.4.4             
 [93] manipulateWidget_0.10.0  zinbwave_1.11.6          jpeg_0.1-8.1             scales_1.1.0            
 [97] ica_1.0-2                memoise_1.1.0            plyr_1.8.5               gplots_3.0.1.2          
[101] howmany_0.3-1            gdata_2.18.0             bibtex_0.4.2.2           zlibbioc_1.32.0         
[105] compiler_3.6.2           lsei_1.2-0               dqrng_0.2.1              clue_0.3-57             
[109] fitdistrplus_1.0-14      Rsamtools_2.2.1          cli_2.0.1                ade4_1.7-13             
[113] listenv_0.8.0            pbapply_1.4-2            htmlTable_1.13.3         Formula_1.2-3           
[117] MASS_7.3-51.4            tidyselect_1.0.0         stringi_1.4.5            yaml_2.2.1              
[121] BiocSingular_1.2.1       locfit_1.5-9.1           latticeExtra_0.6-29      ggrepel_0.8.1           
[125] tools_3.6.2              future.apply_1.4.0       circlize_0.4.8           rstudioapi_0.11         
[129] uuid_0.1-2               foreach_1.4.7            foreign_0.8-72           RNeXML_2.4.2            
[133] Rtsne_0.15               farver_2.0.3             digest_0.6.23            FNN_1.1.3               
[137] shiny_1.4.0              broom_0.5.4              later_1.0.0              RcppAnnoy_0.0.14        
[141] httr_1.4.1               AnnotationDbi_1.48.0     ComplexHeatmap_2.3.1     npsurv_0.4-0            
[145] kernlab_0.9-29           colorspace_1.4-1         reticulate_1.14          rvest_0.3.5             
[149] XML_3.99-0.3             fs_1.3.1                 splines_3.6.2            statmod_1.4.33          
[153] plotly_4.9.1             xtable_1.8-4             jsonlite_1.6.1           R6_2.4.1                
[157] Hmisc_4.3-1              pillar_1.4.3             htmltools_0.4.0          mime_0.9                
[161] NMF_0.21.0               glue_1.3.1               fastmap_1.0.1            BiocNeighbors_1.4.1     
[165] codetools_0.2-16         tsne_0.1-3               lattice_0.20-38          ggbeeswarm_0.6.0        
[169] leiden_0.3.4             gtools_3.8.1             survival_3.1-8           rmarkdown_2.1           
[173] munsell_0.5.0            GetoptLong_0.1.8         GenomeInfoDbData_1.2.2   iterators_1.0.12        
[177] HDF5Array_1.14.1         haven_2.2.0              reshape2_1.4.3           gtable_0.3.0            


------- Log Info


2020-12-03 15:46:44 : Input-Parameters, Class = list

Input-Parameters$: length = 1
                       
1 function (name)      
2 .Internal(args(name))


Input-Parameters$ArchRProj: length = 1
class: ArchRProject 
outputDirectory: /Users/koenvandenberge/Dropbox/research/brainStat/hbcRegenGithub/data/scATAC/archR_samples_pairwise_v2 
samples(6): s1Inj s3Inj ... s2Inj s1UI
sampleColData names(1): ArrowFiles
cellColData names(22): Sample TSSEnrichment ... FRIP predAnn
numberOfCells(1): 1
medianTSS(1): 13.414
medianFrags(1): 97573


Input-Parameters$groupBy: length = 1
[1] "predAnn"


Input-Parameters$useGroups: length = 0
NULL


Input-Parameters$bgdGroups: length = 0
NULL


Input-Parameters$useMatrix: length = 1
[1] "PeakMatrix"


Input-Parameters$bias: length = 2
[1] "TSSEnrichment" "log10(nFrags)"


Input-Parameters$normBy: length = 0
NULL


Input-Parameters$testMethod: length = 1
[1] "wilcoxon"


Input-Parameters$maxCells: length = 1
[1] 500


Input-Parameters$scaleTo: length = 1
[1] 10000


Input-Parameters$threads: length = 1
[1] 4


Input-Parameters$k: length = 1
[1] 100


Input-Parameters$bufferRatio: length = 1
[1] 0.8


Input-Parameters$binarize: length = 1
[1] FALSE


Input-Parameters$useSeqnames: length = 0
NULL


Input-Parameters$verbose: length = 1
[1] TRUE


Input-Parameters$logFile: length = 1
[1] "ArchRLogs/ArchR-getMarkerFeatures-15cac6f66c27f-Date-2020-12-03_Time-15-46-44.log"


Input-Parameters$ArchRProj: length = 1
class: ArchRProject 
outputDirectory: /Users/koenvandenberge/Dropbox/research/brainStat/hbcRegenGithub/data/scATAC/archR_samples_pairwise_v2 
samples(6): s1Inj s3Inj ... s2Inj s1UI
sampleColData names(1): ArrowFiles
cellColData names(22): Sample TSSEnrichment ... FRIP predAnn
numberOfCells(1): 1
medianTSS(1): 13.414
medianFrags(1): 97573


Input-Parameters$groupBy: length = 1
[1] "predAnn"


Input-Parameters$useGroups: length = 0
NULL


Input-Parameters$bgdGroups: length = 0
NULL


Input-Parameters$useMatrix: length = 1
[1] "PeakMatrix"


Input-Parameters$bias: length = 2
[1] "TSSEnrichment" "log10(nFrags)"


Input-Parameters$normBy: length = 0
NULL


Input-Parameters$testMethod: length = 1
[1] "wilcoxon"


Input-Parameters$maxCells: length = 1
[1] 500


Input-Parameters$scaleTo: length = 1
[1] 10000


Input-Parameters$threads: length = 1
[1] 4


Input-Parameters$k: length = 1
[1] 100


Input-Parameters$bufferRatio: length = 1
[1] 0.8


Input-Parameters$binarize: length = 1
[1] FALSE


Input-Parameters$useSeqnames: length = 0
NULL


Input-Parameters$verbose: length = 1
[1] TRUE


Input-Parameters$logFile: length = 1
[1] "ArchRLogs/ArchR-getMarkerFeatures-15cac6f66c27f-Date-2020-12-03_Time-15-46-44.log"



2020-12-03 15:46:44 : FeatureDF, Class = DFrame
DataFrame with 189874 rows and 4 columns
       seqnames     idx     start       end
          <Rle> <array>   <array>   <array>
1          chr1       1   3094009   3094509
2          chr1       2   3094598   3095098
3          chr1       3   3164668   3165168
4          chr1       4   3203760   3204260
5          chr1       5   3221071   3221571
...         ...     ...       ...       ...
189870     chrX    3814 169930547 169931047
189871     chrX    3815 169931228 169931728
189872     chrX    3816 169937043 169937543
189873     chrX    3817 169940457 169940957
189874     chrX    3818 169950951 169951451


2020-12-03 15:46:44 : 
2020-12-03 15:46:44 : Matching Known Biases, 0.005 mins elapsed.

2020-12-03 15:46:46 : MatchSummary C1_Inj, Class = list

MatchSummary C1_Inj$cells: length = 499
[1] 1354  863  178 1210  601  387


MatchSummary C1_Inj$bgd: length = 499
[1] 2681 3055 1955 3151 3015 2925


MatchSummary C1_Inj$summaryCells: nRows = 5, nCols = 3


MatchSummary C1_Inj$summaryBgd: nRows = 5, nCols = 3


MatchSummary C1_Inj$bgdGroups: nRows = 2, nCols = 4
       hybrid1 hybrid2 C2_Hybrid resting
estbgd      38      43       180     238
obsbgd      38      43       180     238


MatchSummary C1_Inj$bgdGroupsProbs: nRows = 2, nCols = 4
        hybrid1 hybrid2 C2_Hybrid resting
estbgdP   7.615   8.617    36.072  47.695
obsbgdP   7.615   8.617    36.072  47.695


MatchSummary C1_Inj$corbgdGroups: length = 1
[1] 1


MatchSummary C1_Inj$n: length = 1
[1] 1485


MatchSummary C1_Inj$p: length = 1
[1] 1


MatchSummary C1_Inj$group: length = 1
[1] "C1_Inj"


MatchSummary C1_Inj$k: length = 1
[1] 100



2020-12-03 15:46:46 : MatchSummary C2_Hybrid, Class = list

MatchSummary C2_Hybrid$cells: length = 498
[1]  950 1214 1732 2297 1101 1459


MatchSummary C2_Hybrid$bgd: length = 498
[1]  931 3155 1740 3930 2335   95


MatchSummary C2_Hybrid$summaryCells: nRows = 5, nCols = 3


MatchSummary C2_Hybrid$summaryBgd: nRows = 5, nCols = 3


MatchSummary C2_Hybrid$bgdGroups: nRows = 2, nCols = 4
       hybrid1 hybrid2 resting C1_Inj
estbgd      31      35     196    236
obsbgd      31      35     196    236


MatchSummary C2_Hybrid$bgdGroupsProbs: nRows = 2, nCols = 4
        hybrid1 hybrid2 resting C1_Inj
estbgdP   6.225   7.028  39.357  47.39
obsbgdP   6.225   7.028  39.357  47.39


MatchSummary C2_Hybrid$corbgdGroups: length = 1
[1] 1


MatchSummary C2_Hybrid$n: length = 1
[1] 933


MatchSummary C2_Hybrid$p: length = 1
[1] 1


MatchSummary C2_Hybrid$group: length = 1
[1] "C2_Hybrid"


MatchSummary C2_Hybrid$k: length = 1
[1] 100



2020-12-03 15:46:46 : MatchSummary hybrid1, Class = list

MatchSummary hybrid1$cells: length = 156
[1] 1391 2960 2681 3260 1931 3219


MatchSummary hybrid1$bgd: length = 156
[1] 1419 3737 1361 3294 1951 3236


MatchSummary hybrid1$summaryCells: nRows = 5, nCols = 3


MatchSummary hybrid1$summaryBgd: nRows = 5, nCols = 3


MatchSummary hybrid1$bgdGroups: nRows = 2, nCols = 4
       hybrid2 C2_Hybrid resting C1_Inj
estbgd       9        37      50     60
obsbgd       9        37      50     60


MatchSummary hybrid1$bgdGroupsProbs: nRows = 2, nCols = 4
        hybrid2 C2_Hybrid resting C1_Inj
estbgdP   5.769    23.718  32.051 38.462
obsbgdP   5.769    23.718  32.051 38.462


MatchSummary hybrid1$corbgdGroups: length = 1
[1] 1


MatchSummary hybrid1$n: length = 1
[1] 197


MatchSummary hybrid1$p: length = 1
[1] 1


MatchSummary hybrid1$group: length = 1
[1] "hybrid1"


MatchSummary hybrid1$k: length = 1
[1] 100



2020-12-03 15:46:46 : MatchSummary hybrid2, Class = list

MatchSummary hybrid2$cells: length = 177
[1] 1836 2876 2709 2786 2716 2881


MatchSummary hybrid2$bgd: length = 177
[1] 3619 2873 1956 3318   77 3430


MatchSummary hybrid2$summaryCells: nRows = 5, nCols = 3


MatchSummary hybrid2$summaryBgd: nRows = 5, nCols = 3


MatchSummary hybrid2$bgdGroups: nRows = 2, nCols = 4
       hybrid1 C2_Hybrid resting C1_Inj
estbgd       9        43      57     68
obsbgd       9        43      57     68


MatchSummary hybrid2$bgdGroupsProbs: nRows = 2, nCols = 4
        hybrid1 C2_Hybrid resting C1_Inj
estbgdP   5.085    24.294  32.203 38.418
obsbgdP   5.085    24.294  32.203 38.418


MatchSummary hybrid2$corbgdGroups: length = 1
[1] 1


MatchSummary hybrid2$n: length = 1
[1] 223


MatchSummary hybrid2$p: length = 1
[1] 1


MatchSummary hybrid2$group: length = 1
[1] "hybrid2"


MatchSummary hybrid2$k: length = 1
[1] 100



2020-12-03 15:46:47 : MatchSummary resting, Class = list

MatchSummary resting$cells: length = 498
[1] 3668 2268 3899 1853 3697 2558


MatchSummary resting$bgd: length = 498
[1] 3351 3554 1020 1281  277 1194


MatchSummary resting$summaryCells: nRows = 5, nCols = 3


MatchSummary resting$summaryBgd: nRows = 5, nCols = 3


MatchSummary resting$bgdGroups: nRows = 2, nCols = 4
       hybrid1 hybrid2 C2_Hybrid C1_Inj
estbgd      34      39       164    261
obsbgd      34      39       164    261


MatchSummary resting$bgdGroupsProbs: nRows = 2, nCols = 4
        hybrid1 hybrid2 C2_Hybrid C1_Inj
estbgdP   6.827   7.831    32.932  52.41
obsbgdP   6.827   7.831    32.932  52.41


MatchSummary resting$corbgdGroups: length = 1
[1] 1


MatchSummary resting$n: length = 1
[1] 1238


MatchSummary resting$p: length = 1
[1] 1


MatchSummary resting$group: length = 1
[1] "resting"


MatchSummary resting$k: length = 1
[1] 100


2020-12-03 15:46:49 : Computing Pairwise Tests (1 of 5), 0.083 mins elapsed.
2020-12-03 15:46:49 : Computing Pairwise Tests (2 of 5), 0.084 mins elapsed.
2020-12-03 15:46:49 : Computing Pairwise Tests (3 of 5), 0.084 mins elapsed.
2020-12-03 15:46:49 : Computing Pairwise Tests (4 of 5), 0.084 mins elapsed.
2020-12-03 15:47:52 : Computing Pairwise Tests (5 of 5), 1.128 mins elapsed.
###########
2020-12-03 15:48:27 : Completed Pairwise Tests, 1.721 mins elapsed.
###########

------- Completed

End Time : 2020-12-03 15:48:27
Elapsed Time Minutes = 1.73037858406703
Elapsed Time Hours = 0.0288397836022907

-------



