
           ___      .______        ______  __    __  .______      
          /   \     |   _  \      /      ||  |  |  | |   _  \     
         /  ^  \    |  |_)  |    |  ,----'|  |__|  | |  |_)  |    
        /  /_\  \   |      /     |  |     |   __   | |      /     
       /  _____  \  |  |\  \\___ |  `----.|  |  |  | |  |\  \\___.
      /__/     \__\ | _| `._____| \______||__|  |__| | _| `._____|
    
Logging With ArchR!

Start Time : 2020-11-24 16:04:41

------- ArchR Info

ArchRThreads = 4
ArchRGenome = Mm10

------- System Info

Computer OS = unix
Total Cores = 8

------- Session Info

R version 3.6.2 (2019-12-12)
Platform: x86_64-apple-darwin15.6.0 (64-bit)
Running under: macOS Mojave 10.14.5

Matrix products: default
BLAS:   /System/Library/Frameworks/Accelerate.framework/Versions/A/Frameworks/vecLib.framework/Versions/A/libBLAS.dylib
LAPACK: /Library/Frameworks/R.framework/Versions/3.6/Resources/lib/libRlapack.dylib

locale:
[1] en_US.UTF-8/en_US.UTF-8/en_US.UTF-8/C/en_US.UTF-8/en_US.UTF-8

attached base packages:
 [1] parallel  stats4    grid      stats     graphics  grDevices utils     datasets  methods   base     

other attached packages:
 [1] circlize_0.4.8                     ComplexHeatmap_2.3.1               gtable_0.3.0                      
 [4] harmony_1.0                        Rcpp_1.0.3                         uwot_0.1.5                        
 [7] gridExtra_2.3                      nabor_0.5.0                        Seurat_3.1.5                      
[10] BSgenome.Mmusculus.UCSC.mm10_1.4.0 BSgenome_1.54.0                    rtracklayer_1.46.0                
[13] Biostrings_2.54.0                  XVector_0.26.0                     ArchR_0.9.5                       
[16] magrittr_1.5                       rhdf5_2.30.1                       data.table_1.12.8                 
[19] SummarizedExperiment_1.16.1        DelayedArray_0.12.2                BiocParallel_1.20.1               
[22] Biobase_2.46.0                     GenomicRanges_1.38.0               GenomeInfoDb_1.22.0               
[25] IRanges_2.20.2                     S4Vectors_0.24.3                   BiocGenerics_0.32.0               
[28] ggplot2_3.3.2                      knitr_1.28                         matrixStats_0.56.0                
[31] genomation_1.18.0                  Matrix_1.2-18                     

loaded via a namespace (and not attached):
  [1] plyr_1.8.5               igraph_1.2.4.2           lazyeval_0.2.2           splines_3.6.2           
  [5] listenv_0.8.0            gridBase_0.4-7           digest_0.6.23            htmltools_0.4.0         
  [9] gdata_2.18.0             cluster_2.1.0            ROCR_1.0-7               globals_0.12.5          
 [13] readr_1.3.1              RcppParallel_4.4.4       colorspace_1.4-1         ggrepel_0.8.1           
 [17] xfun_0.12                dplyr_0.8.4              crayon_1.3.4             RCurl_1.98-1.1          
 [21] jsonlite_1.6.1           hexbin_1.28.0            impute_1.60.0            survival_3.1-8          
 [25] zoo_1.8-7                ape_5.3                  glue_1.3.1               zlibbioc_1.32.0         
 [29] leiden_0.3.4             GetoptLong_0.1.8         Rhdf5lib_1.8.0           future.apply_1.4.0      
 [33] shape_1.4.4              scales_1.1.0             plotrix_3.7-7            viridisLite_0.3.0       
 [37] clue_0.3-57              reticulate_1.14          rsvd_1.0.2               tsne_0.1-3              
 [41] htmlwidgets_1.5.1        httr_1.4.1               gplots_3.0.1.2           RColorBrewer_1.1-2      
 [45] ica_1.0-2                pkgconfig_2.0.3          XML_3.99-0.3             farver_2.0.3            
 [49] tidyselect_1.0.0         labeling_0.3             rlang_0.4.4.9000         reshape2_1.4.3          
 [53] munsell_0.5.0            tools_3.6.2              ggridges_0.5.2           evaluate_0.14           
 [57] stringr_1.4.0            yaml_2.2.1               npsurv_0.4-0             fitdistrplus_1.0-14     
 [61] caTools_1.18.0           purrr_0.3.3              RANN_2.6.1               packrat_0.5.0           
 [65] pbapply_1.4-2            future_1.16.0            nlme_3.1-142             compiler_3.6.2          
 [69] rstudioapi_0.11          plotly_4.9.1             png_0.1-7                lsei_1.2-0              
 [73] tibble_2.1.3             stringi_1.4.5            RSpectra_0.16-0          lattice_0.20-38         
 [77] vctrs_0.2.2              pillar_1.4.3             lifecycle_0.1.0          lmtest_0.9-37           
 [81] GlobalOptions_0.1.1      RcppAnnoy_0.0.14         cowplot_1.0.0            bitops_1.0-6            
 [85] irlba_2.3.3              patchwork_1.0.0          R6_2.4.1                 KernSmooth_2.23-16      
 [89] codetools_0.2-16         MASS_7.3-51.4            gtools_3.8.1             assertthat_0.2.1        
 [93] rjson_0.2.20             withr_2.1.2              GenomicAlignments_1.22.1 sctransform_0.2.1       
 [97] Rsamtools_2.2.1          GenomeInfoDbData_1.2.2   hms_0.5.3                tidyr_1.0.2             
[101] rmarkdown_2.1            Cairo_1.5-10             Rtsne_0.15               seqPattern_1.18.0       


------- Log Info


2020-11-24 16:04:41 : Input-Parameters, Class = list

Input-Parameters$: length = 1
                       
1 function (name)      
2 .Internal(args(name))


Input-Parameters$ArchRProj: length = 1
class: ArchRProject 
outputDirectory: /Users/koenvandenberge/Dropbox/research/brainStat/hbcRegenGithub/data/scATAC/archR_samples_pairwise 
samples(6): s1Inj s3Inj ... s2Inj s1UI
sampleColData names(1): ArrowFiles
cellColData names(19): Sample TSSEnrichment ... hbcInj clHBCMerged
numberOfCells(1): 1
medianTSS(1): 13.414
medianFrags(1): 97573


Input-Parameters$groupBy: length = 1
[1] "clHBCMerged"


Input-Parameters$useGroups: length = 0
NULL


Input-Parameters$bgdGroups: length = 0
NULL


Input-Parameters$useMatrix: length = 1
[1] "GeneScoreMatrix"


Input-Parameters$bias: length = 2
[1] "TSSEnrichment" "log10(nFrags)"


Input-Parameters$normBy: length = 0
NULL


Input-Parameters$testMethod: length = 1
[1] "wilcoxon"


Input-Parameters$maxCells: length = 1
[1] 500


Input-Parameters$scaleTo: length = 1
[1] 10000


Input-Parameters$threads: length = 1
[1] 4


Input-Parameters$k: length = 1
[1] 100


Input-Parameters$bufferRatio: length = 1
[1] 0.8


Input-Parameters$binarize: length = 1
[1] FALSE


Input-Parameters$useSeqnames: length = 0
NULL


Input-Parameters$verbose: length = 1
[1] FALSE


Input-Parameters$logFile: length = 1
[1] "ArchRLogs/ArchR-getMarkerFeatures-879914a0ccba-Date-2020-11-24_Time-16-04-41.log"


Input-Parameters$ArchRProj: length = 1
class: ArchRProject 
outputDirectory: /Users/koenvandenberge/Dropbox/research/brainStat/hbcRegenGithub/data/scATAC/archR_samples_pairwise 
samples(6): s1Inj s3Inj ... s2Inj s1UI
sampleColData names(1): ArrowFiles
cellColData names(19): Sample TSSEnrichment ... hbcInj clHBCMerged
numberOfCells(1): 1
medianTSS(1): 13.414
medianFrags(1): 97573


Input-Parameters$groupBy: length = 1
[1] "clHBCMerged"


Input-Parameters$useGroups: length = 0
NULL


Input-Parameters$bgdGroups: length = 0
NULL


Input-Parameters$useMatrix: length = 1
[1] "GeneScoreMatrix"


Input-Parameters$bias: length = 2
[1] "TSSEnrichment" "log10(nFrags)"


Input-Parameters$normBy: length = 0
NULL


Input-Parameters$testMethod: length = 1
[1] "wilcoxon"


Input-Parameters$maxCells: length = 1
[1] 500


Input-Parameters$scaleTo: length = 1
[1] 10000


Input-Parameters$threads: length = 1
[1] 4


Input-Parameters$k: length = 1
[1] 100


Input-Parameters$bufferRatio: length = 1
[1] 0.8


Input-Parameters$binarize: length = 1
[1] FALSE


Input-Parameters$useSeqnames: length = 0
NULL


Input-Parameters$verbose: length = 1
[1] FALSE


Input-Parameters$logFile: length = 1
[1] "ArchRLogs/ArchR-getMarkerFeatures-879914a0ccba-Date-2020-11-24_Time-16-04-41.log"



2020-11-24 16:04:41 : FeatureDF, Class = DFrame
DataFrame with 24333 rows and 6 columns
      seqnames     start       end  strand          name     idx
         <Rle>   <array>   <array> <array>       <array> <array>
1         chr1   3671498   3214482       2          Xkr4       1
2         chr1   4409241   4290846       2           Rp1       2
3         chr1   4497354   4490928       2         Sox17       3
4         chr1   4785726   4773198       2        Mrpl15       4
5         chr1   4807893   4846735       1        Lypla1       5
...        ...       ...       ...     ...           ...     ...
24329     chrX 169320372 169251538       2          Hccs    1039
24330     chrX 169320422 169368178       1       Gm15246    1040
24331     chrX 169685199 169990798       1          Mid1    1041
24332     chrX 169779635 169776378       2 4933400A11Rik    1042
24333     chrX 170672644 170678054       1          Asmt    1043


2020-11-24 16:04:41 : 
2020-11-24 16:04:42 : Matching Known Biases, 0.002 mins elapsed.

2020-11-24 16:04:42 : MatchSummary C1_Inj, Class = list

MatchSummary C1_Inj$cells: length = 499
[1] 1354  863  178 1210  601  387


MatchSummary C1_Inj$bgd: length = 499
[1] 2736  862 1986 1807 1657 2037


MatchSummary C1_Inj$summaryCells: nRows = 5, nCols = 3


MatchSummary C1_Inj$summaryBgd: nRows = 5, nCols = 3


MatchSummary C1_Inj$bgdGroups: nRows = 2, nCols = 2
       C3_UI C2_Hybrid
estbgd   239       260
obsbgd   239       260


MatchSummary C1_Inj$bgdGroupsProbs: nRows = 2, nCols = 2
         C3_UI C2_Hybrid
estbgdP 47.896    52.104
obsbgdP 47.896    52.104


MatchSummary C1_Inj$corbgdGroups: length = 1
[1] 1


MatchSummary C1_Inj$n: length = 1
[1] 1486


MatchSummary C1_Inj$p: length = 1
[1] 1


MatchSummary C1_Inj$group: length = 1
[1] "C1_Inj"


MatchSummary C1_Inj$k: length = 1
[1] 100



2020-11-24 16:04:42 : MatchSummary C2_Hybrid, Class = list

MatchSummary C2_Hybrid$cells: length = 499
[1] 1868 3450 1383 2749 1871 1609


MatchSummary C2_Hybrid$bgd: length = 499
[1] 3234  388 1944 2737 4065 3780


MatchSummary C2_Hybrid$summaryCells: nRows = 5, nCols = 3


MatchSummary C2_Hybrid$summaryBgd: nRows = 5, nCols = 3


MatchSummary C2_Hybrid$bgdGroups: nRows = 2, nCols = 2
       C3_UI C1_Inj
estbgd   227    272
obsbgd   227    272


MatchSummary C2_Hybrid$bgdGroupsProbs: nRows = 2, nCols = 2
         C3_UI C1_Inj
estbgdP 45.491 54.509
obsbgdP 45.491 54.509


MatchSummary C2_Hybrid$corbgdGroups: length = 1
[1] 1


MatchSummary C2_Hybrid$n: length = 1
[1] 1350


MatchSummary C2_Hybrid$p: length = 1
[1] 1


MatchSummary C2_Hybrid$group: length = 1
[1] "C2_Hybrid"


MatchSummary C2_Hybrid$k: length = 1
[1] 100



2020-11-24 16:04:42 : MatchSummary C3_UI, Class = list

MatchSummary C3_UI$cells: length = 499
[1] 2335 2002 2338 2527 3781 3995


MatchSummary C3_UI$bgd: length = 499
[1]  936 2895 2350 3143 2091 2456


MatchSummary C3_UI$summaryCells: nRows = 5, nCols = 3


MatchSummary C3_UI$summaryBgd: nRows = 5, nCols = 3


MatchSummary C3_UI$bgdGroups: nRows = 2, nCols = 2
       C2_Hybrid C1_Inj
estbgd       238    261
obsbgd       238    261


MatchSummary C3_UI$bgdGroupsProbs: nRows = 2, nCols = 2
        C2_Hybrid C1_Inj
estbgdP    47.695 52.305
obsbgdP    47.695 52.305


MatchSummary C3_UI$corbgdGroups: length = 1
[1] 1


MatchSummary C3_UI$n: length = 1
[1] 1240


MatchSummary C3_UI$p: length = 1
[1] 1


MatchSummary C3_UI$group: length = 1
[1] "C3_UI"


MatchSummary C3_UI$k: length = 1
[1] 100


2020-11-24 16:04:43 : Computing Pairwise Tests (1 of 3), 0.03 mins elapsed.
2020-11-24 16:04:43 : Computing Pairwise Tests (2 of 3), 0.03 mins elapsed.
2020-11-24 16:04:43 : Computing Pairwise Tests (3 of 3), 0.03 mins elapsed.
###########
2020-11-24 16:05:12 : Completed Pairwise Tests, 0.517 mins elapsed.
###########

------- Completed

End Time : 2020-11-24 16:05:12
Elapsed Time Minutes = 0.532076517740885
Elapsed Time Hours = 0.00886803719732496

-------



