
           ___      .______        ______  __    __  .______      
          /   \     |   _  \      /      ||  |  |  | |   _  \     
         /  ^  \    |  |_)  |    |  ,----'|  |__|  | |  |_)  |    
        /  /_\  \   |      /     |  |     |   __   | |      /     
       /  _____  \  |  |\  \\___ |  `----.|  |  |  | |  |\  \\___.
      /__/     \__\ | _| `._____| \______||__|  |__| | _| `._____|
    
Logging With ArchR!

Start Time : 2020-12-03 18:36:51

------- ArchR Info

ArchRThreads = 1
ArchRGenome = Mm10

------- System Info

Computer OS = unix
Total Cores = 8

------- Session Info

R version 3.6.2 (2019-12-12)
Platform: x86_64-apple-darwin15.6.0 (64-bit)
Running under: macOS Mojave 10.14.5

Matrix products: default
BLAS:   /Library/Frameworks/R.framework/Versions/3.6/Resources/lib/libRblas.0.dylib
LAPACK: /Library/Frameworks/R.framework/Versions/3.6/Resources/lib/libRlapack.dylib

locale:
[1] en_US.UTF-8/en_US.UTF-8/en_US.UTF-8/C/en_US.UTF-8/en_US.UTF-8

attached base packages:
 [1] grid      parallel  stats4    stats     graphics  grDevices utils    
 [8] datasets  methods   base     

other attached packages:
 [1] chromVARmotifs_0.2.0               motifmatchr_1.8.0                 
 [3] circlize_0.4.8                     ComplexHeatmap_2.3.1              
 [5] presto_1.0.0                       nabor_0.5.0                       
 [7] BSgenome.Mmusculus.UCSC.mm10_1.4.0 BSgenome_1.54.0                   
 [9] rtracklayer_1.46.0                 Biostrings_2.54.0                 
[11] XVector_0.26.0                     ggalluvial_0.12.0                 
[13] ArchR_0.9.5                        magrittr_1.5                      
[15] rhdf5_2.30.1                       data.table_1.12.8                 
[17] patchwork_1.0.0                    Seurat_3.1.5                      
[19] Signac_0.2.5                       harmony_1.0                       
[21] Rcpp_1.0.3                         scater_1.14.6                     
[23] uwot_0.1.5                         scran_1.14.5                      
[25] forcats_0.4.0                      stringr_1.4.0                     
[27] dplyr_0.8.4                        purrr_0.3.3                       
[29] readr_1.3.1                        tidyr_1.0.2                       
[31] tibble_2.1.3                       tidyverse_1.3.0                   
[33] irlba_2.3.3                        Matrix_1.2-18                     
[35] gridExtra_2.3                      wesanderson_0.3.6                 
[37] pheatmap_1.0.12                    ggplot2_3.3.2                     
[39] RColorBrewer_1.1-2                 clusterExperiment_2.6.1           
[41] bigmemory_4.5.36                   rgl_0.100.30                      
[43] cowplot_1.0.0                      SingleCellExperiment_1.8.0        
[45] SummarizedExperiment_1.16.1        DelayedArray_0.12.2               
[47] BiocParallel_1.20.1                matrixStats_0.56.0                
[49] Biobase_2.46.0                     GenomicRanges_1.38.0              
[51] GenomeInfoDb_1.22.0                IRanges_2.20.2                    
[53] S4Vectors_0.24.3                   BiocGenerics_0.32.0               
[55] slingshot_1.5.2                    princurve_2.1.4                   

loaded via a namespace (and not attached):
  [1] R.methodsS3_1.7.1           pkgmaker_0.31              
  [3] bit64_0.9-7                 knitr_1.28                 
  [5] R.utils_2.9.2               KEGGREST_1.26.1            
  [7] TFBSTools_1.22.0            RCurl_1.98-1.1             
  [9] doParallel_1.0.15           generics_0.0.2             
 [11] RSQLite_2.2.0               VGAM_1.1-2                 
 [13] RANN_2.6.1                  future_1.16.0              
 [15] ggfittext_0.9.0             bit_1.1-15.2               
 [17] phylobase_0.8.6             webshot_0.5.2              
 [19] xml2_1.3.2                  lubridate_1.7.4            
 [21] httpuv_1.5.2                assertthat_0.2.1           
 [23] DirichletMultinomial_1.26.0 viridis_0.5.1              
 [25] xfun_0.12                   hms_0.5.3                  
 [27] evaluate_0.14               promises_1.1.0             
 [29] fansi_0.4.1                 progress_1.2.2             
 [31] caTools_1.18.0              dbplyr_1.4.2               
 [33] readxl_1.3.1                igraph_1.2.4.2             
 [35] DBI_1.1.0                   htmlwidgets_1.5.1          
 [37] ellipsis_0.3.0              gggenes_0.4.0              
 [39] RSpectra_0.16-0             crosstalk_1.0.0            
 [41] backports_1.1.5             annotate_1.64.0            
 [43] gridBase_0.4-7              locfdr_1.1-8               
 [45] RcppParallel_4.4.4          vctrs_0.2.2                
 [47] Cairo_1.5-10                here_0.1                   
 [49] ROCR_1.0-7                  withr_2.1.2                
 [51] sctransform_0.2.1           GenomicAlignments_1.22.1   
 [53] prettyunits_1.1.1           softImpute_1.4             
 [55] cluster_2.1.0               seqLogo_1.50.0             
 [57] ape_5.3                     lazyeval_0.2.2             
 [59] crayon_1.3.4                genefilter_1.68.0          
 [61] labeling_0.3                edgeR_3.28.0               
 [63] pkgconfig_2.0.3             nlme_3.1-142               
 [65] vipor_0.4.5                 rlang_0.4.4.9000           
 [67] globals_0.12.5              lifecycle_0.1.0            
 [69] miniUI_0.1.1.1              registry_0.5-1             
 [71] bigmemory.sri_0.1.3         modelr_0.1.5               
 [73] rsvd_1.0.2                  cellranger_1.1.0           
 [75] rprojroot_1.3-2             lmtest_0.9-37              
 [77] rngtools_1.5                ggseqlogo_0.1              
 [79] Rhdf5lib_1.8.0              zoo_1.8-7                  
 [81] reprex_0.3.0                beeswarm_0.2.3             
 [83] GlobalOptions_0.1.1         ggridges_0.5.2             
 [85] rjson_0.2.20                png_0.1-7                  
 [87] viridisLite_0.3.0           bitops_1.0-6               
 [89] R.oo_1.23.0                 rncl_0.8.3                 
 [91] KernSmooth_2.23-16          blob_1.2.1                 
 [93] DelayedMatrixStats_1.8.0    shape_1.4.4                
 [95] manipulateWidget_0.10.0     zinbwave_1.11.6            
 [97] CNEr_1.20.0                 scales_1.1.0               
 [99] memoise_1.1.0               plyr_1.8.5                 
[101] ica_1.0-2                   howmany_0.3-1              
[103] gplots_3.0.1.2              bibtex_0.4.2.2             
[105] gdata_2.18.0                zlibbioc_1.32.0            
[107] compiler_3.6.2              lsei_1.2-0                 
[109] dqrng_0.2.1                 clue_0.3-57                
[111] fitdistrplus_1.0-14         Rsamtools_2.2.1            
[113] cli_2.0.1                   ade4_1.7-13                
[115] listenv_0.8.0               pbapply_1.4-2              
[117] MASS_7.3-51.4               tidyselect_1.0.0           
[119] stringi_1.4.5               yaml_2.2.1                 
[121] BiocSingular_1.2.1          locfit_1.5-9.1             
[123] ggrepel_0.8.1               tools_3.6.2                
[125] future.apply_1.4.0          rstudioapi_0.11            
[127] uuid_0.1-2                  TFMPvalue_0.0.8            
[129] foreach_1.4.7               RNeXML_2.4.2               
[131] farver_2.0.3                Rtsne_0.15                 
[133] digest_0.6.23               FNN_1.1.3                  
[135] shiny_1.4.0                 broom_0.5.4                
[137] later_1.0.0                 RcppAnnoy_0.0.14           
[139] httr_1.4.1                  AnnotationDbi_1.48.0       
[141] npsurv_0.4-0                kernlab_0.9-29             
[143] colorspace_1.4-1            rvest_0.3.5                
[145] XML_3.99-0.3                fs_1.3.1                   
[147] reticulate_1.14             splines_3.6.2              
[149] statmod_1.4.33              plotly_4.9.1               
[151] xtable_1.8-4                poweRlaw_0.70.2            
[153] jsonlite_1.6.1              R6_2.4.1                   
[155] pillar_1.4.3                htmltools_0.4.0            
[157] mime_0.9                    NMF_0.21.0                 
[159] glue_1.3.1                  fastmap_1.0.1              
[161] BiocNeighbors_1.4.1         codetools_0.2-16           
[163] tsne_0.1-3                  lattice_0.20-38            
[165] ggbeeswarm_0.6.0            leiden_0.3.4               
[167] gtools_3.8.1                GO.db_3.10.0               
[169] survival_3.1-8              limma_3.42.1               
[171] rmarkdown_2.1               munsell_0.5.0              
[173] GetoptLong_0.1.8            GenomeInfoDbData_1.2.2     
[175] iterators_1.0.12            HDF5Array_1.14.1           
[177] haven_2.2.0                 reshape2_1.4.3             
[179] gtable_0.3.0               


------- Log Info


2020-12-03 18:36:51 : plotEnrichHeatmap Input-Parameters, Class = list

plotEnrichHeatmap Input-Parameters$seEnrich: length = 884
class: SummarizedExperiment 
dim: 6 5 
metadata(0):
assays(10): mlog10Padj mlog10p ... CompareFrequency feature
rownames(6): Tcfap2a_1 Tcfap2b_2 ... Tcfap2d_5 Arid3b_6
rowData names(0):
colnames(5): C1_Inj C2_Hybrid hybrid1 hybrid2 resting
colData names(0):


plotEnrichHeatmap Input-Parameters$pal: length = 100
[1] "#E6E7E8" "#E0E4E8" "#DBE2E9" "#D6DFEA" "#D1DDEA" "#CBDAEB"


plotEnrichHeatmap Input-Parameters$n: length = 1
[1] 10


plotEnrichHeatmap Input-Parameters$cutOff: length = 1
[1] 20


plotEnrichHeatmap Input-Parameters$pMax: length = 1
[1] Inf


plotEnrichHeatmap Input-Parameters$clusterCols: length = 1
[1] TRUE


plotEnrichHeatmap Input-Parameters$binaryClusterRows: length = 1
[1] TRUE


plotEnrichHeatmap Input-Parameters$labelRows: length = 1
[1] TRUE


plotEnrichHeatmap Input-Parameters$rastr: length = 1
[1] TRUE


plotEnrichHeatmap Input-Parameters$transpose: length = 1
[1] TRUE


plotEnrichHeatmap Input-Parameters$returnMatrix: length = 1
[1] FALSE


plotEnrichHeatmap Input-Parameters$logFile: length = 1
[1] "ArchRLogs/ArchR-plotEnrichHeatmap-175b85542544c-Date-2020-12-03_Time-18-36-51.log"



2020-12-03 18:36:51 : mat-mlog10Padj, Class = data.frame
mat-mlog10Padj: nRows = 884, nCols = 5
          C1_Inj C2_Hybrid hybrid1 hybrid2   resting
Tcfap2a_1      0  0.000000       0       0 0.0000000
Tcfap2b_2      0  0.000000       0       0 1.9384575
Tcfap2c_3      0  0.000000       0       0 0.7033575
Tcfap2e_4      0  0.000000       0       0 2.7301575
Tcfap2d_5      0  0.000000       0       0 0.0000000
Arid3b_6       0  2.180457       0       0 0.0000000



2020-12-03 18:36:51 : mat-mlog10Padj-Filter, Class = data.frame
mat-mlog10Padj-Filter: nRows = 35, nCols = 5
               C1_Inj C2_Hybrid hybrid1   hybrid2 resting
Smarcc1_843 2531.7534  24.80186       0  9.017457       0
Fos_104     2097.8134  35.54596       0 17.939157       0
Bach1_108   1494.3809  26.03126       0  9.210457       0
Fosb_98     1403.8760  16.07786       0  4.616657       0
Bach2_119   1243.4040  20.10026       0  9.169857       0
Junb_127     975.3414  23.14956       0  6.351757       0



2020-12-03 18:36:51 : passMat, Class = data.frame
passMat: nRows = 35, nCols = 5
            C1_Inj C2_Hybrid hybrid1 hybrid2 resting
Smarcc1_843      1         0       0       0       0
Fos_104          1         0       0       0       0
Bach1_108        1         0       0       0       0
Fosb_98          1         0       0       0       0
Bach2_119        1         0       0       0       0
Junb_127         1         0       0       0       0



2020-12-03 18:36:51 : mat-mlog10Padj-RowScale, Class = list

mat-mlog10Padj-RowScale$mat: nRows = 35, nCols = 5
                   C1_Inj   C2_Hybrid hybrid1     hybrid2 resting
Smarcc1_843 (2532)      1 0.009796317       0 0.003561744       0
Fos_104 (2098)          1 0.016944290       0 0.008551360       0
Bach1_108 (1494)        1 0.017419426       0 0.006163394       0
Fosb_98 (1404)          1 0.011452477       0 0.003288508       0
Bach2_119 (1243)        1 0.016165509       0 0.007374802       0


mat-mlog10Padj-RowScale$min: length = 1
[1] 0


mat-mlog10Padj-RowScale$max: length = 35
[1] 2531.7534 2097.8134 1494.3809 1403.8760 1243.4040  975.3414



2020-12-03 18:36:51 : mat-mlog10Padj-RowScale-Plot, Class = matrix
                 C1_Inj C2_Hybrid  hybrid1  hybrid2 resting
Gm5294_332 (458)      0       100 89.80673 52.79388       0
Foxl1_355 (458)       0       100 89.80673 52.79388       0
Foxa1_306 (453)       0       100 79.63339 57.29748       0
Foxb2_325 (280)       0       100 70.71244 55.89187       0
Foxb1_326 (280)       0       100 70.71244 55.89187       0

mat-mlog10Padj-RowScale-Plot: nRows = 35, nCols = 5

