
           ___      .______        ______  __    __  .______      
          /   \     |   _  \      /      ||  |  |  | |   _  \     
         /  ^  \    |  |_)  |    |  ,----'|  |__|  | |  |_)  |    
        /  /_\  \   |      /     |  |     |   __   | |      /     
       /  _____  \  |  |\  \\___ |  `----.|  |  |  | |  |\  \\___.
      /__/     \__\ | _| `._____| \______||__|  |__| | _| `._____|
    
Logging With ArchR!

Start Time : 2020-12-03 18:33:13

------- ArchR Info

ArchRThreads = 1
ArchRGenome = Mm10

------- System Info

Computer OS = unix
Total Cores = 8

------- Session Info

R version 3.6.2 (2019-12-12)
Platform: x86_64-apple-darwin15.6.0 (64-bit)
Running under: macOS Mojave 10.14.5

Matrix products: default
BLAS:   /Library/Frameworks/R.framework/Versions/3.6/Resources/lib/libRblas.0.dylib
LAPACK: /Library/Frameworks/R.framework/Versions/3.6/Resources/lib/libRlapack.dylib

locale:
[1] en_US.UTF-8/en_US.UTF-8/en_US.UTF-8/C/en_US.UTF-8/en_US.UTF-8

attached base packages:
 [1] grid      parallel  stats4    stats     graphics  grDevices utils    
 [8] datasets  methods   base     

other attached packages:
 [1] presto_1.0.0                       nabor_0.5.0                       
 [3] BSgenome.Mmusculus.UCSC.mm10_1.4.0 BSgenome_1.54.0                   
 [5] rtracklayer_1.46.0                 Biostrings_2.54.0                 
 [7] XVector_0.26.0                     ggalluvial_0.12.0                 
 [9] ArchR_0.9.5                        magrittr_1.5                      
[11] rhdf5_2.30.1                       data.table_1.12.8                 
[13] patchwork_1.0.0                    Seurat_3.1.5                      
[15] Signac_0.2.5                       harmony_1.0                       
[17] Rcpp_1.0.3                         scater_1.14.6                     
[19] uwot_0.1.5                         scran_1.14.5                      
[21] forcats_0.4.0                      stringr_1.4.0                     
[23] dplyr_0.8.4                        purrr_0.3.3                       
[25] readr_1.3.1                        tidyr_1.0.2                       
[27] tibble_2.1.3                       tidyverse_1.3.0                   
[29] irlba_2.3.3                        Matrix_1.2-18                     
[31] gridExtra_2.3                      wesanderson_0.3.6                 
[33] pheatmap_1.0.12                    ggplot2_3.3.2                     
[35] RColorBrewer_1.1-2                 clusterExperiment_2.6.1           
[37] bigmemory_4.5.36                   rgl_0.100.30                      
[39] cowplot_1.0.0                      SingleCellExperiment_1.8.0        
[41] SummarizedExperiment_1.16.1        DelayedArray_0.12.2               
[43] BiocParallel_1.20.1                matrixStats_0.56.0                
[45] Biobase_2.46.0                     GenomicRanges_1.38.0              
[47] GenomeInfoDb_1.22.0                IRanges_2.20.2                    
[49] S4Vectors_0.24.3                   BiocGenerics_0.32.0               
[51] slingshot_1.5.2                    princurve_2.1.4                   

loaded via a namespace (and not attached):
  [1] pkgmaker_0.31            bit64_0.9-7              knitr_1.28              
  [4] RCurl_1.98-1.1           doParallel_1.0.15        generics_0.0.2          
  [7] RSQLite_2.2.0            RANN_2.6.1               future_1.16.0           
 [10] ggfittext_0.9.0          bit_1.1-15.2             phylobase_0.8.6         
 [13] webshot_0.5.2            xml2_1.3.2               lubridate_1.7.4         
 [16] httpuv_1.5.2             assertthat_0.2.1         viridis_0.5.1           
 [19] xfun_0.12                hms_0.5.3                evaluate_0.14           
 [22] promises_1.1.0           fansi_0.4.1              progress_1.2.2          
 [25] caTools_1.18.0           dbplyr_1.4.2             readxl_1.3.1            
 [28] igraph_1.2.4.2           DBI_1.1.0                htmlwidgets_1.5.1       
 [31] ellipsis_0.3.0           gggenes_0.4.0            RSpectra_0.16-0         
 [34] crosstalk_1.0.0          backports_1.1.5          annotate_1.64.0         
 [37] gridBase_0.4-7           locfdr_1.1-8             RcppParallel_4.4.4      
 [40] vctrs_0.2.2              Cairo_1.5-10             here_0.1                
 [43] ROCR_1.0-7               withr_2.1.2              sctransform_0.2.1       
 [46] GenomicAlignments_1.22.1 prettyunits_1.1.1        softImpute_1.4          
 [49] cluster_2.1.0            ape_5.3                  lazyeval_0.2.2          
 [52] crayon_1.3.4             genefilter_1.68.0        labeling_0.3            
 [55] edgeR_3.28.0             pkgconfig_2.0.3          nlme_3.1-142            
 [58] vipor_0.4.5              rlang_0.4.4.9000         globals_0.12.5          
 [61] lifecycle_0.1.0          miniUI_0.1.1.1           registry_0.5-1          
 [64] bigmemory.sri_0.1.3      modelr_0.1.5             rsvd_1.0.2              
 [67] cellranger_1.1.0         rprojroot_1.3-2          lmtest_0.9-37           
 [70] rngtools_1.5             ggseqlogo_0.1            Rhdf5lib_1.8.0          
 [73] zoo_1.8-7                reprex_0.3.0             beeswarm_0.2.3          
 [76] ggridges_0.5.2           png_0.1-7                viridisLite_0.3.0       
 [79] bitops_1.0-6             rncl_0.8.3               KernSmooth_2.23-16      
 [82] blob_1.2.1               DelayedMatrixStats_1.8.0 manipulateWidget_0.10.0 
 [85] zinbwave_1.11.6          scales_1.1.0             memoise_1.1.0           
 [88] plyr_1.8.5               ica_1.0-2                howmany_0.3-1           
 [91] gplots_3.0.1.2           bibtex_0.4.2.2           gdata_2.18.0            
 [94] zlibbioc_1.32.0          compiler_3.6.2           lsei_1.2-0              
 [97] dqrng_0.2.1              fitdistrplus_1.0-14      Rsamtools_2.2.1         
[100] cli_2.0.1                ade4_1.7-13              listenv_0.8.0           
[103] pbapply_1.4-2            MASS_7.3-51.4            tidyselect_1.0.0        
[106] stringi_1.4.5            yaml_2.2.1               BiocSingular_1.2.1      
[109] locfit_1.5-9.1           ggrepel_0.8.1            tools_3.6.2             
[112] future.apply_1.4.0       rstudioapi_0.11          uuid_0.1-2              
[115] foreach_1.4.7            RNeXML_2.4.2             farver_2.0.3            
[118] Rtsne_0.15               digest_0.6.23            FNN_1.1.3               
[121] shiny_1.4.0              broom_0.5.4              later_1.0.0             
[124] RcppAnnoy_0.0.14         httr_1.4.1               AnnotationDbi_1.48.0    
[127] npsurv_0.4-0             kernlab_0.9-29           colorspace_1.4-1        
[130] rvest_0.3.5              XML_3.99-0.3             fs_1.3.1                
[133] reticulate_1.14          splines_3.6.2            statmod_1.4.33          
[136] plotly_4.9.1             xtable_1.8-4             jsonlite_1.6.1          
[139] R6_2.4.1                 pillar_1.4.3             htmltools_0.4.0         
[142] mime_0.9                 NMF_0.21.0               glue_1.3.1              
[145] fastmap_1.0.1            BiocNeighbors_1.4.1      codetools_0.2-16        
[148] tsne_0.1-3               lattice_0.20-38          ggbeeswarm_0.6.0        
[151] leiden_0.3.4             gtools_3.8.1             survival_3.1-8          
[154] limma_3.42.1             rmarkdown_2.1            munsell_0.5.0           
[157] GenomeInfoDbData_1.2.2   iterators_1.0.12         HDF5Array_1.14.1        
[160] haven_2.2.0              reshape2_1.4.3           gtable_0.3.0            


------- Log Info


2020-12-03 18:33:13 : markerHeatmap Input-Parameters, Class = list

markerHeatmap Input-Parameters$seMarker: length = 190052
class: SummarizedExperiment 
dim: 6 5 
metadata(2): MatchInfo Params
assays(7): Log2FC Mean ... AUC MeanBGD
rownames(6): 1 2 ... 5 6
rowData names(4): seqnames idx start end
colnames(5): C1_Inj C2_Hybrid hybrid1 hybrid2 resting
colData names(0):


markerHeatmap Input-Parameters$cutOff: length = 1
[1] "FDR <= 0.01 & Log2FC >= 1.25"


markerHeatmap Input-Parameters$log2Norm: length = 1
[1] TRUE


markerHeatmap Input-Parameters$scaleTo: length = 1
[1] 10000


markerHeatmap Input-Parameters$scaleRows: length = 1
[1] TRUE


markerHeatmap Input-Parameters$plotLog2FC: length = 1
[1] FALSE


markerHeatmap Input-Parameters$limits: length = 2
[1] -2  2


markerHeatmap Input-Parameters$grepExclude: length = 0
NULL


markerHeatmap Input-Parameters$pal: length = 0
NULL


markerHeatmap Input-Parameters$binaryClusterRows: length = 1
[1] TRUE


markerHeatmap Input-Parameters$clusterCols: length = 1
[1] TRUE


markerHeatmap Input-Parameters$labelMarkers: length = 0
NULL


markerHeatmap Input-Parameters$nLabel: length = 0
NULL


markerHeatmap Input-Parameters$nPrint: length = 1
[1] 20


markerHeatmap Input-Parameters$labelRows: length = 1
[1] FALSE


markerHeatmap Input-Parameters$returnMatrix: length = 1
[1] FALSE


markerHeatmap Input-Parameters$transpose: length = 1
[1] TRUE


markerHeatmap Input-Parameters$invert: length = 1
[1] FALSE


markerHeatmap Input-Parameters$logFile: length = 1
[1] "ArchRLogs/ArchR-plotMarkerHeatmap-175b8109c443d-Date-2020-12-03_Time-18-33-13.log"



2020-12-03 18:33:14 : passMat, Class = matrix
  C1_Inj C2_Hybrid hybrid1 hybrid2 resting
1  FALSE     FALSE   FALSE   FALSE   FALSE
2  FALSE     FALSE   FALSE   FALSE   FALSE
3  FALSE     FALSE   FALSE   FALSE   FALSE
4  FALSE     FALSE   FALSE   FALSE   FALSE
5  FALSE     FALSE   FALSE   FALSE   FALSE

passMat: nRows = 190052, nCols = 5


2020-12-03 18:33:15 : mat, Class = matrix
      C1_Inj  C2_Hybrid    hybrid1       hybrid2    resting
1 -0.8356110  1.0301643 -0.3604232  1.1068623086 -0.9409925
2 -0.6265714 -0.4068930  0.8062630  1.2896057782 -1.0624045
3  0.1273816  1.1818887 -1.4689017 -0.3765283406  0.5361597
4 -1.0949904  0.7763609  0.7137143  0.6999055645 -1.0949904
5 -0.4089712 -0.3846791 -0.9017365  0.0007969092  1.6945900

mat: nRows = 190052, nCols = 5


2020-12-03 18:33:15 : mat-plot, Class = matrix
                           C1_Inj  C2_Hybrid    hybrid1   hybrid2    resting
chr12:3719272-3719772   0.2424462  0.1460536 -0.2810854 1.3310509 -1.4384654
chr12:56779565-56780065 1.1271719 -0.2329303 -0.7747799 0.9570797 -1.0765414
chr17:56909708-56910208 0.4521092 -0.8139831  1.1095756 0.5267994 -1.2745011
chr3:82707505-82708005  0.5361671 -0.5180256 -0.9114970 1.4988910 -0.6055356
chr5:53101942-53102442  0.8629325 -0.4338134 -0.7610933 1.2688894 -0.9369152

mat-plot: nRows = 20658, nCols = 5


------- Completed

End Time : 2020-12-03 18:33:15
Elapsed Time Minutes = 0.0413934350013733
Elapsed Time Hours = 0.000689969460169474

-------



